2023-08-01 18:06:58,408 - INFO - 2023-08-01 18:06:58.408587 : E5GetMatchsStats start -----
2023-08-01 18:10:07,060 - INFO - 2023-08-01 18:10:07.060995 : E5GetMatchsStats start -----
2023-08-01 18:19:40,462 - INFO - 2023-08-01 18:19:40.461278 : E5GetMatchsStats start -----
2023-08-01 18:20:27,285 - INFO - 2023-08-01 18:20:27.285059 : E5GetMatchsStats start -----
2023-08-01 18:27:05,300 - INFO - 2023-08-01 18:27:05.300079 : E5GetMatchsStats start -----
2023-08-01 18:27:47,045 - INFO - 2023-08-01 18:27:47.045422 : E5GetMatchsStats start -----
2023-08-01 18:46:58,027 - INFO - 2023-08-01 18:46:58.026190 : GetTeams start -----
2023-08-01 18:46:59,123 - WARNING - Error getting version of chromedriver 115. Retrying with chromedriver 114 (attempt 1/5)
2023-08-01 19:03:20,261 - INFO - 2023-08-01 19:03:20.257872 : GetTeams end -----
2023-08-01 19:06:59,801 - INFO - 2023-08-01 19:06:59.801779 : GetTeams start -----
2023-08-01 19:07:10,346 - INFO - 2023-08-01 19:07:10.346107 : E5GetMatchsStats start -----
2023-08-01 19:14:09,476 - INFO - 2023-08-01 19:14:09.476375 : E5GetMatchsStats start -----
2023-08-01 19:16:36,462 - INFO - 2023-08-01 19:16:36.462508 : E5GetMatchsStats start -----
2023-08-01 19:21:08,497 - INFO - 2023-08-01 19:21:08.497306 : E5GetMatchsStats start -----
2023-08-02 18:35:43,808 - INFO - 2023-08-02 18:35:43.808637 : E5GetMatchsStats start -----
2023-08-02 18:47:03,259 - WARNING - Error getting version of chromedriver 115. Retrying with chromedriver 114 (attempt 1/5)
2023-08-02 20:38:32,509 - INFO - 2023-08-02 20:38:32.509343 : E5GetMatchsStats start -----
2023-08-02 20:38:40,731 - INFO - 2023-08-02 20:38:40.731806 : E5GetMatchsStats start -----
2023-08-05 19:01:49,959 - INFO - 2023-08-05 19:01:49.959512 : GetSeasons start -----
2023-08-05 19:01:51,113 - WARNING - Error getting version of chromedriver 115. Retrying with chromedriver 114 (attempt 1/5)
2023-08-05 19:15:19,414 - INFO - 2023-08-05 19:15:19.410331 : GetSeasons end -----
2023-08-05 22:48:30,624 - INFO - 2023-08-05 22:48:30.624857 : E5GetMatchsStats start -----
2023-08-05 22:50:05,404 - INFO - 2023-08-05 22:50:05.404505 : E5GetMatchsStats start -----
2023-08-05 22:50:19,458 - WARNING - E5GetMatchsStats.execute() - GetMatchsStats.get_matchs_stats() : E5SeleniumWebdriverError.ERROR_TYPE_GET_MATCHS_FAILED : E5Team matching query does not exist.
2023-08-05 22:50:53,247 - WARNING - E5GetMatchsStats.execute() - GetMatchsStats.get_matchs_stats() : E5SeleniumWebdriverError.ERROR_TYPE_GET_MATCHS_FAILED : E5Team matching query does not exist.
2023-08-05 22:52:00,122 - WARNING - E5GetMatchsStats.execute() - GetMatchsStats.get_matchs_stats() : E5SeleniumWebdriverError.ERROR_TYPE_GET_MATCHS_FAILED : E5Team matching query does not exist.
2023-08-05 22:52:15,099 - WARNING - E5GetMatchsStats.execute() - GetMatchsStats.get_matchs_stats() : E5SeleniumWebdriverError.ERROR_TYPE_GET_MATCHS_FAILED : E5Team matching query does not exist.
2023-08-05 22:54:14,095 - WARNING - E5GetMatchsStats.execute() - GetMatchsStats.get_matchs_stats() : E5SeleniumWebdriverError.ERROR_TYPE_GET_MATCHS_FAILED : E5Team matching query does not exist.
2023-08-05 22:54:46,825 - WARNING - E5GetMatchsStats.execute() - GetMatchsStats.get_matchs_stats() : E5SeleniumWebdriverError.ERROR_TYPE_GET_MATCHS_FAILED : E5Team matching query does not exist.
2023-08-05 22:55:20,131 - WARNING - E5GetMatchsStats.execute() - GetMatchsStats.get_matchs_stats() : E5SeleniumWebdriverError.ERROR_TYPE_GET_MATCHS_FAILED : E5Team matching query does not exist.
2023-08-05 22:55:39,741 - WARNING - E5GetMatchsStats.execute() - GetMatchsStats.get_matchs_stats() : E5SeleniumWebdriverError.ERROR_TYPE_GET_MATCHS_FAILED : E5Team matching query does not exist.
2023-08-05 22:55:56,254 - WARNING - E5GetMatchsStats.execute() - GetMatchsStats.get_matchs_stats() : E5SeleniumWebdriverError.ERROR_TYPE_GET_MATCHS_FAILED : E5Team matching query does not exist.
2023-08-05 22:56:25,750 - WARNING - E5GetMatchsStats.execute() - GetMatchsStats.get_matchs_stats() : E5SeleniumWebdriverError.ERROR_TYPE_GET_MATCHS_FAILED : E5Team matching query does not exist.
2023-08-05 22:56:53,430 - WARNING - E5GetMatchsStats.execute() - GetMatchsStats.get_matchs_stats() : E5SeleniumWebdriverError.ERROR_TYPE_GET_MATCHS_FAILED : E5Team matching query does not exist.
2023-08-05 22:57:38,005 - WARNING - E5GetMatchsStats.execute() - GetMatchsStats.get_matchs_stats() : E5SeleniumWebdriverError.ERROR_TYPE_GET_MATCHS_FAILED : Message: no such element: Unable to locate element: {"method":"css selector","selector":"th a"}
  (Session info: chrome=115.0.5790.170); For documentation on this error, please visit: https://www.selenium.dev/documentation/webdriver/troubleshooting/errors#no-such-element-exception
Stacktrace:
Backtrace:
	GetHandleVerifier [0x0051A813+48355]
	(No symbol) [0x004AC4B1]
	(No symbol) [0x003B5358]
	(No symbol) [0x003E09A5]
	(No symbol) [0x003E0B3B]
	(No symbol) [0x003D9AE1]
	(No symbol) [0x003FA784]
	(No symbol) [0x003D9A36]
	(No symbol) [0x003FAA94]
	(No symbol) [0x0040C922]
	(No symbol) [0x003FA536]
	(No symbol) [0x003D82DC]
	(No symbol) [0x003D93DD]
	GetHandleVerifier [0x0077AABD+2539405]
	GetHandleVerifier [0x007BA78F+2800735]
	GetHandleVerifier [0x007B456C+2775612]
	GetHandleVerifier [0x005A51E0+616112]
	(No symbol) [0x004B5F8C]
	(No symbol) [0x004B2328]
	(No symbol) [0x004B240B]
	(No symbol) [0x004A4FF7]
	BaseThreadInitThunk [0x757A7D59+25]
	RtlInitializeExceptionChain [0x7760B79B+107]
	RtlClearBits [0x7760B71F+191]

2023-08-05 22:57:52,127 - WARNING - E5GetMatchsStats.execute() - GetMatchsStats.get_matchs_stats() : E5SeleniumWebdriverError.ERROR_TYPE_GET_MATCHS_FAILED : Message: no such element: Unable to locate element: {"method":"css selector","selector":"th a"}
  (Session info: chrome=115.0.5790.170); For documentation on this error, please visit: https://www.selenium.dev/documentation/webdriver/troubleshooting/errors#no-such-element-exception
Stacktrace:
Backtrace:
	GetHandleVerifier [0x0051A813+48355]
	(No symbol) [0x004AC4B1]
	(No symbol) [0x003B5358]
	(No symbol) [0x003E09A5]
	(No symbol) [0x003E0B3B]
	(No symbol) [0x003D9AE1]
	(No symbol) [0x003FA784]
	(No symbol) [0x003D9A36]
	(No symbol) [0x003FAA94]
	(No symbol) [0x0040C922]
	(No symbol) [0x003FA536]
	(No symbol) [0x003D82DC]
	(No symbol) [0x003D93DD]
	GetHandleVerifier [0x0077AABD+2539405]
	GetHandleVerifier [0x007BA78F+2800735]
	GetHandleVerifier [0x007B456C+2775612]
	GetHandleVerifier [0x005A51E0+616112]
	(No symbol) [0x004B5F8C]
	(No symbol) [0x004B2328]
	(No symbol) [0x004B240B]
	(No symbol) [0x004A4FF7]
	BaseThreadInitThunk [0x757A7D59+25]
	RtlInitializeExceptionChain [0x7760B79B+107]
	RtlClearBits [0x7760B71F+191]

2023-08-05 22:58:06,118 - WARNING - E5GetMatchsStats.execute() - GetMatchsStats.get_matchs_stats() : E5SeleniumWebdriverError.ERROR_TYPE_GET_MATCHS_FAILED : Message: no such element: Unable to locate element: {"method":"css selector","selector":"th a"}
  (Session info: chrome=115.0.5790.170); For documentation on this error, please visit: https://www.selenium.dev/documentation/webdriver/troubleshooting/errors#no-such-element-exception
Stacktrace:
Backtrace:
	GetHandleVerifier [0x0051A813+48355]
	(No symbol) [0x004AC4B1]
	(No symbol) [0x003B5358]
	(No symbol) [0x003E09A5]
	(No symbol) [0x003E0B3B]
	(No symbol) [0x003D9AE1]
	(No symbol) [0x003FA784]
	(No symbol) [0x003D9A36]
	(No symbol) [0x003FAA94]
	(No symbol) [0x0040C922]
	(No symbol) [0x003FA536]
	(No symbol) [0x003D82DC]
	(No symbol) [0x003D93DD]
	GetHandleVerifier [0x0077AABD+2539405]
	GetHandleVerifier [0x007BA78F+2800735]
	GetHandleVerifier [0x007B456C+2775612]
	GetHandleVerifier [0x005A51E0+616112]
	(No symbol) [0x004B5F8C]
	(No symbol) [0x004B2328]
	(No symbol) [0x004B240B]
	(No symbol) [0x004A4FF7]
	BaseThreadInitThunk [0x757A7D59+25]
	RtlInitializeExceptionChain [0x7760B79B+107]
	RtlClearBits [0x7760B71F+191]

2023-08-05 22:58:20,765 - WARNING - E5GetMatchsStats.execute() - GetMatchsStats.get_matchs_stats() : E5SeleniumWebdriverError.ERROR_TYPE_GET_MATCHS_FAILED : Message: no such element: Unable to locate element: {"method":"css selector","selector":"th a"}
  (Session info: chrome=115.0.5790.170); For documentation on this error, please visit: https://www.selenium.dev/documentation/webdriver/troubleshooting/errors#no-such-element-exception
Stacktrace:
Backtrace:
	GetHandleVerifier [0x0051A813+48355]
	(No symbol) [0x004AC4B1]
	(No symbol) [0x003B5358]
	(No symbol) [0x003E09A5]
	(No symbol) [0x003E0B3B]
	(No symbol) [0x003D9AE1]
	(No symbol) [0x003FA784]
	(No symbol) [0x003D9A36]
	(No symbol) [0x003FAA94]
	(No symbol) [0x0040C922]
	(No symbol) [0x003FA536]
	(No symbol) [0x003D82DC]
	(No symbol) [0x003D93DD]
	GetHandleVerifier [0x0077AABD+2539405]
	GetHandleVerifier [0x007BA78F+2800735]
	GetHandleVerifier [0x007B456C+2775612]
	GetHandleVerifier [0x005A51E0+616112]
	(No symbol) [0x004B5F8C]
	(No symbol) [0x004B2328]
	(No symbol) [0x004B240B]
	(No symbol) [0x004A4FF7]
	BaseThreadInitThunk [0x757A7D59+25]
	RtlInitializeExceptionChain [0x7760B79B+107]
	RtlClearBits [0x7760B71F+191]

2023-08-05 22:58:35,191 - WARNING - E5GetMatchsStats.execute() - GetMatchsStats.get_matchs_stats() : E5SeleniumWebdriverError.ERROR_TYPE_GET_MATCHS_FAILED : Message: no such element: Unable to locate element: {"method":"css selector","selector":"th a"}
  (Session info: chrome=115.0.5790.170); For documentation on this error, please visit: https://www.selenium.dev/documentation/webdriver/troubleshooting/errors#no-such-element-exception
Stacktrace:
Backtrace:
	GetHandleVerifier [0x0051A813+48355]
	(No symbol) [0x004AC4B1]
	(No symbol) [0x003B5358]
	(No symbol) [0x003E09A5]
	(No symbol) [0x003E0B3B]
	(No symbol) [0x003D9AE1]
	(No symbol) [0x003FA784]
	(No symbol) [0x003D9A36]
	(No symbol) [0x003FAA94]
	(No symbol) [0x0040C922]
	(No symbol) [0x003FA536]
	(No symbol) [0x003D82DC]
	(No symbol) [0x003D93DD]
	GetHandleVerifier [0x0077AABD+2539405]
	GetHandleVerifier [0x007BA78F+2800735]
	GetHandleVerifier [0x007B456C+2775612]
	GetHandleVerifier [0x005A51E0+616112]
	(No symbol) [0x004B5F8C]
	(No symbol) [0x004B2328]
	(No symbol) [0x004B240B]
	(No symbol) [0x004A4FF7]
	BaseThreadInitThunk [0x757A7D59+25]
	RtlInitializeExceptionChain [0x7760B79B+107]
	RtlClearBits [0x7760B71F+191]

2023-08-05 22:58:48,327 - WARNING - E5GetMatchsStats.execute() - GetMatchsStats.get_matchs_stats() : E5SeleniumWebdriverError.ERROR_TYPE_GET_MATCHS_FAILED : Message: no such element: Unable to locate element: {"method":"css selector","selector":"th a"}
  (Session info: chrome=115.0.5790.170); For documentation on this error, please visit: https://www.selenium.dev/documentation/webdriver/troubleshooting/errors#no-such-element-exception
Stacktrace:
Backtrace:
	GetHandleVerifier [0x0051A813+48355]
	(No symbol) [0x004AC4B1]
	(No symbol) [0x003B5358]
	(No symbol) [0x003E09A5]
	(No symbol) [0x003E0B3B]
	(No symbol) [0x003D9AE1]
	(No symbol) [0x003FA784]
	(No symbol) [0x003D9A36]
	(No symbol) [0x003FAA94]
	(No symbol) [0x0040C922]
	(No symbol) [0x003FA536]
	(No symbol) [0x003D82DC]
	(No symbol) [0x003D93DD]
	GetHandleVerifier [0x0077AABD+2539405]
	GetHandleVerifier [0x007BA78F+2800735]
	GetHandleVerifier [0x007B456C+2775612]
	GetHandleVerifier [0x005A51E0+616112]
	(No symbol) [0x004B5F8C]
	(No symbol) [0x004B2328]
	(No symbol) [0x004B240B]
	(No symbol) [0x004A4FF7]
	BaseThreadInitThunk [0x757A7D59+25]
	RtlInitializeExceptionChain [0x7760B79B+107]
	RtlClearBits [0x7760B71F+191]

2023-08-05 22:59:02,921 - WARNING - E5GetMatchsStats.execute() - GetMatchsStats.get_matchs_stats() : E5SeleniumWebdriverError.ERROR_TYPE_GET_MATCHS_FAILED : Message: no such element: Unable to locate element: {"method":"css selector","selector":"th a"}
  (Session info: chrome=115.0.5790.170); For documentation on this error, please visit: https://www.selenium.dev/documentation/webdriver/troubleshooting/errors#no-such-element-exception
Stacktrace:
Backtrace:
	GetHandleVerifier [0x0051A813+48355]
	(No symbol) [0x004AC4B1]
	(No symbol) [0x003B5358]
	(No symbol) [0x003E09A5]
	(No symbol) [0x003E0B3B]
	(No symbol) [0x003D9AE1]
	(No symbol) [0x003FA784]
	(No symbol) [0x003D9A36]
	(No symbol) [0x003FAA94]
	(No symbol) [0x0040C922]
	(No symbol) [0x003FA536]
	(No symbol) [0x003D82DC]
	(No symbol) [0x003D93DD]
	GetHandleVerifier [0x0077AABD+2539405]
	GetHandleVerifier [0x007BA78F+2800735]
	GetHandleVerifier [0x007B456C+2775612]
	GetHandleVerifier [0x005A51E0+616112]
	(No symbol) [0x004B5F8C]
	(No symbol) [0x004B2328]
	(No symbol) [0x004B240B]
	(No symbol) [0x004A4FF7]
	BaseThreadInitThunk [0x757A7D59+25]
	RtlInitializeExceptionChain [0x7760B79B+107]
	RtlClearBits [0x7760B71F+191]

2023-08-05 22:59:15,050 - WARNING - E5GetMatchsStats.execute() - GetMatchsStats.get_matchs_stats() : E5SeleniumWebdriverError.ERROR_TYPE_GET_MATCHS_FAILED : E5Team matching query does not exist.
2023-08-05 22:59:28,985 - WARNING - E5GetMatchsStats.execute() - GetMatchsStats.get_matchs_stats() : E5SeleniumWebdriverError.ERROR_TYPE_GET_MATCHS_FAILED : Message: no such element: Unable to locate element: {"method":"css selector","selector":"th a"}
  (Session info: chrome=115.0.5790.170); For documentation on this error, please visit: https://www.selenium.dev/documentation/webdriver/troubleshooting/errors#no-such-element-exception
Stacktrace:
Backtrace:
	GetHandleVerifier [0x0051A813+48355]
	(No symbol) [0x004AC4B1]
	(No symbol) [0x003B5358]
	(No symbol) [0x003E09A5]
	(No symbol) [0x003E0B3B]
	(No symbol) [0x003D9AE1]
	(No symbol) [0x003FA784]
	(No symbol) [0x003D9A36]
	(No symbol) [0x003FAA94]
	(No symbol) [0x0040C922]
	(No symbol) [0x003FA536]
	(No symbol) [0x003D82DC]
	(No symbol) [0x003D93DD]
	GetHandleVerifier [0x0077AABD+2539405]
	GetHandleVerifier [0x007BA78F+2800735]
	GetHandleVerifier [0x007B456C+2775612]
	GetHandleVerifier [0x005A51E0+616112]
	(No symbol) [0x004B5F8C]
	(No symbol) [0x004B2328]
	(No symbol) [0x004B240B]
	(No symbol) [0x004A4FF7]
	BaseThreadInitThunk [0x757A7D59+25]
	RtlInitializeExceptionChain [0x7760B79B+107]
	RtlClearBits [0x7760B71F+191]

2023-08-05 22:59:43,275 - WARNING - E5GetMatchsStats.execute() - GetMatchsStats.get_matchs_stats() : E5SeleniumWebdriverError.ERROR_TYPE_GET_MATCHS_FAILED : Message: no such element: Unable to locate element: {"method":"css selector","selector":"th a"}
  (Session info: chrome=115.0.5790.170); For documentation on this error, please visit: https://www.selenium.dev/documentation/webdriver/troubleshooting/errors#no-such-element-exception
Stacktrace:
Backtrace:
	GetHandleVerifier [0x0051A813+48355]
	(No symbol) [0x004AC4B1]
	(No symbol) [0x003B5358]
	(No symbol) [0x003E09A5]
	(No symbol) [0x003E0B3B]
	(No symbol) [0x003D9AE1]
	(No symbol) [0x003FA784]
	(No symbol) [0x003D9A36]
	(No symbol) [0x003FAA94]
	(No symbol) [0x0040C922]
	(No symbol) [0x003FA536]
	(No symbol) [0x003D82DC]
	(No symbol) [0x003D93DD]
	GetHandleVerifier [0x0077AABD+2539405]
	GetHandleVerifier [0x007BA78F+2800735]
	GetHandleVerifier [0x007B456C+2775612]
	GetHandleVerifier [0x005A51E0+616112]
	(No symbol) [0x004B5F8C]
	(No symbol) [0x004B2328]
	(No symbol) [0x004B240B]
	(No symbol) [0x004A4FF7]
	BaseThreadInitThunk [0x757A7D59+25]
	RtlInitializeExceptionChain [0x7760B79B+107]
	RtlClearBits [0x7760B71F+191]

2023-08-05 22:59:56,569 - WARNING - E5GetMatchsStats.execute() - GetMatchsStats.get_matchs_stats() : E5SeleniumWebdriverError.ERROR_TYPE_GET_MATCHS_FAILED : Message: no such element: Unable to locate element: {"method":"css selector","selector":"th a"}
  (Session info: chrome=115.0.5790.170); For documentation on this error, please visit: https://www.selenium.dev/documentation/webdriver/troubleshooting/errors#no-such-element-exception
Stacktrace:
Backtrace:
	GetHandleVerifier [0x0051A813+48355]
	(No symbol) [0x004AC4B1]
	(No symbol) [0x003B5358]
	(No symbol) [0x003E09A5]
	(No symbol) [0x003E0B3B]
	(No symbol) [0x003D9AE1]
	(No symbol) [0x003FA784]
	(No symbol) [0x003D9A36]
	(No symbol) [0x003FAA94]
	(No symbol) [0x0040C922]
	(No symbol) [0x003FA536]
	(No symbol) [0x003D82DC]
	(No symbol) [0x003D93DD]
	GetHandleVerifier [0x0077AABD+2539405]
	GetHandleVerifier [0x007BA78F+2800735]
	GetHandleVerifier [0x007B456C+2775612]
	GetHandleVerifier [0x005A51E0+616112]
	(No symbol) [0x004B5F8C]
	(No symbol) [0x004B2328]
	(No symbol) [0x004B240B]
	(No symbol) [0x004A4FF7]
	BaseThreadInitThunk [0x757A7D59+25]
	RtlInitializeExceptionChain [0x7760B79B+107]
	RtlClearBits [0x7760B71F+191]

2023-08-05 23:00:11,551 - WARNING - E5GetMatchsStats.execute() - GetMatchsStats.get_matchs_stats() : E5SeleniumWebdriverError.ERROR_TYPE_GET_MATCHS_FAILED : Message: no such element: Unable to locate element: {"method":"css selector","selector":"th a"}
  (Session info: chrome=115.0.5790.170); For documentation on this error, please visit: https://www.selenium.dev/documentation/webdriver/troubleshooting/errors#no-such-element-exception
Stacktrace:
Backtrace:
	GetHandleVerifier [0x0051A813+48355]
	(No symbol) [0x004AC4B1]
	(No symbol) [0x003B5358]
	(No symbol) [0x003E09A5]
	(No symbol) [0x003E0B3B]
	(No symbol) [0x003D9AE1]
	(No symbol) [0x003FA784]
	(No symbol) [0x003D9A36]
	(No symbol) [0x003FAA94]
	(No symbol) [0x0040C922]
	(No symbol) [0x003FA536]
	(No symbol) [0x003D82DC]
	(No symbol) [0x003D93DD]
	GetHandleVerifier [0x0077AABD+2539405]
	GetHandleVerifier [0x007BA78F+2800735]
	GetHandleVerifier [0x007B456C+2775612]
	GetHandleVerifier [0x005A51E0+616112]
	(No symbol) [0x004B5F8C]
	(No symbol) [0x004B2328]
	(No symbol) [0x004B240B]
	(No symbol) [0x004A4FF7]
	BaseThreadInitThunk [0x757A7D59+25]
	RtlInitializeExceptionChain [0x7760B79B+107]
	RtlClearBits [0x7760B71F+191]

2023-08-05 23:00:32,991 - WARNING - E5GetMatchsStats.execute() - GetMatchsStats.get_matchs_stats() : E5SeleniumWebdriverError.ERROR_TYPE_GET_MATCHS_FAILED : E5Team matching query does not exist.
2023-08-05 23:00:50,712 - WARNING - E5GetMatchsStats.execute() - GetMatchsStats.get_matchs_stats() : E5SeleniumWebdriverError.ERROR_TYPE_GET_MATCHS_FAILED : Message: no such element: Unable to locate element: {"method":"css selector","selector":"th a"}
  (Session info: chrome=115.0.5790.170); For documentation on this error, please visit: https://www.selenium.dev/documentation/webdriver/troubleshooting/errors#no-such-element-exception
Stacktrace:
Backtrace:
	GetHandleVerifier [0x0051A813+48355]
	(No symbol) [0x004AC4B1]
	(No symbol) [0x003B5358]
	(No symbol) [0x003E09A5]
	(No symbol) [0x003E0B3B]
	(No symbol) [0x003D9AE1]
	(No symbol) [0x003FA784]
	(No symbol) [0x003D9A36]
	(No symbol) [0x003FAA94]
	(No symbol) [0x0040C922]
	(No symbol) [0x003FA536]
	(No symbol) [0x003D82DC]
	(No symbol) [0x003D93DD]
	GetHandleVerifier [0x0077AABD+2539405]
	GetHandleVerifier [0x007BA78F+2800735]
	GetHandleVerifier [0x007B456C+2775612]
	GetHandleVerifier [0x005A51E0+616112]
	(No symbol) [0x004B5F8C]
	(No symbol) [0x004B2328]
	(No symbol) [0x004B240B]
	(No symbol) [0x004A4FF7]
	BaseThreadInitThunk [0x757A7D59+25]
	RtlInitializeExceptionChain [0x7760B79B+107]
	RtlClearBits [0x7760B71F+191]

2023-08-05 23:01:12,356 - WARNING - E5GetMatchsStats.execute() - GetMatchsStats.get_matchs_stats() : E5SeleniumWebdriverError.ERROR_TYPE_GET_MATCHS_FAILED : E5Team matching query does not exist.
2023-08-05 23:01:24,774 - WARNING - E5GetMatchsStats.execute() - GetMatchsStats.get_matchs_stats() : E5SeleniumWebdriverError.ERROR_TYPE_GET_MATCHS_FAILED : E5Team matching query does not exist.
2023-08-05 23:01:59,371 - WARNING - E5GetMatchsStats.execute() - GetMatchsStats.get_matchs_stats() : E5SeleniumWebdriverError.ERROR_TYPE_GET_MATCHS_FAILED : Message: no such element: Unable to locate element: {"method":"css selector","selector":"th a"}
  (Session info: chrome=115.0.5790.170); For documentation on this error, please visit: https://www.selenium.dev/documentation/webdriver/troubleshooting/errors#no-such-element-exception
Stacktrace:
Backtrace:
	GetHandleVerifier [0x0051A813+48355]
	(No symbol) [0x004AC4B1]
	(No symbol) [0x003B5358]
	(No symbol) [0x003E09A5]
	(No symbol) [0x003E0B3B]
	(No symbol) [0x003D9AE1]
	(No symbol) [0x003FA784]
	(No symbol) [0x003D9A36]
	(No symbol) [0x003FAA94]
	(No symbol) [0x0040C922]
	(No symbol) [0x003FA536]
	(No symbol) [0x003D82DC]
	(No symbol) [0x003D93DD]
	GetHandleVerifier [0x0077AABD+2539405]
	GetHandleVerifier [0x007BA78F+2800735]
	GetHandleVerifier [0x007B456C+2775612]
	GetHandleVerifier [0x005A51E0+616112]
	(No symbol) [0x004B5F8C]
	(No symbol) [0x004B2328]
	(No symbol) [0x004B240B]
	(No symbol) [0x004A4FF7]
	BaseThreadInitThunk [0x757A7D59+25]
	RtlInitializeExceptionChain [0x7760B79B+107]
	RtlClearBits [0x7760B71F+191]

2023-08-05 23:02:12,378 - WARNING - E5GetMatchsStats.execute() - GetMatchsStats.get_matchs_stats() : E5SeleniumWebdriverError.ERROR_TYPE_GET_MATCHS_FAILED : E5Team matching query does not exist.
2023-08-05 23:02:24,447 - WARNING - E5GetMatchsStats.execute() - GetMatchsStats.get_matchs_stats() : E5SeleniumWebdriverError.ERROR_TYPE_GET_MATCHS_FAILED : E5Team matching query does not exist.
2023-08-05 23:02:45,905 - WARNING - E5GetMatchsStats.execute() - GetMatchsStats.get_matchs_stats() : E5SeleniumWebdriverError.ERROR_TYPE_GET_MATCHS_FAILED : E5Team matching query does not exist.
2023-08-05 23:03:00,893 - WARNING - E5GetMatchsStats.execute() - GetMatchsStats.get_matchs_stats() : E5SeleniumWebdriverError.ERROR_TYPE_GET_MATCHS_FAILED : E5Team matching query does not exist.
2023-08-05 23:03:20,444 - WARNING - E5GetMatchsStats.execute() - GetMatchsStats.get_matchs_stats() : E5SeleniumWebdriverError.ERROR_TYPE_GET_MATCHS_FAILED : Message: no such element: Unable to locate element: {"method":"css selector","selector":"th a"}
  (Session info: chrome=115.0.5790.170); For documentation on this error, please visit: https://www.selenium.dev/documentation/webdriver/troubleshooting/errors#no-such-element-exception
Stacktrace:
Backtrace:
	GetHandleVerifier [0x0051A813+48355]
	(No symbol) [0x004AC4B1]
	(No symbol) [0x003B5358]
	(No symbol) [0x003E09A5]
	(No symbol) [0x003E0B3B]
	(No symbol) [0x003D9AE1]
	(No symbol) [0x003FA784]
	(No symbol) [0x003D9A36]
	(No symbol) [0x003FAA94]
	(No symbol) [0x0040C922]
	(No symbol) [0x003FA536]
	(No symbol) [0x003D82DC]
	(No symbol) [0x003D93DD]
	GetHandleVerifier [0x0077AABD+2539405]
	GetHandleVerifier [0x007BA78F+2800735]
	GetHandleVerifier [0x007B456C+2775612]
	GetHandleVerifier [0x005A51E0+616112]
	(No symbol) [0x004B5F8C]
	(No symbol) [0x004B2328]
	(No symbol) [0x004B240B]
	(No symbol) [0x004A4FF7]
	BaseThreadInitThunk [0x757A7D59+25]
	RtlInitializeExceptionChain [0x7760B79B+107]
	RtlClearBits [0x7760B71F+191]

2023-08-05 23:03:35,250 - WARNING - E5GetMatchsStats.execute() - GetMatchsStats.get_matchs_stats() : E5SeleniumWebdriverError.ERROR_TYPE_GET_MATCHS_FAILED : E5Team matching query does not exist.
2023-08-05 23:03:56,909 - WARNING - E5GetMatchsStats.execute() - GetMatchsStats.get_matchs_stats() : E5SeleniumWebdriverError.ERROR_TYPE_GET_MATCHS_FAILED : E5Team matching query does not exist.
2023-08-05 23:04:08,901 - WARNING - E5GetMatchsStats.execute() - GetMatchsStats.get_matchs_stats() : E5SeleniumWebdriverError.ERROR_TYPE_GET_MATCHS_FAILED : E5Team matching query does not exist.
2023-08-05 23:04:21,180 - WARNING - E5GetMatchsStats.execute() - GetMatchsStats.get_matchs_stats() : E5SeleniumWebdriverError.ERROR_TYPE_GET_MATCHS_FAILED : E5Team matching query does not exist.
2023-08-05 23:04:35,572 - WARNING - E5GetMatchsStats.execute() - GetMatchsStats.get_matchs_stats() : E5SeleniumWebdriverError.ERROR_TYPE_GET_MATCHS_FAILED : E5Team matching query does not exist.
2023-08-05 23:05:07,783 - WARNING - E5GetMatchsStats.execute() - GetMatchsStats.get_matchs_stats() : E5SeleniumWebdriverError.ERROR_TYPE_GET_MATCHS_FAILED : Message: no such element: Unable to locate element: {"method":"css selector","selector":"th a"}
  (Session info: chrome=115.0.5790.170); For documentation on this error, please visit: https://www.selenium.dev/documentation/webdriver/troubleshooting/errors#no-such-element-exception
Stacktrace:
Backtrace:
	GetHandleVerifier [0x0051A813+48355]
	(No symbol) [0x004AC4B1]
	(No symbol) [0x003B5358]
	(No symbol) [0x003E09A5]
	(No symbol) [0x003E0B3B]
	(No symbol) [0x003D9AE1]
	(No symbol) [0x003FA784]
	(No symbol) [0x003D9A36]
	(No symbol) [0x003FAA94]
	(No symbol) [0x0040C922]
	(No symbol) [0x003FA536]
	(No symbol) [0x003D82DC]
	(No symbol) [0x003D93DD]
	GetHandleVerifier [0x0077AABD+2539405]
	GetHandleVerifier [0x007BA78F+2800735]
	GetHandleVerifier [0x007B456C+2775612]
	GetHandleVerifier [0x005A51E0+616112]
	(No symbol) [0x004B5F8C]
	(No symbol) [0x004B2328]
	(No symbol) [0x004B240B]
	(No symbol) [0x004A4FF7]
	BaseThreadInitThunk [0x757A7D59+25]
	RtlInitializeExceptionChain [0x7760B79B+107]
	RtlClearBits [0x7760B71F+191]

2023-08-05 23:05:29,135 - WARNING - E5GetMatchsStats.execute() - GetMatchsStats.get_matchs_stats() : E5SeleniumWebdriverError.ERROR_TYPE_GET_MATCHS_FAILED : E5Team matching query does not exist.
2023-08-05 23:05:50,805 - WARNING - E5GetMatchsStats.execute() - GetMatchsStats.get_matchs_stats() : E5SeleniumWebdriverError.ERROR_TYPE_GET_MATCHS_FAILED : E5Team matching query does not exist.
2023-08-05 23:06:23,459 - WARNING - E5GetMatchsStats.execute() - GetMatchsStats.get_matchs_stats() : E5SeleniumWebdriverError.ERROR_TYPE_GET_MATCHS_FAILED : Message: no such element: Unable to locate element: {"method":"css selector","selector":"th a"}
  (Session info: chrome=115.0.5790.170); For documentation on this error, please visit: https://www.selenium.dev/documentation/webdriver/troubleshooting/errors#no-such-element-exception
Stacktrace:
Backtrace:
	GetHandleVerifier [0x0051A813+48355]
	(No symbol) [0x004AC4B1]
	(No symbol) [0x003B5358]
	(No symbol) [0x003E09A5]
	(No symbol) [0x003E0B3B]
	(No symbol) [0x003D9AE1]
	(No symbol) [0x003FA784]
	(No symbol) [0x003D9A36]
	(No symbol) [0x003FAA94]
	(No symbol) [0x0040C922]
	(No symbol) [0x003FA536]
	(No symbol) [0x003D82DC]
	(No symbol) [0x003D93DD]
	GetHandleVerifier [0x0077AABD+2539405]
	GetHandleVerifier [0x007BA78F+2800735]
	GetHandleVerifier [0x007B456C+2775612]
	GetHandleVerifier [0x005A51E0+616112]
	(No symbol) [0x004B5F8C]
	(No symbol) [0x004B2328]
	(No symbol) [0x004B240B]
	(No symbol) [0x004A4FF7]
	BaseThreadInitThunk [0x757A7D59+25]
	RtlInitializeExceptionChain [0x7760B79B+107]
	RtlClearBits [0x7760B71F+191]

2023-08-05 23:06:41,744 - WARNING - E5GetMatchsStats.execute() - GetMatchsStats.get_matchs_stats() : E5SeleniumWebdriverError.ERROR_TYPE_GET_MATCHS_FAILED : Message: no such element: Unable to locate element: {"method":"css selector","selector":"th a"}
  (Session info: chrome=115.0.5790.170); For documentation on this error, please visit: https://www.selenium.dev/documentation/webdriver/troubleshooting/errors#no-such-element-exception
Stacktrace:
Backtrace:
	GetHandleVerifier [0x0051A813+48355]
	(No symbol) [0x004AC4B1]
	(No symbol) [0x003B5358]
	(No symbol) [0x003E09A5]
	(No symbol) [0x003E0B3B]
	(No symbol) [0x003D9AE1]
	(No symbol) [0x003FA784]
	(No symbol) [0x003D9A36]
	(No symbol) [0x003FAA94]
	(No symbol) [0x0040C922]
	(No symbol) [0x003FA536]
	(No symbol) [0x003D82DC]
	(No symbol) [0x003D93DD]
	GetHandleVerifier [0x0077AABD+2539405]
	GetHandleVerifier [0x007BA78F+2800735]
	GetHandleVerifier [0x007B456C+2775612]
	GetHandleVerifier [0x005A51E0+616112]
	(No symbol) [0x004B5F8C]
	(No symbol) [0x004B2328]
	(No symbol) [0x004B240B]
	(No symbol) [0x004A4FF7]
	BaseThreadInitThunk [0x757A7D59+25]
	RtlInitializeExceptionChain [0x7760B79B+107]
	RtlClearBits [0x7760B71F+191]

2023-08-05 23:06:54,228 - WARNING - E5GetMatchsStats.execute() - GetMatchsStats.get_matchs_stats() : E5SeleniumWebdriverError.ERROR_TYPE_GET_MATCHS_FAILED : E5Team matching query does not exist.
2023-08-05 23:07:08,380 - WARNING - E5GetMatchsStats.execute() - GetMatchsStats.get_matchs_stats() : E5SeleniumWebdriverError.ERROR_TYPE_GET_MATCHS_FAILED : Message: no such element: Unable to locate element: {"method":"css selector","selector":"th a"}
  (Session info: chrome=115.0.5790.170); For documentation on this error, please visit: https://www.selenium.dev/documentation/webdriver/troubleshooting/errors#no-such-element-exception
Stacktrace:
Backtrace:
	GetHandleVerifier [0x0051A813+48355]
	(No symbol) [0x004AC4B1]
	(No symbol) [0x003B5358]
	(No symbol) [0x003E09A5]
	(No symbol) [0x003E0B3B]
	(No symbol) [0x003D9AE1]
	(No symbol) [0x003FA784]
	(No symbol) [0x003D9A36]
	(No symbol) [0x003FAA94]
	(No symbol) [0x0040C922]
	(No symbol) [0x003FA536]
	(No symbol) [0x003D82DC]
	(No symbol) [0x003D93DD]
	GetHandleVerifier [0x0077AABD+2539405]
	GetHandleVerifier [0x007BA78F+2800735]
	GetHandleVerifier [0x007B456C+2775612]
	GetHandleVerifier [0x005A51E0+616112]
	(No symbol) [0x004B5F8C]
	(No symbol) [0x004B2328]
	(No symbol) [0x004B240B]
	(No symbol) [0x004A4FF7]
	BaseThreadInitThunk [0x757A7D59+25]
	RtlInitializeExceptionChain [0x7760B79B+107]
	RtlClearBits [0x7760B71F+191]

2023-08-05 23:07:24,690 - WARNING - E5GetMatchsStats.execute() - GetMatchsStats.get_matchs_stats() : E5SeleniumWebdriverError.ERROR_TYPE_GET_MATCHS_FAILED : E5Team matching query does not exist.
2023-08-05 23:07:43,403 - WARNING - E5GetMatchsStats.execute() - GetMatchsStats.get_matchs_stats() : E5SeleniumWebdriverError.ERROR_TYPE_GET_MATCHS_FAILED : Message: no such element: Unable to locate element: {"method":"css selector","selector":"th a"}
  (Session info: chrome=115.0.5790.170); For documentation on this error, please visit: https://www.selenium.dev/documentation/webdriver/troubleshooting/errors#no-such-element-exception
Stacktrace:
Backtrace:
	GetHandleVerifier [0x0051A813+48355]
	(No symbol) [0x004AC4B1]
	(No symbol) [0x003B5358]
	(No symbol) [0x003E09A5]
	(No symbol) [0x003E0B3B]
	(No symbol) [0x003D9AE1]
	(No symbol) [0x003FA784]
	(No symbol) [0x003D9A36]
	(No symbol) [0x003FAA94]
	(No symbol) [0x0040C922]
	(No symbol) [0x003FA536]
	(No symbol) [0x003D82DC]
	(No symbol) [0x003D93DD]
	GetHandleVerifier [0x0077AABD+2539405]
	GetHandleVerifier [0x007BA78F+2800735]
	GetHandleVerifier [0x007B456C+2775612]
	GetHandleVerifier [0x005A51E0+616112]
	(No symbol) [0x004B5F8C]
	(No symbol) [0x004B2328]
	(No symbol) [0x004B240B]
	(No symbol) [0x004A4FF7]
	BaseThreadInitThunk [0x757A7D59+25]
	RtlInitializeExceptionChain [0x7760B79B+107]
	RtlClearBits [0x7760B71F+191]

2023-08-05 23:07:58,546 - WARNING - E5GetMatchsStats.execute() - GetMatchsStats.get_matchs_stats() : E5SeleniumWebdriverError.ERROR_TYPE_GET_MATCHS_FAILED : Message: no such element: Unable to locate element: {"method":"css selector","selector":"th a"}
  (Session info: chrome=115.0.5790.170); For documentation on this error, please visit: https://www.selenium.dev/documentation/webdriver/troubleshooting/errors#no-such-element-exception
Stacktrace:
Backtrace:
	GetHandleVerifier [0x0051A813+48355]
	(No symbol) [0x004AC4B1]
	(No symbol) [0x003B5358]
	(No symbol) [0x003E09A5]
	(No symbol) [0x003E0B3B]
	(No symbol) [0x003D9AE1]
	(No symbol) [0x003FA784]
	(No symbol) [0x003D9A36]
	(No symbol) [0x003FAA94]
	(No symbol) [0x0040C922]
	(No symbol) [0x003FA536]
	(No symbol) [0x003D82DC]
	(No symbol) [0x003D93DD]
	GetHandleVerifier [0x0077AABD+2539405]
	GetHandleVerifier [0x007BA78F+2800735]
	GetHandleVerifier [0x007B456C+2775612]
	GetHandleVerifier [0x005A51E0+616112]
	(No symbol) [0x004B5F8C]
	(No symbol) [0x004B2328]
	(No symbol) [0x004B240B]
	(No symbol) [0x004A4FF7]
	BaseThreadInitThunk [0x757A7D59+25]
	RtlInitializeExceptionChain [0x7760B79B+107]
	RtlClearBits [0x7760B71F+191]

2023-08-05 23:08:11,998 - WARNING - E5GetMatchsStats.execute() - GetMatchsStats.get_matchs_stats() : E5SeleniumWebdriverError.ERROR_TYPE_GET_MATCHS_FAILED : Message: no such element: Unable to locate element: {"method":"css selector","selector":"th a"}
  (Session info: chrome=115.0.5790.170); For documentation on this error, please visit: https://www.selenium.dev/documentation/webdriver/troubleshooting/errors#no-such-element-exception
Stacktrace:
Backtrace:
	GetHandleVerifier [0x0051A813+48355]
	(No symbol) [0x004AC4B1]
	(No symbol) [0x003B5358]
	(No symbol) [0x003E09A5]
	(No symbol) [0x003E0B3B]
	(No symbol) [0x003D9AE1]
	(No symbol) [0x003FA784]
	(No symbol) [0x003D9A36]
	(No symbol) [0x003FAA94]
	(No symbol) [0x0040C922]
	(No symbol) [0x003FA536]
	(No symbol) [0x003D82DC]
	(No symbol) [0x003D93DD]
	GetHandleVerifier [0x0077AABD+2539405]
	GetHandleVerifier [0x007BA78F+2800735]
	GetHandleVerifier [0x007B456C+2775612]
	GetHandleVerifier [0x005A51E0+616112]
	(No symbol) [0x004B5F8C]
	(No symbol) [0x004B2328]
	(No symbol) [0x004B240B]
	(No symbol) [0x004A4FF7]
	BaseThreadInitThunk [0x757A7D59+25]
	RtlInitializeExceptionChain [0x7760B79B+107]
	RtlClearBits [0x7760B71F+191]

2023-08-05 23:08:23,488 - WARNING - E5GetMatchsStats.execute() - GetMatchsStats.get_matchs_stats() : E5SeleniumWebdriverError.ERROR_TYPE_GET_MATCHS_FAILED : E5Team matching query does not exist.
2023-08-05 23:08:37,758 - WARNING - E5GetMatchsStats.execute() - GetMatchsStats.get_matchs_stats() : E5SeleniumWebdriverError.ERROR_TYPE_GET_MATCHS_FAILED : Message: no such element: Unable to locate element: {"method":"css selector","selector":"th a"}
  (Session info: chrome=115.0.5790.170); For documentation on this error, please visit: https://www.selenium.dev/documentation/webdriver/troubleshooting/errors#no-such-element-exception
Stacktrace:
Backtrace:
	GetHandleVerifier [0x0051A813+48355]
	(No symbol) [0x004AC4B1]
	(No symbol) [0x003B5358]
	(No symbol) [0x003E09A5]
	(No symbol) [0x003E0B3B]
	(No symbol) [0x003D9AE1]
	(No symbol) [0x003FA784]
	(No symbol) [0x003D9A36]
	(No symbol) [0x003FAA94]
	(No symbol) [0x0040C922]
	(No symbol) [0x003FA536]
	(No symbol) [0x003D82DC]
	(No symbol) [0x003D93DD]
	GetHandleVerifier [0x0077AABD+2539405]
	GetHandleVerifier [0x007BA78F+2800735]
	GetHandleVerifier [0x007B456C+2775612]
	GetHandleVerifier [0x005A51E0+616112]
	(No symbol) [0x004B5F8C]
	(No symbol) [0x004B2328]
	(No symbol) [0x004B240B]
	(No symbol) [0x004A4FF7]
	BaseThreadInitThunk [0x757A7D59+25]
	RtlInitializeExceptionChain [0x7760B79B+107]
	RtlClearBits [0x7760B71F+191]

2023-08-05 23:08:51,206 - WARNING - E5GetMatchsStats.execute() - GetMatchsStats.get_matchs_stats() : E5SeleniumWebdriverError.ERROR_TYPE_GET_MATCHS_FAILED : Message: no such element: Unable to locate element: {"method":"css selector","selector":"th a"}
  (Session info: chrome=115.0.5790.170); For documentation on this error, please visit: https://www.selenium.dev/documentation/webdriver/troubleshooting/errors#no-such-element-exception
Stacktrace:
Backtrace:
	GetHandleVerifier [0x0051A813+48355]
	(No symbol) [0x004AC4B1]
	(No symbol) [0x003B5358]
	(No symbol) [0x003E09A5]
	(No symbol) [0x003E0B3B]
	(No symbol) [0x003D9AE1]
	(No symbol) [0x003FA784]
	(No symbol) [0x003D9A36]
	(No symbol) [0x003FAA94]
	(No symbol) [0x0040C922]
	(No symbol) [0x003FA536]
	(No symbol) [0x003D82DC]
	(No symbol) [0x003D93DD]
	GetHandleVerifier [0x0077AABD+2539405]
	GetHandleVerifier [0x007BA78F+2800735]
	GetHandleVerifier [0x007B456C+2775612]
	GetHandleVerifier [0x005A51E0+616112]
	(No symbol) [0x004B5F8C]
	(No symbol) [0x004B2328]
	(No symbol) [0x004B240B]
	(No symbol) [0x004A4FF7]
	BaseThreadInitThunk [0x757A7D59+25]
	RtlInitializeExceptionChain [0x7760B79B+107]
	RtlClearBits [0x7760B71F+191]

2023-08-05 23:09:04,817 - WARNING - E5GetMatchsStats.execute() - GetMatchsStats.get_matchs_stats() : E5SeleniumWebdriverError.ERROR_TYPE_GET_MATCHS_FAILED : Message: no such element: Unable to locate element: {"method":"css selector","selector":"th a"}
  (Session info: chrome=115.0.5790.170); For documentation on this error, please visit: https://www.selenium.dev/documentation/webdriver/troubleshooting/errors#no-such-element-exception
Stacktrace:
Backtrace:
	GetHandleVerifier [0x0051A813+48355]
	(No symbol) [0x004AC4B1]
	(No symbol) [0x003B5358]
	(No symbol) [0x003E09A5]
	(No symbol) [0x003E0B3B]
	(No symbol) [0x003D9AE1]
	(No symbol) [0x003FA784]
	(No symbol) [0x003D9A36]
	(No symbol) [0x003FAA94]
	(No symbol) [0x0040C922]
	(No symbol) [0x003FA536]
	(No symbol) [0x003D82DC]
	(No symbol) [0x003D93DD]
	GetHandleVerifier [0x0077AABD+2539405]
	GetHandleVerifier [0x007BA78F+2800735]
	GetHandleVerifier [0x007B456C+2775612]
	GetHandleVerifier [0x005A51E0+616112]
	(No symbol) [0x004B5F8C]
	(No symbol) [0x004B2328]
	(No symbol) [0x004B240B]
	(No symbol) [0x004A4FF7]
	BaseThreadInitThunk [0x757A7D59+25]
	RtlInitializeExceptionChain [0x7760B79B+107]
	RtlClearBits [0x7760B71F+191]

2023-08-05 23:09:18,526 - WARNING - E5GetMatchsStats.execute() - GetMatchsStats.get_matchs_stats() : E5SeleniumWebdriverError.ERROR_TYPE_GET_MATCHS_FAILED : Message: no such element: Unable to locate element: {"method":"css selector","selector":"th a"}
  (Session info: chrome=115.0.5790.170); For documentation on this error, please visit: https://www.selenium.dev/documentation/webdriver/troubleshooting/errors#no-such-element-exception
Stacktrace:
Backtrace:
	GetHandleVerifier [0x0051A813+48355]
	(No symbol) [0x004AC4B1]
	(No symbol) [0x003B5358]
	(No symbol) [0x003E09A5]
	(No symbol) [0x003E0B3B]
	(No symbol) [0x003D9AE1]
	(No symbol) [0x003FA784]
	(No symbol) [0x003D9A36]
	(No symbol) [0x003FAA94]
	(No symbol) [0x0040C922]
	(No symbol) [0x003FA536]
	(No symbol) [0x003D82DC]
	(No symbol) [0x003D93DD]
	GetHandleVerifier [0x0077AABD+2539405]
	GetHandleVerifier [0x007BA78F+2800735]
	GetHandleVerifier [0x007B456C+2775612]
	GetHandleVerifier [0x005A51E0+616112]
	(No symbol) [0x004B5F8C]
	(No symbol) [0x004B2328]
	(No symbol) [0x004B240B]
	(No symbol) [0x004A4FF7]
	BaseThreadInitThunk [0x757A7D59+25]
	RtlInitializeExceptionChain [0x7760B79B+107]
	RtlClearBits [0x7760B71F+191]

2023-08-05 23:09:33,333 - WARNING - E5GetMatchsStats.execute() - GetMatchsStats.get_matchs_stats() : E5SeleniumWebdriverError.ERROR_TYPE_GET_MATCHS_FAILED : Message: no such element: Unable to locate element: {"method":"css selector","selector":"th a"}
  (Session info: chrome=115.0.5790.170); For documentation on this error, please visit: https://www.selenium.dev/documentation/webdriver/troubleshooting/errors#no-such-element-exception
Stacktrace:
Backtrace:
	GetHandleVerifier [0x0051A813+48355]
	(No symbol) [0x004AC4B1]
	(No symbol) [0x003B5358]
	(No symbol) [0x003E09A5]
	(No symbol) [0x003E0B3B]
	(No symbol) [0x003D9AE1]
	(No symbol) [0x003FA784]
	(No symbol) [0x003D9A36]
	(No symbol) [0x003FAA94]
	(No symbol) [0x0040C922]
	(No symbol) [0x003FA536]
	(No symbol) [0x003D82DC]
	(No symbol) [0x003D93DD]
	GetHandleVerifier [0x0077AABD+2539405]
	GetHandleVerifier [0x007BA78F+2800735]
	GetHandleVerifier [0x007B456C+2775612]
	GetHandleVerifier [0x005A51E0+616112]
	(No symbol) [0x004B5F8C]
	(No symbol) [0x004B2328]
	(No symbol) [0x004B240B]
	(No symbol) [0x004A4FF7]
	BaseThreadInitThunk [0x757A7D59+25]
	RtlInitializeExceptionChain [0x7760B79B+107]
	RtlClearBits [0x7760B71F+191]

2023-08-05 23:09:47,948 - WARNING - E5GetMatchsStats.execute() - GetMatchsStats.get_matchs_stats() : E5SeleniumWebdriverError.ERROR_TYPE_GET_MATCHS_FAILED : Message: no such element: Unable to locate element: {"method":"css selector","selector":"th a"}
  (Session info: chrome=115.0.5790.170); For documentation on this error, please visit: https://www.selenium.dev/documentation/webdriver/troubleshooting/errors#no-such-element-exception
Stacktrace:
Backtrace:
	GetHandleVerifier [0x0051A813+48355]
	(No symbol) [0x004AC4B1]
	(No symbol) [0x003B5358]
	(No symbol) [0x003E09A5]
	(No symbol) [0x003E0B3B]
	(No symbol) [0x003D9AE1]
	(No symbol) [0x003FA784]
	(No symbol) [0x003D9A36]
	(No symbol) [0x003FAA94]
	(No symbol) [0x0040C922]
	(No symbol) [0x003FA536]
	(No symbol) [0x003D82DC]
	(No symbol) [0x003D93DD]
	GetHandleVerifier [0x0077AABD+2539405]
	GetHandleVerifier [0x007BA78F+2800735]
	GetHandleVerifier [0x007B456C+2775612]
	GetHandleVerifier [0x005A51E0+616112]
	(No symbol) [0x004B5F8C]
	(No symbol) [0x004B2328]
	(No symbol) [0x004B240B]
	(No symbol) [0x004A4FF7]
	BaseThreadInitThunk [0x757A7D59+25]
	RtlInitializeExceptionChain [0x7760B79B+107]
	RtlClearBits [0x7760B71F+191]

2023-08-05 23:10:02,473 - WARNING - E5GetMatchsStats.execute() - GetMatchsStats.get_matchs_stats() : E5SeleniumWebdriverError.ERROR_TYPE_GET_MATCHS_FAILED : Message: no such element: Unable to locate element: {"method":"css selector","selector":"th a"}
  (Session info: chrome=115.0.5790.170); For documentation on this error, please visit: https://www.selenium.dev/documentation/webdriver/troubleshooting/errors#no-such-element-exception
Stacktrace:
Backtrace:
	GetHandleVerifier [0x0051A813+48355]
	(No symbol) [0x004AC4B1]
	(No symbol) [0x003B5358]
	(No symbol) [0x003E09A5]
	(No symbol) [0x003E0B3B]
	(No symbol) [0x003D9AE1]
	(No symbol) [0x003FA784]
	(No symbol) [0x003D9A36]
	(No symbol) [0x003FAA94]
	(No symbol) [0x0040C922]
	(No symbol) [0x003FA536]
	(No symbol) [0x003D82DC]
	(No symbol) [0x003D93DD]
	GetHandleVerifier [0x0077AABD+2539405]
	GetHandleVerifier [0x007BA78F+2800735]
	GetHandleVerifier [0x007B456C+2775612]
	GetHandleVerifier [0x005A51E0+616112]
	(No symbol) [0x004B5F8C]
	(No symbol) [0x004B2328]
	(No symbol) [0x004B240B]
	(No symbol) [0x004A4FF7]
	BaseThreadInitThunk [0x757A7D59+25]
	RtlInitializeExceptionChain [0x7760B79B+107]
	RtlClearBits [0x7760B71F+191]

2023-08-05 23:10:17,404 - WARNING - E5GetMatchsStats.execute() - GetMatchsStats.get_matchs_stats() : E5SeleniumWebdriverError.ERROR_TYPE_GET_MATCHS_FAILED : Message: no such element: Unable to locate element: {"method":"css selector","selector":"th a"}
  (Session info: chrome=115.0.5790.170); For documentation on this error, please visit: https://www.selenium.dev/documentation/webdriver/troubleshooting/errors#no-such-element-exception
Stacktrace:
Backtrace:
	GetHandleVerifier [0x0051A813+48355]
	(No symbol) [0x004AC4B1]
	(No symbol) [0x003B5358]
	(No symbol) [0x003E09A5]
	(No symbol) [0x003E0B3B]
	(No symbol) [0x003D9AE1]
	(No symbol) [0x003FA784]
	(No symbol) [0x003D9A36]
	(No symbol) [0x003FAA94]
	(No symbol) [0x0040C922]
	(No symbol) [0x003FA536]
	(No symbol) [0x003D82DC]
	(No symbol) [0x003D93DD]
	GetHandleVerifier [0x0077AABD+2539405]
	GetHandleVerifier [0x007BA78F+2800735]
	GetHandleVerifier [0x007B456C+2775612]
	GetHandleVerifier [0x005A51E0+616112]
	(No symbol) [0x004B5F8C]
	(No symbol) [0x004B2328]
	(No symbol) [0x004B240B]
	(No symbol) [0x004A4FF7]
	BaseThreadInitThunk [0x757A7D59+25]
	RtlInitializeExceptionChain [0x7760B79B+107]
	RtlClearBits [0x7760B71F+191]

2023-08-05 23:10:30,091 - WARNING - E5GetMatchsStats.execute() - GetMatchsStats.get_matchs_stats() : E5SeleniumWebdriverError.ERROR_TYPE_GET_MATCHS_FAILED : E5Team matching query does not exist.
2023-08-05 23:10:44,732 - WARNING - E5GetMatchsStats.execute() - GetMatchsStats.get_matchs_stats() : E5SeleniumWebdriverError.ERROR_TYPE_GET_MATCHS_FAILED : Message: no such element: Unable to locate element: {"method":"css selector","selector":"th a"}
  (Session info: chrome=115.0.5790.170); For documentation on this error, please visit: https://www.selenium.dev/documentation/webdriver/troubleshooting/errors#no-such-element-exception
Stacktrace:
Backtrace:
	GetHandleVerifier [0x0051A813+48355]
	(No symbol) [0x004AC4B1]
	(No symbol) [0x003B5358]
	(No symbol) [0x003E09A5]
	(No symbol) [0x003E0B3B]
	(No symbol) [0x003D9AE1]
	(No symbol) [0x003FA784]
	(No symbol) [0x003D9A36]
	(No symbol) [0x003FAA94]
	(No symbol) [0x0040C922]
	(No symbol) [0x003FA536]
	(No symbol) [0x003D82DC]
	(No symbol) [0x003D93DD]
	GetHandleVerifier [0x0077AABD+2539405]
	GetHandleVerifier [0x007BA78F+2800735]
	GetHandleVerifier [0x007B456C+2775612]
	GetHandleVerifier [0x005A51E0+616112]
	(No symbol) [0x004B5F8C]
	(No symbol) [0x004B2328]
	(No symbol) [0x004B240B]
	(No symbol) [0x004A4FF7]
	BaseThreadInitThunk [0x757A7D59+25]
	RtlInitializeExceptionChain [0x7760B79B+107]
	RtlClearBits [0x7760B71F+191]

2023-08-05 23:10:59,479 - WARNING - E5GetMatchsStats.execute() - GetMatchsStats.get_matchs_stats() : E5SeleniumWebdriverError.ERROR_TYPE_GET_MATCHS_FAILED : Message: no such element: Unable to locate element: {"method":"css selector","selector":"th a"}
  (Session info: chrome=115.0.5790.170); For documentation on this error, please visit: https://www.selenium.dev/documentation/webdriver/troubleshooting/errors#no-such-element-exception
Stacktrace:
Backtrace:
	GetHandleVerifier [0x0051A813+48355]
	(No symbol) [0x004AC4B1]
	(No symbol) [0x003B5358]
	(No symbol) [0x003E09A5]
	(No symbol) [0x003E0B3B]
	(No symbol) [0x003D9AE1]
	(No symbol) [0x003FA784]
	(No symbol) [0x003D9A36]
	(No symbol) [0x003FAA94]
	(No symbol) [0x0040C922]
	(No symbol) [0x003FA536]
	(No symbol) [0x003D82DC]
	(No symbol) [0x003D93DD]
	GetHandleVerifier [0x0077AABD+2539405]
	GetHandleVerifier [0x007BA78F+2800735]
	GetHandleVerifier [0x007B456C+2775612]
	GetHandleVerifier [0x005A51E0+616112]
	(No symbol) [0x004B5F8C]
	(No symbol) [0x004B2328]
	(No symbol) [0x004B240B]
	(No symbol) [0x004A4FF7]
	BaseThreadInitThunk [0x757A7D59+25]
	RtlInitializeExceptionChain [0x7760B79B+107]
	RtlClearBits [0x7760B71F+191]

2023-08-05 23:11:14,237 - WARNING - E5GetMatchsStats.execute() - GetMatchsStats.get_matchs_stats() : E5SeleniumWebdriverError.ERROR_TYPE_GET_MATCHS_FAILED : Message: no such element: Unable to locate element: {"method":"css selector","selector":"th a"}
  (Session info: chrome=115.0.5790.170); For documentation on this error, please visit: https://www.selenium.dev/documentation/webdriver/troubleshooting/errors#no-such-element-exception
Stacktrace:
Backtrace:
	GetHandleVerifier [0x0051A813+48355]
	(No symbol) [0x004AC4B1]
	(No symbol) [0x003B5358]
	(No symbol) [0x003E09A5]
	(No symbol) [0x003E0B3B]
	(No symbol) [0x003D9AE1]
	(No symbol) [0x003FA784]
	(No symbol) [0x003D9A36]
	(No symbol) [0x003FAA94]
	(No symbol) [0x0040C922]
	(No symbol) [0x003FA536]
	(No symbol) [0x003D82DC]
	(No symbol) [0x003D93DD]
	GetHandleVerifier [0x0077AABD+2539405]
	GetHandleVerifier [0x007BA78F+2800735]
	GetHandleVerifier [0x007B456C+2775612]
	GetHandleVerifier [0x005A51E0+616112]
	(No symbol) [0x004B5F8C]
	(No symbol) [0x004B2328]
	(No symbol) [0x004B240B]
	(No symbol) [0x004A4FF7]
	BaseThreadInitThunk [0x757A7D59+25]
	RtlInitializeExceptionChain [0x7760B79B+107]
	RtlClearBits [0x7760B71F+191]

2023-08-05 23:11:27,437 - WARNING - E5GetMatchsStats.execute() - GetMatchsStats.get_matchs_stats() : E5SeleniumWebdriverError.ERROR_TYPE_GET_MATCHS_FAILED : Message: no such element: Unable to locate element: {"method":"css selector","selector":"th a"}
  (Session info: chrome=115.0.5790.170); For documentation on this error, please visit: https://www.selenium.dev/documentation/webdriver/troubleshooting/errors#no-such-element-exception
Stacktrace:
Backtrace:
	GetHandleVerifier [0x0051A813+48355]
	(No symbol) [0x004AC4B1]
	(No symbol) [0x003B5358]
	(No symbol) [0x003E09A5]
	(No symbol) [0x003E0B3B]
	(No symbol) [0x003D9AE1]
	(No symbol) [0x003FA784]
	(No symbol) [0x003D9A36]
	(No symbol) [0x003FAA94]
	(No symbol) [0x0040C922]
	(No symbol) [0x003FA536]
	(No symbol) [0x003D82DC]
	(No symbol) [0x003D93DD]
	GetHandleVerifier [0x0077AABD+2539405]
	GetHandleVerifier [0x007BA78F+2800735]
	GetHandleVerifier [0x007B456C+2775612]
	GetHandleVerifier [0x005A51E0+616112]
	(No symbol) [0x004B5F8C]
	(No symbol) [0x004B2328]
	(No symbol) [0x004B240B]
	(No symbol) [0x004A4FF7]
	BaseThreadInitThunk [0x757A7D59+25]
	RtlInitializeExceptionChain [0x7760B79B+107]
	RtlClearBits [0x7760B71F+191]

2023-08-05 23:11:42,210 - WARNING - E5GetMatchsStats.execute() - GetMatchsStats.get_matchs_stats() : E5SeleniumWebdriverError.ERROR_TYPE_GET_MATCHS_FAILED : Message: no such element: Unable to locate element: {"method":"css selector","selector":"th a"}
  (Session info: chrome=115.0.5790.170); For documentation on this error, please visit: https://www.selenium.dev/documentation/webdriver/troubleshooting/errors#no-such-element-exception
Stacktrace:
Backtrace:
	GetHandleVerifier [0x0051A813+48355]
	(No symbol) [0x004AC4B1]
	(No symbol) [0x003B5358]
	(No symbol) [0x003E09A5]
	(No symbol) [0x003E0B3B]
	(No symbol) [0x003D9AE1]
	(No symbol) [0x003FA784]
	(No symbol) [0x003D9A36]
	(No symbol) [0x003FAA94]
	(No symbol) [0x0040C922]
	(No symbol) [0x003FA536]
	(No symbol) [0x003D82DC]
	(No symbol) [0x003D93DD]
	GetHandleVerifier [0x0077AABD+2539405]
	GetHandleVerifier [0x007BA78F+2800735]
	GetHandleVerifier [0x007B456C+2775612]
	GetHandleVerifier [0x005A51E0+616112]
	(No symbol) [0x004B5F8C]
	(No symbol) [0x004B2328]
	(No symbol) [0x004B240B]
	(No symbol) [0x004A4FF7]
	BaseThreadInitThunk [0x757A7D59+25]
	RtlInitializeExceptionChain [0x7760B79B+107]
	RtlClearBits [0x7760B71F+191]

2023-08-05 23:11:57,012 - WARNING - E5GetMatchsStats.execute() - GetMatchsStats.get_matchs_stats() : E5SeleniumWebdriverError.ERROR_TYPE_GET_MATCHS_FAILED : Message: no such element: Unable to locate element: {"method":"css selector","selector":"th a"}
  (Session info: chrome=115.0.5790.170); For documentation on this error, please visit: https://www.selenium.dev/documentation/webdriver/troubleshooting/errors#no-such-element-exception
Stacktrace:
Backtrace:
	GetHandleVerifier [0x0051A813+48355]
	(No symbol) [0x004AC4B1]
	(No symbol) [0x003B5358]
	(No symbol) [0x003E09A5]
	(No symbol) [0x003E0B3B]
	(No symbol) [0x003D9AE1]
	(No symbol) [0x003FA784]
	(No symbol) [0x003D9A36]
	(No symbol) [0x003FAA94]
	(No symbol) [0x0040C922]
	(No symbol) [0x003FA536]
	(No symbol) [0x003D82DC]
	(No symbol) [0x003D93DD]
	GetHandleVerifier [0x0077AABD+2539405]
	GetHandleVerifier [0x007BA78F+2800735]
	GetHandleVerifier [0x007B456C+2775612]
	GetHandleVerifier [0x005A51E0+616112]
	(No symbol) [0x004B5F8C]
	(No symbol) [0x004B2328]
	(No symbol) [0x004B240B]
	(No symbol) [0x004A4FF7]
	BaseThreadInitThunk [0x757A7D59+25]
	RtlInitializeExceptionChain [0x7760B79B+107]
	RtlClearBits [0x7760B71F+191]

2023-08-05 23:12:09,269 - WARNING - E5GetMatchsStats.execute() - GetMatchsStats.get_matchs_stats() : E5SeleniumWebdriverError.ERROR_TYPE_GET_MATCHS_FAILED : E5Team matching query does not exist.
2023-08-05 23:12:23,833 - WARNING - E5GetMatchsStats.execute() - GetMatchsStats.get_matchs_stats() : E5SeleniumWebdriverError.ERROR_TYPE_GET_MATCHS_FAILED : Message: no such element: Unable to locate element: {"method":"css selector","selector":"th a"}
  (Session info: chrome=115.0.5790.170); For documentation on this error, please visit: https://www.selenium.dev/documentation/webdriver/troubleshooting/errors#no-such-element-exception
Stacktrace:
Backtrace:
	GetHandleVerifier [0x0051A813+48355]
	(No symbol) [0x004AC4B1]
	(No symbol) [0x003B5358]
	(No symbol) [0x003E09A5]
	(No symbol) [0x003E0B3B]
	(No symbol) [0x003D9AE1]
	(No symbol) [0x003FA784]
	(No symbol) [0x003D9A36]
	(No symbol) [0x003FAA94]
	(No symbol) [0x0040C922]
	(No symbol) [0x003FA536]
	(No symbol) [0x003D82DC]
	(No symbol) [0x003D93DD]
	GetHandleVerifier [0x0077AABD+2539405]
	GetHandleVerifier [0x007BA78F+2800735]
	GetHandleVerifier [0x007B456C+2775612]
	GetHandleVerifier [0x005A51E0+616112]
	(No symbol) [0x004B5F8C]
	(No symbol) [0x004B2328]
	(No symbol) [0x004B240B]
	(No symbol) [0x004A4FF7]
	BaseThreadInitThunk [0x757A7D59+25]
	RtlInitializeExceptionChain [0x7760B79B+107]
	RtlClearBits [0x7760B71F+191]

2023-08-05 23:12:38,676 - WARNING - E5GetMatchsStats.execute() - GetMatchsStats.get_matchs_stats() : E5SeleniumWebdriverError.ERROR_TYPE_GET_MATCHS_FAILED : Message: no such element: Unable to locate element: {"method":"css selector","selector":"th a"}
  (Session info: chrome=115.0.5790.170); For documentation on this error, please visit: https://www.selenium.dev/documentation/webdriver/troubleshooting/errors#no-such-element-exception
Stacktrace:
Backtrace:
	GetHandleVerifier [0x0051A813+48355]
	(No symbol) [0x004AC4B1]
	(No symbol) [0x003B5358]
	(No symbol) [0x003E09A5]
	(No symbol) [0x003E0B3B]
	(No symbol) [0x003D9AE1]
	(No symbol) [0x003FA784]
	(No symbol) [0x003D9A36]
	(No symbol) [0x003FAA94]
	(No symbol) [0x0040C922]
	(No symbol) [0x003FA536]
	(No symbol) [0x003D82DC]
	(No symbol) [0x003D93DD]
	GetHandleVerifier [0x0077AABD+2539405]
	GetHandleVerifier [0x007BA78F+2800735]
	GetHandleVerifier [0x007B456C+2775612]
	GetHandleVerifier [0x005A51E0+616112]
	(No symbol) [0x004B5F8C]
	(No symbol) [0x004B2328]
	(No symbol) [0x004B240B]
	(No symbol) [0x004A4FF7]
	BaseThreadInitThunk [0x757A7D59+25]
	RtlInitializeExceptionChain [0x7760B79B+107]
	RtlClearBits [0x7760B71F+191]

2023-08-05 23:12:52,592 - WARNING - E5GetMatchsStats.execute() - GetMatchsStats.get_matchs_stats() : E5SeleniumWebdriverError.ERROR_TYPE_GET_MATCHS_FAILED : Message: no such element: Unable to locate element: {"method":"css selector","selector":"th a"}
  (Session info: chrome=115.0.5790.170); For documentation on this error, please visit: https://www.selenium.dev/documentation/webdriver/troubleshooting/errors#no-such-element-exception
Stacktrace:
Backtrace:
	GetHandleVerifier [0x0051A813+48355]
	(No symbol) [0x004AC4B1]
	(No symbol) [0x003B5358]
	(No symbol) [0x003E09A5]
	(No symbol) [0x003E0B3B]
	(No symbol) [0x003D9AE1]
	(No symbol) [0x003FA784]
	(No symbol) [0x003D9A36]
	(No symbol) [0x003FAA94]
	(No symbol) [0x0040C922]
	(No symbol) [0x003FA536]
	(No symbol) [0x003D82DC]
	(No symbol) [0x003D93DD]
	GetHandleVerifier [0x0077AABD+2539405]
	GetHandleVerifier [0x007BA78F+2800735]
	GetHandleVerifier [0x007B456C+2775612]
	GetHandleVerifier [0x005A51E0+616112]
	(No symbol) [0x004B5F8C]
	(No symbol) [0x004B2328]
	(No symbol) [0x004B240B]
	(No symbol) [0x004A4FF7]
	BaseThreadInitThunk [0x757A7D59+25]
	RtlInitializeExceptionChain [0x7760B79B+107]
	RtlClearBits [0x7760B71F+191]

2023-08-05 23:13:08,785 - WARNING - E5GetMatchsStats.execute() - GetMatchsStats.get_matchs_stats() : E5SeleniumWebdriverError.ERROR_TYPE_GET_MATCHS_FAILED : Message: no such element: Unable to locate element: {"method":"css selector","selector":"th a"}
  (Session info: chrome=115.0.5790.170); For documentation on this error, please visit: https://www.selenium.dev/documentation/webdriver/troubleshooting/errors#no-such-element-exception
Stacktrace:
Backtrace:
	GetHandleVerifier [0x0051A813+48355]
	(No symbol) [0x004AC4B1]
	(No symbol) [0x003B5358]
	(No symbol) [0x003E09A5]
	(No symbol) [0x003E0B3B]
	(No symbol) [0x003D9AE1]
	(No symbol) [0x003FA784]
	(No symbol) [0x003D9A36]
	(No symbol) [0x003FAA94]
	(No symbol) [0x0040C922]
	(No symbol) [0x003FA536]
	(No symbol) [0x003D82DC]
	(No symbol) [0x003D93DD]
	GetHandleVerifier [0x0077AABD+2539405]
	GetHandleVerifier [0x007BA78F+2800735]
	GetHandleVerifier [0x007B456C+2775612]
	GetHandleVerifier [0x005A51E0+616112]
	(No symbol) [0x004B5F8C]
	(No symbol) [0x004B2328]
	(No symbol) [0x004B240B]
	(No symbol) [0x004A4FF7]
	BaseThreadInitThunk [0x757A7D59+25]
	RtlInitializeExceptionChain [0x7760B79B+107]
	RtlClearBits [0x7760B71F+191]

2023-08-05 23:13:30,595 - WARNING - E5GetMatchsStats.execute() - GetMatchsStats.get_matchs_stats() : E5SeleniumWebdriverError.ERROR_TYPE_GET_MATCHS_FAILED : Message: no such element: Unable to locate element: {"method":"css selector","selector":"th a"}
  (Session info: chrome=115.0.5790.170); For documentation on this error, please visit: https://www.selenium.dev/documentation/webdriver/troubleshooting/errors#no-such-element-exception
Stacktrace:
Backtrace:
	GetHandleVerifier [0x0051A813+48355]
	(No symbol) [0x004AC4B1]
	(No symbol) [0x003B5358]
	(No symbol) [0x003E09A5]
	(No symbol) [0x003E0B3B]
	(No symbol) [0x003D9AE1]
	(No symbol) [0x003FA784]
	(No symbol) [0x003D9A36]
	(No symbol) [0x003FAA94]
	(No symbol) [0x0040C922]
	(No symbol) [0x003FA536]
	(No symbol) [0x003D82DC]
	(No symbol) [0x003D93DD]
	GetHandleVerifier [0x0077AABD+2539405]
	GetHandleVerifier [0x007BA78F+2800735]
	GetHandleVerifier [0x007B456C+2775612]
	GetHandleVerifier [0x005A51E0+616112]
	(No symbol) [0x004B5F8C]
	(No symbol) [0x004B2328]
	(No symbol) [0x004B240B]
	(No symbol) [0x004A4FF7]
	BaseThreadInitThunk [0x757A7D59+25]
	RtlInitializeExceptionChain [0x7760B79B+107]
	RtlClearBits [0x7760B71F+191]

2023-08-05 23:13:46,464 - WARNING - E5GetMatchsStats.execute() - GetMatchsStats.get_matchs_stats() : E5SeleniumWebdriverError.ERROR_TYPE_GET_MATCHS_FAILED : Message: no such element: Unable to locate element: {"method":"css selector","selector":"th a"}
  (Session info: chrome=115.0.5790.170); For documentation on this error, please visit: https://www.selenium.dev/documentation/webdriver/troubleshooting/errors#no-such-element-exception
Stacktrace:
Backtrace:
	GetHandleVerifier [0x0051A813+48355]
	(No symbol) [0x004AC4B1]
	(No symbol) [0x003B5358]
	(No symbol) [0x003E09A5]
	(No symbol) [0x003E0B3B]
	(No symbol) [0x003D9AE1]
	(No symbol) [0x003FA784]
	(No symbol) [0x003D9A36]
	(No symbol) [0x003FAA94]
	(No symbol) [0x0040C922]
	(No symbol) [0x003FA536]
	(No symbol) [0x003D82DC]
	(No symbol) [0x003D93DD]
	GetHandleVerifier [0x0077AABD+2539405]
	GetHandleVerifier [0x007BA78F+2800735]
	GetHandleVerifier [0x007B456C+2775612]
	GetHandleVerifier [0x005A51E0+616112]
	(No symbol) [0x004B5F8C]
	(No symbol) [0x004B2328]
	(No symbol) [0x004B240B]
	(No symbol) [0x004A4FF7]
	BaseThreadInitThunk [0x757A7D59+25]
	RtlInitializeExceptionChain [0x7760B79B+107]
	RtlClearBits [0x7760B71F+191]

2023-08-05 23:14:02,762 - WARNING - E5GetMatchsStats.execute() - GetMatchsStats.get_matchs_stats() : E5SeleniumWebdriverError.ERROR_TYPE_GET_MATCHS_FAILED : Message: no such element: Unable to locate element: {"method":"css selector","selector":"th a"}
  (Session info: chrome=115.0.5790.170); For documentation on this error, please visit: https://www.selenium.dev/documentation/webdriver/troubleshooting/errors#no-such-element-exception
Stacktrace:
Backtrace:
	GetHandleVerifier [0x0051A813+48355]
	(No symbol) [0x004AC4B1]
	(No symbol) [0x003B5358]
	(No symbol) [0x003E09A5]
	(No symbol) [0x003E0B3B]
	(No symbol) [0x003D9AE1]
	(No symbol) [0x003FA784]
	(No symbol) [0x003D9A36]
	(No symbol) [0x003FAA94]
	(No symbol) [0x0040C922]
	(No symbol) [0x003FA536]
	(No symbol) [0x003D82DC]
	(No symbol) [0x003D93DD]
	GetHandleVerifier [0x0077AABD+2539405]
	GetHandleVerifier [0x007BA78F+2800735]
	GetHandleVerifier [0x007B456C+2775612]
	GetHandleVerifier [0x005A51E0+616112]
	(No symbol) [0x004B5F8C]
	(No symbol) [0x004B2328]
	(No symbol) [0x004B240B]
	(No symbol) [0x004A4FF7]
	BaseThreadInitThunk [0x757A7D59+25]
	RtlInitializeExceptionChain [0x7760B79B+107]
	RtlClearBits [0x7760B71F+191]

2023-08-05 23:14:20,089 - WARNING - E5GetMatchsStats.execute() - GetMatchsStats.get_matchs_stats() : E5SeleniumWebdriverError.ERROR_TYPE_GET_MATCHS_FAILED : Message: no such element: Unable to locate element: {"method":"css selector","selector":"th a"}
  (Session info: chrome=115.0.5790.170); For documentation on this error, please visit: https://www.selenium.dev/documentation/webdriver/troubleshooting/errors#no-such-element-exception
Stacktrace:
Backtrace:
	GetHandleVerifier [0x0051A813+48355]
	(No symbol) [0x004AC4B1]
	(No symbol) [0x003B5358]
	(No symbol) [0x003E09A5]
	(No symbol) [0x003E0B3B]
	(No symbol) [0x003D9AE1]
	(No symbol) [0x003FA784]
	(No symbol) [0x003D9A36]
	(No symbol) [0x003FAA94]
	(No symbol) [0x0040C922]
	(No symbol) [0x003FA536]
	(No symbol) [0x003D82DC]
	(No symbol) [0x003D93DD]
	GetHandleVerifier [0x0077AABD+2539405]
	GetHandleVerifier [0x007BA78F+2800735]
	GetHandleVerifier [0x007B456C+2775612]
	GetHandleVerifier [0x005A51E0+616112]
	(No symbol) [0x004B5F8C]
	(No symbol) [0x004B2328]
	(No symbol) [0x004B240B]
	(No symbol) [0x004A4FF7]
	BaseThreadInitThunk [0x757A7D59+25]
	RtlInitializeExceptionChain [0x7760B79B+107]
	RtlClearBits [0x7760B71F+191]

2023-08-05 23:14:37,071 - WARNING - E5GetMatchsStats.execute() - GetMatchsStats.get_matchs_stats() : E5SeleniumWebdriverError.ERROR_TYPE_GET_MATCHS_FAILED : Message: no such element: Unable to locate element: {"method":"css selector","selector":"th a"}
  (Session info: chrome=115.0.5790.170); For documentation on this error, please visit: https://www.selenium.dev/documentation/webdriver/troubleshooting/errors#no-such-element-exception
Stacktrace:
Backtrace:
	GetHandleVerifier [0x0051A813+48355]
	(No symbol) [0x004AC4B1]
	(No symbol) [0x003B5358]
	(No symbol) [0x003E09A5]
	(No symbol) [0x003E0B3B]
	(No symbol) [0x003D9AE1]
	(No symbol) [0x003FA784]
	(No symbol) [0x003D9A36]
	(No symbol) [0x003FAA94]
	(No symbol) [0x0040C922]
	(No symbol) [0x003FA536]
	(No symbol) [0x003D82DC]
	(No symbol) [0x003D93DD]
	GetHandleVerifier [0x0077AABD+2539405]
	GetHandleVerifier [0x007BA78F+2800735]
	GetHandleVerifier [0x007B456C+2775612]
	GetHandleVerifier [0x005A51E0+616112]
	(No symbol) [0x004B5F8C]
	(No symbol) [0x004B2328]
	(No symbol) [0x004B240B]
	(No symbol) [0x004A4FF7]
	BaseThreadInitThunk [0x757A7D59+25]
	RtlInitializeExceptionChain [0x7760B79B+107]
	RtlClearBits [0x7760B71F+191]

2023-08-05 23:14:52,543 - WARNING - E5GetMatchsStats.execute() - GetMatchsStats.get_matchs_stats() : E5SeleniumWebdriverError.ERROR_TYPE_GET_MATCHS_FAILED : Message: no such element: Unable to locate element: {"method":"css selector","selector":"th a"}
  (Session info: chrome=115.0.5790.170); For documentation on this error, please visit: https://www.selenium.dev/documentation/webdriver/troubleshooting/errors#no-such-element-exception
Stacktrace:
Backtrace:
	GetHandleVerifier [0x0051A813+48355]
	(No symbol) [0x004AC4B1]
	(No symbol) [0x003B5358]
	(No symbol) [0x003E09A5]
	(No symbol) [0x003E0B3B]
	(No symbol) [0x003D9AE1]
	(No symbol) [0x003FA784]
	(No symbol) [0x003D9A36]
	(No symbol) [0x003FAA94]
	(No symbol) [0x0040C922]
	(No symbol) [0x003FA536]
	(No symbol) [0x003D82DC]
	(No symbol) [0x003D93DD]
	GetHandleVerifier [0x0077AABD+2539405]
	GetHandleVerifier [0x007BA78F+2800735]
	GetHandleVerifier [0x007B456C+2775612]
	GetHandleVerifier [0x005A51E0+616112]
	(No symbol) [0x004B5F8C]
	(No symbol) [0x004B2328]
	(No symbol) [0x004B240B]
	(No symbol) [0x004A4FF7]
	BaseThreadInitThunk [0x757A7D59+25]
	RtlInitializeExceptionChain [0x7760B79B+107]
	RtlClearBits [0x7760B71F+191]

2023-08-05 23:15:09,721 - WARNING - E5GetMatchsStats.execute() - GetMatchsStats.get_matchs_stats() : E5SeleniumWebdriverError.ERROR_TYPE_GET_MATCHS_FAILED : Message: no such element: Unable to locate element: {"method":"css selector","selector":"th a"}
  (Session info: chrome=115.0.5790.170); For documentation on this error, please visit: https://www.selenium.dev/documentation/webdriver/troubleshooting/errors#no-such-element-exception
Stacktrace:
Backtrace:
	GetHandleVerifier [0x0051A813+48355]
	(No symbol) [0x004AC4B1]
	(No symbol) [0x003B5358]
	(No symbol) [0x003E09A5]
	(No symbol) [0x003E0B3B]
	(No symbol) [0x003D9AE1]
	(No symbol) [0x003FA784]
	(No symbol) [0x003D9A36]
	(No symbol) [0x003FAA94]
	(No symbol) [0x0040C922]
	(No symbol) [0x003FA536]
	(No symbol) [0x003D82DC]
	(No symbol) [0x003D93DD]
	GetHandleVerifier [0x0077AABD+2539405]
	GetHandleVerifier [0x007BA78F+2800735]
	GetHandleVerifier [0x007B456C+2775612]
	GetHandleVerifier [0x005A51E0+616112]
	(No symbol) [0x004B5F8C]
	(No symbol) [0x004B2328]
	(No symbol) [0x004B240B]
	(No symbol) [0x004A4FF7]
	BaseThreadInitThunk [0x757A7D59+25]
	RtlInitializeExceptionChain [0x7760B79B+107]
	RtlClearBits [0x7760B71F+191]

2023-08-05 23:15:26,983 - WARNING - E5GetMatchsStats.execute() - GetMatchsStats.get_matchs_stats() : E5SeleniumWebdriverError.ERROR_TYPE_GET_MATCHS_FAILED : Message: no such element: Unable to locate element: {"method":"css selector","selector":"th a"}
  (Session info: chrome=115.0.5790.170); For documentation on this error, please visit: https://www.selenium.dev/documentation/webdriver/troubleshooting/errors#no-such-element-exception
Stacktrace:
Backtrace:
	GetHandleVerifier [0x0051A813+48355]
	(No symbol) [0x004AC4B1]
	(No symbol) [0x003B5358]
	(No symbol) [0x003E09A5]
	(No symbol) [0x003E0B3B]
	(No symbol) [0x003D9AE1]
	(No symbol) [0x003FA784]
	(No symbol) [0x003D9A36]
	(No symbol) [0x003FAA94]
	(No symbol) [0x0040C922]
	(No symbol) [0x003FA536]
	(No symbol) [0x003D82DC]
	(No symbol) [0x003D93DD]
	GetHandleVerifier [0x0077AABD+2539405]
	GetHandleVerifier [0x007BA78F+2800735]
	GetHandleVerifier [0x007B456C+2775612]
	GetHandleVerifier [0x005A51E0+616112]
	(No symbol) [0x004B5F8C]
	(No symbol) [0x004B2328]
	(No symbol) [0x004B240B]
	(No symbol) [0x004A4FF7]
	BaseThreadInitThunk [0x757A7D59+25]
	RtlInitializeExceptionChain [0x7760B79B+107]
	RtlClearBits [0x7760B71F+191]

2023-08-05 23:15:43,948 - WARNING - E5GetMatchsStats.execute() - GetMatchsStats.get_matchs_stats() : E5SeleniumWebdriverError.ERROR_TYPE_GET_MATCHS_FAILED : Message: no such element: Unable to locate element: {"method":"css selector","selector":"th a"}
  (Session info: chrome=115.0.5790.170); For documentation on this error, please visit: https://www.selenium.dev/documentation/webdriver/troubleshooting/errors#no-such-element-exception
Stacktrace:
Backtrace:
	GetHandleVerifier [0x0051A813+48355]
	(No symbol) [0x004AC4B1]
	(No symbol) [0x003B5358]
	(No symbol) [0x003E09A5]
	(No symbol) [0x003E0B3B]
	(No symbol) [0x003D9AE1]
	(No symbol) [0x003FA784]
	(No symbol) [0x003D9A36]
	(No symbol) [0x003FAA94]
	(No symbol) [0x0040C922]
	(No symbol) [0x003FA536]
	(No symbol) [0x003D82DC]
	(No symbol) [0x003D93DD]
	GetHandleVerifier [0x0077AABD+2539405]
	GetHandleVerifier [0x007BA78F+2800735]
	GetHandleVerifier [0x007B456C+2775612]
	GetHandleVerifier [0x005A51E0+616112]
	(No symbol) [0x004B5F8C]
	(No symbol) [0x004B2328]
	(No symbol) [0x004B240B]
	(No symbol) [0x004A4FF7]
	BaseThreadInitThunk [0x757A7D59+25]
	RtlInitializeExceptionChain [0x7760B79B+107]
	RtlClearBits [0x7760B71F+191]

2023-08-05 23:16:01,109 - WARNING - E5GetMatchsStats.execute() - GetMatchsStats.get_matchs_stats() : E5SeleniumWebdriverError.ERROR_TYPE_GET_MATCHS_FAILED : Message: no such element: Unable to locate element: {"method":"css selector","selector":"th a"}
  (Session info: chrome=115.0.5790.170); For documentation on this error, please visit: https://www.selenium.dev/documentation/webdriver/troubleshooting/errors#no-such-element-exception
Stacktrace:
Backtrace:
	GetHandleVerifier [0x0051A813+48355]
	(No symbol) [0x004AC4B1]
	(No symbol) [0x003B5358]
	(No symbol) [0x003E09A5]
	(No symbol) [0x003E0B3B]
	(No symbol) [0x003D9AE1]
	(No symbol) [0x003FA784]
	(No symbol) [0x003D9A36]
	(No symbol) [0x003FAA94]
	(No symbol) [0x0040C922]
	(No symbol) [0x003FA536]
	(No symbol) [0x003D82DC]
	(No symbol) [0x003D93DD]
	GetHandleVerifier [0x0077AABD+2539405]
	GetHandleVerifier [0x007BA78F+2800735]
	GetHandleVerifier [0x007B456C+2775612]
	GetHandleVerifier [0x005A51E0+616112]
	(No symbol) [0x004B5F8C]
	(No symbol) [0x004B2328]
	(No symbol) [0x004B240B]
	(No symbol) [0x004A4FF7]
	BaseThreadInitThunk [0x757A7D59+25]
	RtlInitializeExceptionChain [0x7760B79B+107]
	RtlClearBits [0x7760B71F+191]

2023-08-05 23:16:16,759 - WARNING - E5GetMatchsStats.execute() - GetMatchsStats.get_matchs_stats() : E5SeleniumWebdriverError.ERROR_TYPE_GET_MATCHS_FAILED : Message: no such element: Unable to locate element: {"method":"css selector","selector":"th a"}
  (Session info: chrome=115.0.5790.170); For documentation on this error, please visit: https://www.selenium.dev/documentation/webdriver/troubleshooting/errors#no-such-element-exception
Stacktrace:
Backtrace:
	GetHandleVerifier [0x0051A813+48355]
	(No symbol) [0x004AC4B1]
	(No symbol) [0x003B5358]
	(No symbol) [0x003E09A5]
	(No symbol) [0x003E0B3B]
	(No symbol) [0x003D9AE1]
	(No symbol) [0x003FA784]
	(No symbol) [0x003D9A36]
	(No symbol) [0x003FAA94]
	(No symbol) [0x0040C922]
	(No symbol) [0x003FA536]
	(No symbol) [0x003D82DC]
	(No symbol) [0x003D93DD]
	GetHandleVerifier [0x0077AABD+2539405]
	GetHandleVerifier [0x007BA78F+2800735]
	GetHandleVerifier [0x007B456C+2775612]
	GetHandleVerifier [0x005A51E0+616112]
	(No symbol) [0x004B5F8C]
	(No symbol) [0x004B2328]
	(No symbol) [0x004B240B]
	(No symbol) [0x004A4FF7]
	BaseThreadInitThunk [0x757A7D59+25]
	RtlInitializeExceptionChain [0x7760B79B+107]
	RtlClearBits [0x7760B71F+191]

2023-08-05 23:16:31,371 - WARNING - E5GetMatchsStats.execute() - GetMatchsStats.get_matchs_stats() : E5SeleniumWebdriverError.ERROR_TYPE_GET_MATCHS_FAILED : Message: no such element: Unable to locate element: {"method":"css selector","selector":"th a"}
  (Session info: chrome=115.0.5790.170); For documentation on this error, please visit: https://www.selenium.dev/documentation/webdriver/troubleshooting/errors#no-such-element-exception
Stacktrace:
Backtrace:
	GetHandleVerifier [0x0051A813+48355]
	(No symbol) [0x004AC4B1]
	(No symbol) [0x003B5358]
	(No symbol) [0x003E09A5]
	(No symbol) [0x003E0B3B]
	(No symbol) [0x003D9AE1]
	(No symbol) [0x003FA784]
	(No symbol) [0x003D9A36]
	(No symbol) [0x003FAA94]
	(No symbol) [0x0040C922]
	(No symbol) [0x003FA536]
	(No symbol) [0x003D82DC]
	(No symbol) [0x003D93DD]
	GetHandleVerifier [0x0077AABD+2539405]
	GetHandleVerifier [0x007BA78F+2800735]
	GetHandleVerifier [0x007B456C+2775612]
	GetHandleVerifier [0x005A51E0+616112]
	(No symbol) [0x004B5F8C]
	(No symbol) [0x004B2328]
	(No symbol) [0x004B240B]
	(No symbol) [0x004A4FF7]
	BaseThreadInitThunk [0x757A7D59+25]
	RtlInitializeExceptionChain [0x7760B79B+107]
	RtlClearBits [0x7760B71F+191]

2023-08-05 23:16:45,735 - WARNING - E5GetMatchsStats.execute() - GetMatchsStats.get_matchs_stats() : E5SeleniumWebdriverError.ERROR_TYPE_GET_MATCHS_FAILED : Message: no such element: Unable to locate element: {"method":"css selector","selector":"th a"}
  (Session info: chrome=115.0.5790.170); For documentation on this error, please visit: https://www.selenium.dev/documentation/webdriver/troubleshooting/errors#no-such-element-exception
Stacktrace:
Backtrace:
	GetHandleVerifier [0x0051A813+48355]
	(No symbol) [0x004AC4B1]
	(No symbol) [0x003B5358]
	(No symbol) [0x003E09A5]
	(No symbol) [0x003E0B3B]
	(No symbol) [0x003D9AE1]
	(No symbol) [0x003FA784]
	(No symbol) [0x003D9A36]
	(No symbol) [0x003FAA94]
	(No symbol) [0x0040C922]
	(No symbol) [0x003FA536]
	(No symbol) [0x003D82DC]
	(No symbol) [0x003D93DD]
	GetHandleVerifier [0x0077AABD+2539405]
	GetHandleVerifier [0x007BA78F+2800735]
	GetHandleVerifier [0x007B456C+2775612]
	GetHandleVerifier [0x005A51E0+616112]
	(No symbol) [0x004B5F8C]
	(No symbol) [0x004B2328]
	(No symbol) [0x004B240B]
	(No symbol) [0x004A4FF7]
	BaseThreadInitThunk [0x757A7D59+25]
	RtlInitializeExceptionChain [0x7760B79B+107]
	RtlClearBits [0x7760B71F+191]

2023-08-05 23:16:59,809 - WARNING - E5GetMatchsStats.execute() - GetMatchsStats.get_matchs_stats() : E5SeleniumWebdriverError.ERROR_TYPE_GET_MATCHS_FAILED : Message: no such element: Unable to locate element: {"method":"css selector","selector":"th a"}
  (Session info: chrome=115.0.5790.170); For documentation on this error, please visit: https://www.selenium.dev/documentation/webdriver/troubleshooting/errors#no-such-element-exception
Stacktrace:
Backtrace:
	GetHandleVerifier [0x0051A813+48355]
	(No symbol) [0x004AC4B1]
	(No symbol) [0x003B5358]
	(No symbol) [0x003E09A5]
	(No symbol) [0x003E0B3B]
	(No symbol) [0x003D9AE1]
	(No symbol) [0x003FA784]
	(No symbol) [0x003D9A36]
	(No symbol) [0x003FAA94]
	(No symbol) [0x0040C922]
	(No symbol) [0x003FA536]
	(No symbol) [0x003D82DC]
	(No symbol) [0x003D93DD]
	GetHandleVerifier [0x0077AABD+2539405]
	GetHandleVerifier [0x007BA78F+2800735]
	GetHandleVerifier [0x007B456C+2775612]
	GetHandleVerifier [0x005A51E0+616112]
	(No symbol) [0x004B5F8C]
	(No symbol) [0x004B2328]
	(No symbol) [0x004B240B]
	(No symbol) [0x004A4FF7]
	BaseThreadInitThunk [0x757A7D59+25]
	RtlInitializeExceptionChain [0x7760B79B+107]
	RtlClearBits [0x7760B71F+191]

2023-08-05 23:17:14,098 - WARNING - E5GetMatchsStats.execute() - GetMatchsStats.get_matchs_stats() : E5SeleniumWebdriverError.ERROR_TYPE_GET_MATCHS_FAILED : Message: no such element: Unable to locate element: {"method":"css selector","selector":"th a"}
  (Session info: chrome=115.0.5790.170); For documentation on this error, please visit: https://www.selenium.dev/documentation/webdriver/troubleshooting/errors#no-such-element-exception
Stacktrace:
Backtrace:
	GetHandleVerifier [0x0051A813+48355]
	(No symbol) [0x004AC4B1]
	(No symbol) [0x003B5358]
	(No symbol) [0x003E09A5]
	(No symbol) [0x003E0B3B]
	(No symbol) [0x003D9AE1]
	(No symbol) [0x003FA784]
	(No symbol) [0x003D9A36]
	(No symbol) [0x003FAA94]
	(No symbol) [0x0040C922]
	(No symbol) [0x003FA536]
	(No symbol) [0x003D82DC]
	(No symbol) [0x003D93DD]
	GetHandleVerifier [0x0077AABD+2539405]
	GetHandleVerifier [0x007BA78F+2800735]
	GetHandleVerifier [0x007B456C+2775612]
	GetHandleVerifier [0x005A51E0+616112]
	(No symbol) [0x004B5F8C]
	(No symbol) [0x004B2328]
	(No symbol) [0x004B240B]
	(No symbol) [0x004A4FF7]
	BaseThreadInitThunk [0x757A7D59+25]
	RtlInitializeExceptionChain [0x7760B79B+107]
	RtlClearBits [0x7760B71F+191]

2023-08-05 23:17:27,857 - WARNING - E5GetMatchsStats.execute() - GetMatchsStats.get_matchs_stats() : E5SeleniumWebdriverError.ERROR_TYPE_GET_MATCHS_FAILED : Message: no such element: Unable to locate element: {"method":"css selector","selector":"th a"}
  (Session info: chrome=115.0.5790.170); For documentation on this error, please visit: https://www.selenium.dev/documentation/webdriver/troubleshooting/errors#no-such-element-exception
Stacktrace:
Backtrace:
	GetHandleVerifier [0x0051A813+48355]
	(No symbol) [0x004AC4B1]
	(No symbol) [0x003B5358]
	(No symbol) [0x003E09A5]
	(No symbol) [0x003E0B3B]
	(No symbol) [0x003D9AE1]
	(No symbol) [0x003FA784]
	(No symbol) [0x003D9A36]
	(No symbol) [0x003FAA94]
	(No symbol) [0x0040C922]
	(No symbol) [0x003FA536]
	(No symbol) [0x003D82DC]
	(No symbol) [0x003D93DD]
	GetHandleVerifier [0x0077AABD+2539405]
	GetHandleVerifier [0x007BA78F+2800735]
	GetHandleVerifier [0x007B456C+2775612]
	GetHandleVerifier [0x005A51E0+616112]
	(No symbol) [0x004B5F8C]
	(No symbol) [0x004B2328]
	(No symbol) [0x004B240B]
	(No symbol) [0x004A4FF7]
	BaseThreadInitThunk [0x757A7D59+25]
	RtlInitializeExceptionChain [0x7760B79B+107]
	RtlClearBits [0x7760B71F+191]

2023-08-05 23:17:41,973 - WARNING - E5GetMatchsStats.execute() - GetMatchsStats.get_matchs_stats() : E5SeleniumWebdriverError.ERROR_TYPE_GET_MATCHS_FAILED : Message: no such element: Unable to locate element: {"method":"css selector","selector":"th a"}
  (Session info: chrome=115.0.5790.170); For documentation on this error, please visit: https://www.selenium.dev/documentation/webdriver/troubleshooting/errors#no-such-element-exception
Stacktrace:
Backtrace:
	GetHandleVerifier [0x0051A813+48355]
	(No symbol) [0x004AC4B1]
	(No symbol) [0x003B5358]
	(No symbol) [0x003E09A5]
	(No symbol) [0x003E0B3B]
	(No symbol) [0x003D9AE1]
	(No symbol) [0x003FA784]
	(No symbol) [0x003D9A36]
	(No symbol) [0x003FAA94]
	(No symbol) [0x0040C922]
	(No symbol) [0x003FA536]
	(No symbol) [0x003D82DC]
	(No symbol) [0x003D93DD]
	GetHandleVerifier [0x0077AABD+2539405]
	GetHandleVerifier [0x007BA78F+2800735]
	GetHandleVerifier [0x007B456C+2775612]
	GetHandleVerifier [0x005A51E0+616112]
	(No symbol) [0x004B5F8C]
	(No symbol) [0x004B2328]
	(No symbol) [0x004B240B]
	(No symbol) [0x004A4FF7]
	BaseThreadInitThunk [0x757A7D59+25]
	RtlInitializeExceptionChain [0x7760B79B+107]
	RtlClearBits [0x7760B71F+191]

2023-08-05 23:17:56,079 - WARNING - E5GetMatchsStats.execute() - GetMatchsStats.get_matchs_stats() : E5SeleniumWebdriverError.ERROR_TYPE_GET_MATCHS_FAILED : Message: no such element: Unable to locate element: {"method":"css selector","selector":"th a"}
  (Session info: chrome=115.0.5790.170); For documentation on this error, please visit: https://www.selenium.dev/documentation/webdriver/troubleshooting/errors#no-such-element-exception
Stacktrace:
Backtrace:
	GetHandleVerifier [0x0051A813+48355]
	(No symbol) [0x004AC4B1]
	(No symbol) [0x003B5358]
	(No symbol) [0x003E09A5]
	(No symbol) [0x003E0B3B]
	(No symbol) [0x003D9AE1]
	(No symbol) [0x003FA784]
	(No symbol) [0x003D9A36]
	(No symbol) [0x003FAA94]
	(No symbol) [0x0040C922]
	(No symbol) [0x003FA536]
	(No symbol) [0x003D82DC]
	(No symbol) [0x003D93DD]
	GetHandleVerifier [0x0077AABD+2539405]
	GetHandleVerifier [0x007BA78F+2800735]
	GetHandleVerifier [0x007B456C+2775612]
	GetHandleVerifier [0x005A51E0+616112]
	(No symbol) [0x004B5F8C]
	(No symbol) [0x004B2328]
	(No symbol) [0x004B240B]
	(No symbol) [0x004A4FF7]
	BaseThreadInitThunk [0x757A7D59+25]
	RtlInitializeExceptionChain [0x7760B79B+107]
	RtlClearBits [0x7760B71F+191]

2023-08-05 23:18:10,526 - WARNING - E5GetMatchsStats.execute() - GetMatchsStats.get_matchs_stats() : E5SeleniumWebdriverError.ERROR_TYPE_GET_MATCHS_FAILED : Message: no such element: Unable to locate element: {"method":"css selector","selector":"th a"}
  (Session info: chrome=115.0.5790.170); For documentation on this error, please visit: https://www.selenium.dev/documentation/webdriver/troubleshooting/errors#no-such-element-exception
Stacktrace:
Backtrace:
	GetHandleVerifier [0x0051A813+48355]
	(No symbol) [0x004AC4B1]
	(No symbol) [0x003B5358]
	(No symbol) [0x003E09A5]
	(No symbol) [0x003E0B3B]
	(No symbol) [0x003D9AE1]
	(No symbol) [0x003FA784]
	(No symbol) [0x003D9A36]
	(No symbol) [0x003FAA94]
	(No symbol) [0x0040C922]
	(No symbol) [0x003FA536]
	(No symbol) [0x003D82DC]
	(No symbol) [0x003D93DD]
	GetHandleVerifier [0x0077AABD+2539405]
	GetHandleVerifier [0x007BA78F+2800735]
	GetHandleVerifier [0x007B456C+2775612]
	GetHandleVerifier [0x005A51E0+616112]
	(No symbol) [0x004B5F8C]
	(No symbol) [0x004B2328]
	(No symbol) [0x004B240B]
	(No symbol) [0x004A4FF7]
	BaseThreadInitThunk [0x757A7D59+25]
	RtlInitializeExceptionChain [0x7760B79B+107]
	RtlClearBits [0x7760B71F+191]

2023-08-05 23:18:24,846 - WARNING - E5GetMatchsStats.execute() - GetMatchsStats.get_matchs_stats() : E5SeleniumWebdriverError.ERROR_TYPE_GET_MATCHS_FAILED : Message: no such element: Unable to locate element: {"method":"css selector","selector":"th a"}
  (Session info: chrome=115.0.5790.170); For documentation on this error, please visit: https://www.selenium.dev/documentation/webdriver/troubleshooting/errors#no-such-element-exception
Stacktrace:
Backtrace:
	GetHandleVerifier [0x0051A813+48355]
	(No symbol) [0x004AC4B1]
	(No symbol) [0x003B5358]
	(No symbol) [0x003E09A5]
	(No symbol) [0x003E0B3B]
	(No symbol) [0x003D9AE1]
	(No symbol) [0x003FA784]
	(No symbol) [0x003D9A36]
	(No symbol) [0x003FAA94]
	(No symbol) [0x0040C922]
	(No symbol) [0x003FA536]
	(No symbol) [0x003D82DC]
	(No symbol) [0x003D93DD]
	GetHandleVerifier [0x0077AABD+2539405]
	GetHandleVerifier [0x007BA78F+2800735]
	GetHandleVerifier [0x007B456C+2775612]
	GetHandleVerifier [0x005A51E0+616112]
	(No symbol) [0x004B5F8C]
	(No symbol) [0x004B2328]
	(No symbol) [0x004B240B]
	(No symbol) [0x004A4FF7]
	BaseThreadInitThunk [0x757A7D59+25]
	RtlInitializeExceptionChain [0x7760B79B+107]
	RtlClearBits [0x7760B71F+191]

2023-08-05 23:18:39,522 - WARNING - E5GetMatchsStats.execute() - GetMatchsStats.get_matchs_stats() : E5SeleniumWebdriverError.ERROR_TYPE_GET_MATCHS_FAILED : Message: no such element: Unable to locate element: {"method":"css selector","selector":"th a"}
  (Session info: chrome=115.0.5790.170); For documentation on this error, please visit: https://www.selenium.dev/documentation/webdriver/troubleshooting/errors#no-such-element-exception
Stacktrace:
Backtrace:
	GetHandleVerifier [0x0051A813+48355]
	(No symbol) [0x004AC4B1]
	(No symbol) [0x003B5358]
	(No symbol) [0x003E09A5]
	(No symbol) [0x003E0B3B]
	(No symbol) [0x003D9AE1]
	(No symbol) [0x003FA784]
	(No symbol) [0x003D9A36]
	(No symbol) [0x003FAA94]
	(No symbol) [0x0040C922]
	(No symbol) [0x003FA536]
	(No symbol) [0x003D82DC]
	(No symbol) [0x003D93DD]
	GetHandleVerifier [0x0077AABD+2539405]
	GetHandleVerifier [0x007BA78F+2800735]
	GetHandleVerifier [0x007B456C+2775612]
	GetHandleVerifier [0x005A51E0+616112]
	(No symbol) [0x004B5F8C]
	(No symbol) [0x004B2328]
	(No symbol) [0x004B240B]
	(No symbol) [0x004A4FF7]
	BaseThreadInitThunk [0x757A7D59+25]
	RtlInitializeExceptionChain [0x7760B79B+107]
	RtlClearBits [0x7760B71F+191]

2023-08-05 23:18:54,557 - WARNING - E5GetMatchsStats.execute() - GetMatchsStats.get_matchs_stats() : E5SeleniumWebdriverError.ERROR_TYPE_GET_MATCHS_FAILED : Message: no such element: Unable to locate element: {"method":"css selector","selector":"th a"}
  (Session info: chrome=115.0.5790.170); For documentation on this error, please visit: https://www.selenium.dev/documentation/webdriver/troubleshooting/errors#no-such-element-exception
Stacktrace:
Backtrace:
	GetHandleVerifier [0x0051A813+48355]
	(No symbol) [0x004AC4B1]
	(No symbol) [0x003B5358]
	(No symbol) [0x003E09A5]
	(No symbol) [0x003E0B3B]
	(No symbol) [0x003D9AE1]
	(No symbol) [0x003FA784]
	(No symbol) [0x003D9A36]
	(No symbol) [0x003FAA94]
	(No symbol) [0x0040C922]
	(No symbol) [0x003FA536]
	(No symbol) [0x003D82DC]
	(No symbol) [0x003D93DD]
	GetHandleVerifier [0x0077AABD+2539405]
	GetHandleVerifier [0x007BA78F+2800735]
	GetHandleVerifier [0x007B456C+2775612]
	GetHandleVerifier [0x005A51E0+616112]
	(No symbol) [0x004B5F8C]
	(No symbol) [0x004B2328]
	(No symbol) [0x004B240B]
	(No symbol) [0x004A4FF7]
	BaseThreadInitThunk [0x757A7D59+25]
	RtlInitializeExceptionChain [0x7760B79B+107]
	RtlClearBits [0x7760B71F+191]

2023-08-05 23:19:07,729 - WARNING - E5GetMatchsStats.execute() - GetMatchsStats.get_matchs_stats() : E5SeleniumWebdriverError.ERROR_TYPE_GET_MATCHS_FAILED : E5Team matching query does not exist.
2023-08-05 23:19:21,364 - WARNING - E5GetMatchsStats.execute() - GetMatchsStats.get_matchs_stats() : E5SeleniumWebdriverError.ERROR_TYPE_GET_MATCHS_FAILED : Message: no such element: Unable to locate element: {"method":"css selector","selector":"th a"}
  (Session info: chrome=115.0.5790.170); For documentation on this error, please visit: https://www.selenium.dev/documentation/webdriver/troubleshooting/errors#no-such-element-exception
Stacktrace:
Backtrace:
	GetHandleVerifier [0x0051A813+48355]
	(No symbol) [0x004AC4B1]
	(No symbol) [0x003B5358]
	(No symbol) [0x003E09A5]
	(No symbol) [0x003E0B3B]
	(No symbol) [0x003D9AE1]
	(No symbol) [0x003FA784]
	(No symbol) [0x003D9A36]
	(No symbol) [0x003FAA94]
	(No symbol) [0x0040C922]
	(No symbol) [0x003FA536]
	(No symbol) [0x003D82DC]
	(No symbol) [0x003D93DD]
	GetHandleVerifier [0x0077AABD+2539405]
	GetHandleVerifier [0x007BA78F+2800735]
	GetHandleVerifier [0x007B456C+2775612]
	GetHandleVerifier [0x005A51E0+616112]
	(No symbol) [0x004B5F8C]
	(No symbol) [0x004B2328]
	(No symbol) [0x004B240B]
	(No symbol) [0x004A4FF7]
	BaseThreadInitThunk [0x757A7D59+25]
	RtlInitializeExceptionChain [0x7760B79B+107]
	RtlClearBits [0x7760B71F+191]

2023-08-05 23:19:36,082 - WARNING - E5GetMatchsStats.execute() - GetMatchsStats.get_matchs_stats() : E5SeleniumWebdriverError.ERROR_TYPE_GET_MATCHS_FAILED : Message: no such element: Unable to locate element: {"method":"css selector","selector":"th a"}
  (Session info: chrome=115.0.5790.170); For documentation on this error, please visit: https://www.selenium.dev/documentation/webdriver/troubleshooting/errors#no-such-element-exception
Stacktrace:
Backtrace:
	GetHandleVerifier [0x0051A813+48355]
	(No symbol) [0x004AC4B1]
	(No symbol) [0x003B5358]
	(No symbol) [0x003E09A5]
	(No symbol) [0x003E0B3B]
	(No symbol) [0x003D9AE1]
	(No symbol) [0x003FA784]
	(No symbol) [0x003D9A36]
	(No symbol) [0x003FAA94]
	(No symbol) [0x0040C922]
	(No symbol) [0x003FA536]
	(No symbol) [0x003D82DC]
	(No symbol) [0x003D93DD]
	GetHandleVerifier [0x0077AABD+2539405]
	GetHandleVerifier [0x007BA78F+2800735]
	GetHandleVerifier [0x007B456C+2775612]
	GetHandleVerifier [0x005A51E0+616112]
	(No symbol) [0x004B5F8C]
	(No symbol) [0x004B2328]
	(No symbol) [0x004B240B]
	(No symbol) [0x004A4FF7]
	BaseThreadInitThunk [0x757A7D59+25]
	RtlInitializeExceptionChain [0x7760B79B+107]
	RtlClearBits [0x7760B71F+191]

2023-08-05 23:19:56,857 - WARNING - E5GetMatchsStats.execute() - GetMatchsStats.get_matchs_stats() : E5SeleniumWebdriverError.ERROR_TYPE_GET_MATCHS_FAILED : E5Team matching query does not exist.
2023-08-05 23:20:10,089 - WARNING - E5GetMatchsStats.execute() - GetMatchsStats.get_matchs_stats() : E5SeleniumWebdriverError.ERROR_TYPE_GET_MATCHS_FAILED : Message: no such element: Unable to locate element: {"method":"css selector","selector":"th a"}
  (Session info: chrome=115.0.5790.170); For documentation on this error, please visit: https://www.selenium.dev/documentation/webdriver/troubleshooting/errors#no-such-element-exception
Stacktrace:
Backtrace:
	GetHandleVerifier [0x0051A813+48355]
	(No symbol) [0x004AC4B1]
	(No symbol) [0x003B5358]
	(No symbol) [0x003E09A5]
	(No symbol) [0x003E0B3B]
	(No symbol) [0x003D9AE1]
	(No symbol) [0x003FA784]
	(No symbol) [0x003D9A36]
	(No symbol) [0x003FAA94]
	(No symbol) [0x0040C922]
	(No symbol) [0x003FA536]
	(No symbol) [0x003D82DC]
	(No symbol) [0x003D93DD]
	GetHandleVerifier [0x0077AABD+2539405]
	GetHandleVerifier [0x007BA78F+2800735]
	GetHandleVerifier [0x007B456C+2775612]
	GetHandleVerifier [0x005A51E0+616112]
	(No symbol) [0x004B5F8C]
	(No symbol) [0x004B2328]
	(No symbol) [0x004B240B]
	(No symbol) [0x004A4FF7]
	BaseThreadInitThunk [0x757A7D59+25]
	RtlInitializeExceptionChain [0x7760B79B+107]
	RtlClearBits [0x7760B71F+191]

2023-08-05 23:20:24,295 - WARNING - E5GetMatchsStats.execute() - GetMatchsStats.get_matchs_stats() : E5SeleniumWebdriverError.ERROR_TYPE_GET_MATCHS_FAILED : Message: no such element: Unable to locate element: {"method":"css selector","selector":"th a"}
  (Session info: chrome=115.0.5790.170); For documentation on this error, please visit: https://www.selenium.dev/documentation/webdriver/troubleshooting/errors#no-such-element-exception
Stacktrace:
Backtrace:
	GetHandleVerifier [0x0051A813+48355]
	(No symbol) [0x004AC4B1]
	(No symbol) [0x003B5358]
	(No symbol) [0x003E09A5]
	(No symbol) [0x003E0B3B]
	(No symbol) [0x003D9AE1]
	(No symbol) [0x003FA784]
	(No symbol) [0x003D9A36]
	(No symbol) [0x003FAA94]
	(No symbol) [0x0040C922]
	(No symbol) [0x003FA536]
	(No symbol) [0x003D82DC]
	(No symbol) [0x003D93DD]
	GetHandleVerifier [0x0077AABD+2539405]
	GetHandleVerifier [0x007BA78F+2800735]
	GetHandleVerifier [0x007B456C+2775612]
	GetHandleVerifier [0x005A51E0+616112]
	(No symbol) [0x004B5F8C]
	(No symbol) [0x004B2328]
	(No symbol) [0x004B240B]
	(No symbol) [0x004A4FF7]
	BaseThreadInitThunk [0x757A7D59+25]
	RtlInitializeExceptionChain [0x7760B79B+107]
	RtlClearBits [0x7760B71F+191]

2023-08-05 23:20:37,519 - WARNING - E5GetMatchsStats.execute() - GetMatchsStats.get_matchs_stats() : E5SeleniumWebdriverError.ERROR_TYPE_GET_MATCHS_FAILED : E5Team matching query does not exist.
2023-08-05 23:20:48,948 - WARNING - E5GetMatchsStats.execute() - GetMatchsStats.get_matchs_stats() : E5SeleniumWebdriverError.ERROR_TYPE_GET_MATCHS_FAILED : E5Team matching query does not exist.
2023-08-05 23:21:03,582 - WARNING - E5GetMatchsStats.execute() - GetMatchsStats.get_matchs_stats() : E5SeleniumWebdriverError.ERROR_TYPE_GET_MATCHS_FAILED : Message: no such element: Unable to locate element: {"method":"css selector","selector":"th a"}
  (Session info: chrome=115.0.5790.170); For documentation on this error, please visit: https://www.selenium.dev/documentation/webdriver/troubleshooting/errors#no-such-element-exception
Stacktrace:
Backtrace:
	GetHandleVerifier [0x0051A813+48355]
	(No symbol) [0x004AC4B1]
	(No symbol) [0x003B5358]
	(No symbol) [0x003E09A5]
	(No symbol) [0x003E0B3B]
	(No symbol) [0x003D9AE1]
	(No symbol) [0x003FA784]
	(No symbol) [0x003D9A36]
	(No symbol) [0x003FAA94]
	(No symbol) [0x0040C922]
	(No symbol) [0x003FA536]
	(No symbol) [0x003D82DC]
	(No symbol) [0x003D93DD]
	GetHandleVerifier [0x0077AABD+2539405]
	GetHandleVerifier [0x007BA78F+2800735]
	GetHandleVerifier [0x007B456C+2775612]
	GetHandleVerifier [0x005A51E0+616112]
	(No symbol) [0x004B5F8C]
	(No symbol) [0x004B2328]
	(No symbol) [0x004B240B]
	(No symbol) [0x004A4FF7]
	BaseThreadInitThunk [0x757A7D59+25]
	RtlInitializeExceptionChain [0x7760B79B+107]
	RtlClearBits [0x7760B71F+191]

2023-08-05 23:21:16,409 - WARNING - E5GetMatchsStats.execute() - GetMatchsStats.get_matchs_stats() : E5SeleniumWebdriverError.ERROR_TYPE_GET_MATCHS_FAILED : E5Team matching query does not exist.
2023-08-05 23:21:27,376 - WARNING - E5GetMatchsStats.execute() - GetMatchsStats.get_matchs_stats() : E5SeleniumWebdriverError.ERROR_TYPE_GET_MATCHS_FAILED : E5Team matching query does not exist.
2023-08-05 23:21:38,632 - WARNING - E5GetMatchsStats.execute() - GetMatchsStats.get_matchs_stats() : E5SeleniumWebdriverError.ERROR_TYPE_GET_MATCHS_FAILED : E5Team matching query does not exist.
2023-08-05 23:21:52,625 - WARNING - E5GetMatchsStats.execute() - GetMatchsStats.get_matchs_stats() : E5SeleniumWebdriverError.ERROR_TYPE_GET_MATCHS_FAILED : Message: no such element: Unable to locate element: {"method":"css selector","selector":"th a"}
  (Session info: chrome=115.0.5790.170); For documentation on this error, please visit: https://www.selenium.dev/documentation/webdriver/troubleshooting/errors#no-such-element-exception
Stacktrace:
Backtrace:
	GetHandleVerifier [0x0051A813+48355]
	(No symbol) [0x004AC4B1]
	(No symbol) [0x003B5358]
	(No symbol) [0x003E09A5]
	(No symbol) [0x003E0B3B]
	(No symbol) [0x003D9AE1]
	(No symbol) [0x003FA784]
	(No symbol) [0x003D9A36]
	(No symbol) [0x003FAA94]
	(No symbol) [0x0040C922]
	(No symbol) [0x003FA536]
	(No symbol) [0x003D82DC]
	(No symbol) [0x003D93DD]
	GetHandleVerifier [0x0077AABD+2539405]
	GetHandleVerifier [0x007BA78F+2800735]
	GetHandleVerifier [0x007B456C+2775612]
	GetHandleVerifier [0x005A51E0+616112]
	(No symbol) [0x004B5F8C]
	(No symbol) [0x004B2328]
	(No symbol) [0x004B240B]
	(No symbol) [0x004A4FF7]
	BaseThreadInitThunk [0x757A7D59+25]
	RtlInitializeExceptionChain [0x7760B79B+107]
	RtlClearBits [0x7760B71F+191]

2023-08-05 23:22:07,254 - WARNING - E5GetMatchsStats.execute() - GetMatchsStats.get_matchs_stats() : E5SeleniumWebdriverError.ERROR_TYPE_GET_MATCHS_FAILED : Message: no such element: Unable to locate element: {"method":"css selector","selector":"th a"}
  (Session info: chrome=115.0.5790.170); For documentation on this error, please visit: https://www.selenium.dev/documentation/webdriver/troubleshooting/errors#no-such-element-exception
Stacktrace:
Backtrace:
	GetHandleVerifier [0x0051A813+48355]
	(No symbol) [0x004AC4B1]
	(No symbol) [0x003B5358]
	(No symbol) [0x003E09A5]
	(No symbol) [0x003E0B3B]
	(No symbol) [0x003D9AE1]
	(No symbol) [0x003FA784]
	(No symbol) [0x003D9A36]
	(No symbol) [0x003FAA94]
	(No symbol) [0x0040C922]
	(No symbol) [0x003FA536]
	(No symbol) [0x003D82DC]
	(No symbol) [0x003D93DD]
	GetHandleVerifier [0x0077AABD+2539405]
	GetHandleVerifier [0x007BA78F+2800735]
	GetHandleVerifier [0x007B456C+2775612]
	GetHandleVerifier [0x005A51E0+616112]
	(No symbol) [0x004B5F8C]
	(No symbol) [0x004B2328]
	(No symbol) [0x004B240B]
	(No symbol) [0x004A4FF7]
	BaseThreadInitThunk [0x757A7D59+25]
	RtlInitializeExceptionChain [0x7760B79B+107]
	RtlClearBits [0x7760B71F+191]

2023-08-05 23:22:21,278 - WARNING - E5GetMatchsStats.execute() - GetMatchsStats.get_matchs_stats() : E5SeleniumWebdriverError.ERROR_TYPE_GET_MATCHS_FAILED : Message: no such element: Unable to locate element: {"method":"css selector","selector":"th a"}
  (Session info: chrome=115.0.5790.170); For documentation on this error, please visit: https://www.selenium.dev/documentation/webdriver/troubleshooting/errors#no-such-element-exception
Stacktrace:
Backtrace:
	GetHandleVerifier [0x0051A813+48355]
	(No symbol) [0x004AC4B1]
	(No symbol) [0x003B5358]
	(No symbol) [0x003E09A5]
	(No symbol) [0x003E0B3B]
	(No symbol) [0x003D9AE1]
	(No symbol) [0x003FA784]
	(No symbol) [0x003D9A36]
	(No symbol) [0x003FAA94]
	(No symbol) [0x0040C922]
	(No symbol) [0x003FA536]
	(No symbol) [0x003D82DC]
	(No symbol) [0x003D93DD]
	GetHandleVerifier [0x0077AABD+2539405]
	GetHandleVerifier [0x007BA78F+2800735]
	GetHandleVerifier [0x007B456C+2775612]
	GetHandleVerifier [0x005A51E0+616112]
	(No symbol) [0x004B5F8C]
	(No symbol) [0x004B2328]
	(No symbol) [0x004B240B]
	(No symbol) [0x004A4FF7]
	BaseThreadInitThunk [0x757A7D59+25]
	RtlInitializeExceptionChain [0x7760B79B+107]
	RtlClearBits [0x7760B71F+191]

2023-08-05 23:22:35,536 - WARNING - E5GetMatchsStats.execute() - GetMatchsStats.get_matchs_stats() : E5SeleniumWebdriverError.ERROR_TYPE_GET_MATCHS_FAILED : Message: no such element: Unable to locate element: {"method":"css selector","selector":"th a"}
  (Session info: chrome=115.0.5790.170); For documentation on this error, please visit: https://www.selenium.dev/documentation/webdriver/troubleshooting/errors#no-such-element-exception
Stacktrace:
Backtrace:
	GetHandleVerifier [0x0051A813+48355]
	(No symbol) [0x004AC4B1]
	(No symbol) [0x003B5358]
	(No symbol) [0x003E09A5]
	(No symbol) [0x003E0B3B]
	(No symbol) [0x003D9AE1]
	(No symbol) [0x003FA784]
	(No symbol) [0x003D9A36]
	(No symbol) [0x003FAA94]
	(No symbol) [0x0040C922]
	(No symbol) [0x003FA536]
	(No symbol) [0x003D82DC]
	(No symbol) [0x003D93DD]
	GetHandleVerifier [0x0077AABD+2539405]
	GetHandleVerifier [0x007BA78F+2800735]
	GetHandleVerifier [0x007B456C+2775612]
	GetHandleVerifier [0x005A51E0+616112]
	(No symbol) [0x004B5F8C]
	(No symbol) [0x004B2328]
	(No symbol) [0x004B240B]
	(No symbol) [0x004A4FF7]
	BaseThreadInitThunk [0x757A7D59+25]
	RtlInitializeExceptionChain [0x7760B79B+107]
	RtlClearBits [0x7760B71F+191]

2023-08-05 23:22:50,371 - WARNING - E5GetMatchsStats.execute() - GetMatchsStats.get_matchs_stats() : E5SeleniumWebdriverError.ERROR_TYPE_GET_MATCHS_FAILED : Message: no such element: Unable to locate element: {"method":"css selector","selector":"th a"}
  (Session info: chrome=115.0.5790.170); For documentation on this error, please visit: https://www.selenium.dev/documentation/webdriver/troubleshooting/errors#no-such-element-exception
Stacktrace:
Backtrace:
	GetHandleVerifier [0x0051A813+48355]
	(No symbol) [0x004AC4B1]
	(No symbol) [0x003B5358]
	(No symbol) [0x003E09A5]
	(No symbol) [0x003E0B3B]
	(No symbol) [0x003D9AE1]
	(No symbol) [0x003FA784]
	(No symbol) [0x003D9A36]
	(No symbol) [0x003FAA94]
	(No symbol) [0x0040C922]
	(No symbol) [0x003FA536]
	(No symbol) [0x003D82DC]
	(No symbol) [0x003D93DD]
	GetHandleVerifier [0x0077AABD+2539405]
	GetHandleVerifier [0x007BA78F+2800735]
	GetHandleVerifier [0x007B456C+2775612]
	GetHandleVerifier [0x005A51E0+616112]
	(No symbol) [0x004B5F8C]
	(No symbol) [0x004B2328]
	(No symbol) [0x004B240B]
	(No symbol) [0x004A4FF7]
	BaseThreadInitThunk [0x757A7D59+25]
	RtlInitializeExceptionChain [0x7760B79B+107]
	RtlClearBits [0x7760B71F+191]

2023-08-05 23:23:04,549 - WARNING - E5GetMatchsStats.execute() - GetMatchsStats.get_matchs_stats() : E5SeleniumWebdriverError.ERROR_TYPE_GET_MATCHS_FAILED : Message: no such element: Unable to locate element: {"method":"css selector","selector":"th a"}
  (Session info: chrome=115.0.5790.170); For documentation on this error, please visit: https://www.selenium.dev/documentation/webdriver/troubleshooting/errors#no-such-element-exception
Stacktrace:
Backtrace:
	GetHandleVerifier [0x0051A813+48355]
	(No symbol) [0x004AC4B1]
	(No symbol) [0x003B5358]
	(No symbol) [0x003E09A5]
	(No symbol) [0x003E0B3B]
	(No symbol) [0x003D9AE1]
	(No symbol) [0x003FA784]
	(No symbol) [0x003D9A36]
	(No symbol) [0x003FAA94]
	(No symbol) [0x0040C922]
	(No symbol) [0x003FA536]
	(No symbol) [0x003D82DC]
	(No symbol) [0x003D93DD]
	GetHandleVerifier [0x0077AABD+2539405]
	GetHandleVerifier [0x007BA78F+2800735]
	GetHandleVerifier [0x007B456C+2775612]
	GetHandleVerifier [0x005A51E0+616112]
	(No symbol) [0x004B5F8C]
	(No symbol) [0x004B2328]
	(No symbol) [0x004B240B]
	(No symbol) [0x004A4FF7]
	BaseThreadInitThunk [0x757A7D59+25]
	RtlInitializeExceptionChain [0x7760B79B+107]
	RtlClearBits [0x7760B71F+191]

2023-08-05 23:23:18,387 - WARNING - E5GetMatchsStats.execute() - GetMatchsStats.get_matchs_stats() : E5SeleniumWebdriverError.ERROR_TYPE_GET_MATCHS_FAILED : Message: no such element: Unable to locate element: {"method":"css selector","selector":"th a"}
  (Session info: chrome=115.0.5790.170); For documentation on this error, please visit: https://www.selenium.dev/documentation/webdriver/troubleshooting/errors#no-such-element-exception
Stacktrace:
Backtrace:
	GetHandleVerifier [0x0051A813+48355]
	(No symbol) [0x004AC4B1]
	(No symbol) [0x003B5358]
	(No symbol) [0x003E09A5]
	(No symbol) [0x003E0B3B]
	(No symbol) [0x003D9AE1]
	(No symbol) [0x003FA784]
	(No symbol) [0x003D9A36]
	(No symbol) [0x003FAA94]
	(No symbol) [0x0040C922]
	(No symbol) [0x003FA536]
	(No symbol) [0x003D82DC]
	(No symbol) [0x003D93DD]
	GetHandleVerifier [0x0077AABD+2539405]
	GetHandleVerifier [0x007BA78F+2800735]
	GetHandleVerifier [0x007B456C+2775612]
	GetHandleVerifier [0x005A51E0+616112]
	(No symbol) [0x004B5F8C]
	(No symbol) [0x004B2328]
	(No symbol) [0x004B240B]
	(No symbol) [0x004A4FF7]
	BaseThreadInitThunk [0x757A7D59+25]
	RtlInitializeExceptionChain [0x7760B79B+107]
	RtlClearBits [0x7760B71F+191]

2023-08-05 23:23:31,901 - WARNING - E5GetMatchsStats.execute() - GetMatchsStats.get_matchs_stats() : E5SeleniumWebdriverError.ERROR_TYPE_GET_MATCHS_FAILED : Message: no such element: Unable to locate element: {"method":"css selector","selector":"th a"}
  (Session info: chrome=115.0.5790.170); For documentation on this error, please visit: https://www.selenium.dev/documentation/webdriver/troubleshooting/errors#no-such-element-exception
Stacktrace:
Backtrace:
	GetHandleVerifier [0x0051A813+48355]
	(No symbol) [0x004AC4B1]
	(No symbol) [0x003B5358]
	(No symbol) [0x003E09A5]
	(No symbol) [0x003E0B3B]
	(No symbol) [0x003D9AE1]
	(No symbol) [0x003FA784]
	(No symbol) [0x003D9A36]
	(No symbol) [0x003FAA94]
	(No symbol) [0x0040C922]
	(No symbol) [0x003FA536]
	(No symbol) [0x003D82DC]
	(No symbol) [0x003D93DD]
	GetHandleVerifier [0x0077AABD+2539405]
	GetHandleVerifier [0x007BA78F+2800735]
	GetHandleVerifier [0x007B456C+2775612]
	GetHandleVerifier [0x005A51E0+616112]
	(No symbol) [0x004B5F8C]
	(No symbol) [0x004B2328]
	(No symbol) [0x004B240B]
	(No symbol) [0x004A4FF7]
	BaseThreadInitThunk [0x757A7D59+25]
	RtlInitializeExceptionChain [0x7760B79B+107]
	RtlClearBits [0x7760B71F+191]

2023-08-05 23:23:45,148 - WARNING - E5GetMatchsStats.execute() - GetMatchsStats.get_matchs_stats() : E5SeleniumWebdriverError.ERROR_TYPE_GET_MATCHS_FAILED : Message: no such element: Unable to locate element: {"method":"css selector","selector":"th a"}
  (Session info: chrome=115.0.5790.170); For documentation on this error, please visit: https://www.selenium.dev/documentation/webdriver/troubleshooting/errors#no-such-element-exception
Stacktrace:
Backtrace:
	GetHandleVerifier [0x0051A813+48355]
	(No symbol) [0x004AC4B1]
	(No symbol) [0x003B5358]
	(No symbol) [0x003E09A5]
	(No symbol) [0x003E0B3B]
	(No symbol) [0x003D9AE1]
	(No symbol) [0x003FA784]
	(No symbol) [0x003D9A36]
	(No symbol) [0x003FAA94]
	(No symbol) [0x0040C922]
	(No symbol) [0x003FA536]
	(No symbol) [0x003D82DC]
	(No symbol) [0x003D93DD]
	GetHandleVerifier [0x0077AABD+2539405]
	GetHandleVerifier [0x007BA78F+2800735]
	GetHandleVerifier [0x007B456C+2775612]
	GetHandleVerifier [0x005A51E0+616112]
	(No symbol) [0x004B5F8C]
	(No symbol) [0x004B2328]
	(No symbol) [0x004B240B]
	(No symbol) [0x004A4FF7]
	BaseThreadInitThunk [0x757A7D59+25]
	RtlInitializeExceptionChain [0x7760B79B+107]
	RtlClearBits [0x7760B71F+191]

2023-08-05 23:23:58,236 - WARNING - E5GetMatchsStats.execute() - GetMatchsStats.get_matchs_stats() : E5SeleniumWebdriverError.ERROR_TYPE_GET_MATCHS_FAILED : Message: no such element: Unable to locate element: {"method":"css selector","selector":"th a"}
  (Session info: chrome=115.0.5790.170); For documentation on this error, please visit: https://www.selenium.dev/documentation/webdriver/troubleshooting/errors#no-such-element-exception
Stacktrace:
Backtrace:
	GetHandleVerifier [0x0051A813+48355]
	(No symbol) [0x004AC4B1]
	(No symbol) [0x003B5358]
	(No symbol) [0x003E09A5]
	(No symbol) [0x003E0B3B]
	(No symbol) [0x003D9AE1]
	(No symbol) [0x003FA784]
	(No symbol) [0x003D9A36]
	(No symbol) [0x003FAA94]
	(No symbol) [0x0040C922]
	(No symbol) [0x003FA536]
	(No symbol) [0x003D82DC]
	(No symbol) [0x003D93DD]
	GetHandleVerifier [0x0077AABD+2539405]
	GetHandleVerifier [0x007BA78F+2800735]
	GetHandleVerifier [0x007B456C+2775612]
	GetHandleVerifier [0x005A51E0+616112]
	(No symbol) [0x004B5F8C]
	(No symbol) [0x004B2328]
	(No symbol) [0x004B240B]
	(No symbol) [0x004A4FF7]
	BaseThreadInitThunk [0x757A7D59+25]
	RtlInitializeExceptionChain [0x7760B79B+107]
	RtlClearBits [0x7760B71F+191]

2023-08-05 23:24:11,579 - WARNING - E5GetMatchsStats.execute() - GetMatchsStats.get_matchs_stats() : E5SeleniumWebdriverError.ERROR_TYPE_GET_MATCHS_FAILED : Message: no such element: Unable to locate element: {"method":"css selector","selector":"th a"}
  (Session info: chrome=115.0.5790.170); For documentation on this error, please visit: https://www.selenium.dev/documentation/webdriver/troubleshooting/errors#no-such-element-exception
Stacktrace:
Backtrace:
	GetHandleVerifier [0x0051A813+48355]
	(No symbol) [0x004AC4B1]
	(No symbol) [0x003B5358]
	(No symbol) [0x003E09A5]
	(No symbol) [0x003E0B3B]
	(No symbol) [0x003D9AE1]
	(No symbol) [0x003FA784]
	(No symbol) [0x003D9A36]
	(No symbol) [0x003FAA94]
	(No symbol) [0x0040C922]
	(No symbol) [0x003FA536]
	(No symbol) [0x003D82DC]
	(No symbol) [0x003D93DD]
	GetHandleVerifier [0x0077AABD+2539405]
	GetHandleVerifier [0x007BA78F+2800735]
	GetHandleVerifier [0x007B456C+2775612]
	GetHandleVerifier [0x005A51E0+616112]
	(No symbol) [0x004B5F8C]
	(No symbol) [0x004B2328]
	(No symbol) [0x004B240B]
	(No symbol) [0x004A4FF7]
	BaseThreadInitThunk [0x757A7D59+25]
	RtlInitializeExceptionChain [0x7760B79B+107]
	RtlClearBits [0x7760B71F+191]

2023-08-05 23:24:26,890 - WARNING - E5GetMatchsStats.execute() - GetMatchsStats.get_matchs_stats() : E5SeleniumWebdriverError.ERROR_TYPE_GET_MATCHS_FAILED : Message: no such element: Unable to locate element: {"method":"css selector","selector":"th a"}
  (Session info: chrome=115.0.5790.170); For documentation on this error, please visit: https://www.selenium.dev/documentation/webdriver/troubleshooting/errors#no-such-element-exception
Stacktrace:
Backtrace:
	GetHandleVerifier [0x0051A813+48355]
	(No symbol) [0x004AC4B1]
	(No symbol) [0x003B5358]
	(No symbol) [0x003E09A5]
	(No symbol) [0x003E0B3B]
	(No symbol) [0x003D9AE1]
	(No symbol) [0x003FA784]
	(No symbol) [0x003D9A36]
	(No symbol) [0x003FAA94]
	(No symbol) [0x0040C922]
	(No symbol) [0x003FA536]
	(No symbol) [0x003D82DC]
	(No symbol) [0x003D93DD]
	GetHandleVerifier [0x0077AABD+2539405]
	GetHandleVerifier [0x007BA78F+2800735]
	GetHandleVerifier [0x007B456C+2775612]
	GetHandleVerifier [0x005A51E0+616112]
	(No symbol) [0x004B5F8C]
	(No symbol) [0x004B2328]
	(No symbol) [0x004B240B]
	(No symbol) [0x004A4FF7]
	BaseThreadInitThunk [0x757A7D59+25]
	RtlInitializeExceptionChain [0x7760B79B+107]
	RtlClearBits [0x7760B71F+191]

2023-08-05 23:24:40,214 - WARNING - E5GetMatchsStats.execute() - GetMatchsStats.get_matchs_stats() : E5SeleniumWebdriverError.ERROR_TYPE_GET_MATCHS_FAILED : Message: no such element: Unable to locate element: {"method":"css selector","selector":"th a"}
  (Session info: chrome=115.0.5790.170); For documentation on this error, please visit: https://www.selenium.dev/documentation/webdriver/troubleshooting/errors#no-such-element-exception
Stacktrace:
Backtrace:
	GetHandleVerifier [0x0051A813+48355]
	(No symbol) [0x004AC4B1]
	(No symbol) [0x003B5358]
	(No symbol) [0x003E09A5]
	(No symbol) [0x003E0B3B]
	(No symbol) [0x003D9AE1]
	(No symbol) [0x003FA784]
	(No symbol) [0x003D9A36]
	(No symbol) [0x003FAA94]
	(No symbol) [0x0040C922]
	(No symbol) [0x003FA536]
	(No symbol) [0x003D82DC]
	(No symbol) [0x003D93DD]
	GetHandleVerifier [0x0077AABD+2539405]
	GetHandleVerifier [0x007BA78F+2800735]
	GetHandleVerifier [0x007B456C+2775612]
	GetHandleVerifier [0x005A51E0+616112]
	(No symbol) [0x004B5F8C]
	(No symbol) [0x004B2328]
	(No symbol) [0x004B240B]
	(No symbol) [0x004A4FF7]
	BaseThreadInitThunk [0x757A7D59+25]
	RtlInitializeExceptionChain [0x7760B79B+107]
	RtlClearBits [0x7760B71F+191]

2023-08-05 23:24:55,408 - WARNING - E5GetMatchsStats.execute() - GetMatchsStats.get_matchs_stats() : E5SeleniumWebdriverError.ERROR_TYPE_GET_MATCHS_FAILED : Message: no such element: Unable to locate element: {"method":"css selector","selector":"th a"}
  (Session info: chrome=115.0.5790.170); For documentation on this error, please visit: https://www.selenium.dev/documentation/webdriver/troubleshooting/errors#no-such-element-exception
Stacktrace:
Backtrace:
	GetHandleVerifier [0x0051A813+48355]
	(No symbol) [0x004AC4B1]
	(No symbol) [0x003B5358]
	(No symbol) [0x003E09A5]
	(No symbol) [0x003E0B3B]
	(No symbol) [0x003D9AE1]
	(No symbol) [0x003FA784]
	(No symbol) [0x003D9A36]
	(No symbol) [0x003FAA94]
	(No symbol) [0x0040C922]
	(No symbol) [0x003FA536]
	(No symbol) [0x003D82DC]
	(No symbol) [0x003D93DD]
	GetHandleVerifier [0x0077AABD+2539405]
	GetHandleVerifier [0x007BA78F+2800735]
	GetHandleVerifier [0x007B456C+2775612]
	GetHandleVerifier [0x005A51E0+616112]
	(No symbol) [0x004B5F8C]
	(No symbol) [0x004B2328]
	(No symbol) [0x004B240B]
	(No symbol) [0x004A4FF7]
	BaseThreadInitThunk [0x757A7D59+25]
	RtlInitializeExceptionChain [0x7760B79B+107]
	RtlClearBits [0x7760B71F+191]

2023-08-05 23:25:11,274 - WARNING - E5GetMatchsStats.execute() - GetMatchsStats.get_matchs_stats() : E5SeleniumWebdriverError.ERROR_TYPE_GET_MATCHS_FAILED : Message: no such element: Unable to locate element: {"method":"css selector","selector":"th a"}
  (Session info: chrome=115.0.5790.170); For documentation on this error, please visit: https://www.selenium.dev/documentation/webdriver/troubleshooting/errors#no-such-element-exception
Stacktrace:
Backtrace:
	GetHandleVerifier [0x0051A813+48355]
	(No symbol) [0x004AC4B1]
	(No symbol) [0x003B5358]
	(No symbol) [0x003E09A5]
	(No symbol) [0x003E0B3B]
	(No symbol) [0x003D9AE1]
	(No symbol) [0x003FA784]
	(No symbol) [0x003D9A36]
	(No symbol) [0x003FAA94]
	(No symbol) [0x0040C922]
	(No symbol) [0x003FA536]
	(No symbol) [0x003D82DC]
	(No symbol) [0x003D93DD]
	GetHandleVerifier [0x0077AABD+2539405]
	GetHandleVerifier [0x007BA78F+2800735]
	GetHandleVerifier [0x007B456C+2775612]
	GetHandleVerifier [0x005A51E0+616112]
	(No symbol) [0x004B5F8C]
	(No symbol) [0x004B2328]
	(No symbol) [0x004B240B]
	(No symbol) [0x004A4FF7]
	BaseThreadInitThunk [0x757A7D59+25]
	RtlInitializeExceptionChain [0x7760B79B+107]
	RtlClearBits [0x7760B71F+191]

2023-08-05 23:25:26,997 - WARNING - E5GetMatchsStats.execute() - GetMatchsStats.get_matchs_stats() : E5SeleniumWebdriverError.ERROR_TYPE_GET_MATCHS_FAILED : Message: no such element: Unable to locate element: {"method":"css selector","selector":"th a"}
  (Session info: chrome=115.0.5790.170); For documentation on this error, please visit: https://www.selenium.dev/documentation/webdriver/troubleshooting/errors#no-such-element-exception
Stacktrace:
Backtrace:
	GetHandleVerifier [0x0051A813+48355]
	(No symbol) [0x004AC4B1]
	(No symbol) [0x003B5358]
	(No symbol) [0x003E09A5]
	(No symbol) [0x003E0B3B]
	(No symbol) [0x003D9AE1]
	(No symbol) [0x003FA784]
	(No symbol) [0x003D9A36]
	(No symbol) [0x003FAA94]
	(No symbol) [0x0040C922]
	(No symbol) [0x003FA536]
	(No symbol) [0x003D82DC]
	(No symbol) [0x003D93DD]
	GetHandleVerifier [0x0077AABD+2539405]
	GetHandleVerifier [0x007BA78F+2800735]
	GetHandleVerifier [0x007B456C+2775612]
	GetHandleVerifier [0x005A51E0+616112]
	(No symbol) [0x004B5F8C]
	(No symbol) [0x004B2328]
	(No symbol) [0x004B240B]
	(No symbol) [0x004A4FF7]
	BaseThreadInitThunk [0x757A7D59+25]
	RtlInitializeExceptionChain [0x7760B79B+107]
	RtlClearBits [0x7760B71F+191]

2023-08-05 23:25:42,966 - WARNING - E5GetMatchsStats.execute() - GetMatchsStats.get_matchs_stats() : E5SeleniumWebdriverError.ERROR_TYPE_GET_MATCHS_FAILED : Message: no such element: Unable to locate element: {"method":"css selector","selector":"th a"}
  (Session info: chrome=115.0.5790.170); For documentation on this error, please visit: https://www.selenium.dev/documentation/webdriver/troubleshooting/errors#no-such-element-exception
Stacktrace:
Backtrace:
	GetHandleVerifier [0x0051A813+48355]
	(No symbol) [0x004AC4B1]
	(No symbol) [0x003B5358]
	(No symbol) [0x003E09A5]
	(No symbol) [0x003E0B3B]
	(No symbol) [0x003D9AE1]
	(No symbol) [0x003FA784]
	(No symbol) [0x003D9A36]
	(No symbol) [0x003FAA94]
	(No symbol) [0x0040C922]
	(No symbol) [0x003FA536]
	(No symbol) [0x003D82DC]
	(No symbol) [0x003D93DD]
	GetHandleVerifier [0x0077AABD+2539405]
	GetHandleVerifier [0x007BA78F+2800735]
	GetHandleVerifier [0x007B456C+2775612]
	GetHandleVerifier [0x005A51E0+616112]
	(No symbol) [0x004B5F8C]
	(No symbol) [0x004B2328]
	(No symbol) [0x004B240B]
	(No symbol) [0x004A4FF7]
	BaseThreadInitThunk [0x757A7D59+25]
	RtlInitializeExceptionChain [0x7760B79B+107]
	RtlClearBits [0x7760B71F+191]

2023-08-05 23:25:59,203 - WARNING - E5GetMatchsStats.execute() - GetMatchsStats.get_matchs_stats() : E5SeleniumWebdriverError.ERROR_TYPE_GET_MATCHS_FAILED : Message: no such element: Unable to locate element: {"method":"css selector","selector":"th a"}
  (Session info: chrome=115.0.5790.170); For documentation on this error, please visit: https://www.selenium.dev/documentation/webdriver/troubleshooting/errors#no-such-element-exception
Stacktrace:
Backtrace:
	GetHandleVerifier [0x0051A813+48355]
	(No symbol) [0x004AC4B1]
	(No symbol) [0x003B5358]
	(No symbol) [0x003E09A5]
	(No symbol) [0x003E0B3B]
	(No symbol) [0x003D9AE1]
	(No symbol) [0x003FA784]
	(No symbol) [0x003D9A36]
	(No symbol) [0x003FAA94]
	(No symbol) [0x0040C922]
	(No symbol) [0x003FA536]
	(No symbol) [0x003D82DC]
	(No symbol) [0x003D93DD]
	GetHandleVerifier [0x0077AABD+2539405]
	GetHandleVerifier [0x007BA78F+2800735]
	GetHandleVerifier [0x007B456C+2775612]
	GetHandleVerifier [0x005A51E0+616112]
	(No symbol) [0x004B5F8C]
	(No symbol) [0x004B2328]
	(No symbol) [0x004B240B]
	(No symbol) [0x004A4FF7]
	BaseThreadInitThunk [0x757A7D59+25]
	RtlInitializeExceptionChain [0x7760B79B+107]
	RtlClearBits [0x7760B71F+191]

2023-08-05 23:26:17,862 - WARNING - E5GetMatchsStats.execute() - GetMatchsStats.get_matchs_stats() : E5SeleniumWebdriverError.ERROR_TYPE_GET_MATCHS_FAILED : Message: no such element: Unable to locate element: {"method":"css selector","selector":"th a"}
  (Session info: chrome=115.0.5790.170); For documentation on this error, please visit: https://www.selenium.dev/documentation/webdriver/troubleshooting/errors#no-such-element-exception
Stacktrace:
Backtrace:
	GetHandleVerifier [0x0051A813+48355]
	(No symbol) [0x004AC4B1]
	(No symbol) [0x003B5358]
	(No symbol) [0x003E09A5]
	(No symbol) [0x003E0B3B]
	(No symbol) [0x003D9AE1]
	(No symbol) [0x003FA784]
	(No symbol) [0x003D9A36]
	(No symbol) [0x003FAA94]
	(No symbol) [0x0040C922]
	(No symbol) [0x003FA536]
	(No symbol) [0x003D82DC]
	(No symbol) [0x003D93DD]
	GetHandleVerifier [0x0077AABD+2539405]
	GetHandleVerifier [0x007BA78F+2800735]
	GetHandleVerifier [0x007B456C+2775612]
	GetHandleVerifier [0x005A51E0+616112]
	(No symbol) [0x004B5F8C]
	(No symbol) [0x004B2328]
	(No symbol) [0x004B240B]
	(No symbol) [0x004A4FF7]
	BaseThreadInitThunk [0x757A7D59+25]
	RtlInitializeExceptionChain [0x7760B79B+107]
	RtlClearBits [0x7760B71F+191]

2023-08-05 23:26:33,490 - WARNING - E5GetMatchsStats.execute() - GetMatchsStats.get_matchs_stats() : E5SeleniumWebdriverError.ERROR_TYPE_GET_MATCHS_FAILED : Message: no such element: Unable to locate element: {"method":"css selector","selector":"th a"}
  (Session info: chrome=115.0.5790.170); For documentation on this error, please visit: https://www.selenium.dev/documentation/webdriver/troubleshooting/errors#no-such-element-exception
Stacktrace:
Backtrace:
	GetHandleVerifier [0x0051A813+48355]
	(No symbol) [0x004AC4B1]
	(No symbol) [0x003B5358]
	(No symbol) [0x003E09A5]
	(No symbol) [0x003E0B3B]
	(No symbol) [0x003D9AE1]
	(No symbol) [0x003FA784]
	(No symbol) [0x003D9A36]
	(No symbol) [0x003FAA94]
	(No symbol) [0x0040C922]
	(No symbol) [0x003FA536]
	(No symbol) [0x003D82DC]
	(No symbol) [0x003D93DD]
	GetHandleVerifier [0x0077AABD+2539405]
	GetHandleVerifier [0x007BA78F+2800735]
	GetHandleVerifier [0x007B456C+2775612]
	GetHandleVerifier [0x005A51E0+616112]
	(No symbol) [0x004B5F8C]
	(No symbol) [0x004B2328]
	(No symbol) [0x004B240B]
	(No symbol) [0x004A4FF7]
	BaseThreadInitThunk [0x757A7D59+25]
	RtlInitializeExceptionChain [0x7760B79B+107]
	RtlClearBits [0x7760B71F+191]

2023-08-05 23:26:51,280 - WARNING - E5GetMatchsStats.execute() - GetMatchsStats.get_matchs_stats() : E5SeleniumWebdriverError.ERROR_TYPE_GET_MATCHS_FAILED : Message: no such element: Unable to locate element: {"method":"css selector","selector":"th a"}
  (Session info: chrome=115.0.5790.170); For documentation on this error, please visit: https://www.selenium.dev/documentation/webdriver/troubleshooting/errors#no-such-element-exception
Stacktrace:
Backtrace:
	GetHandleVerifier [0x0051A813+48355]
	(No symbol) [0x004AC4B1]
	(No symbol) [0x003B5358]
	(No symbol) [0x003E09A5]
	(No symbol) [0x003E0B3B]
	(No symbol) [0x003D9AE1]
	(No symbol) [0x003FA784]
	(No symbol) [0x003D9A36]
	(No symbol) [0x003FAA94]
	(No symbol) [0x0040C922]
	(No symbol) [0x003FA536]
	(No symbol) [0x003D82DC]
	(No symbol) [0x003D93DD]
	GetHandleVerifier [0x0077AABD+2539405]
	GetHandleVerifier [0x007BA78F+2800735]
	GetHandleVerifier [0x007B456C+2775612]
	GetHandleVerifier [0x005A51E0+616112]
	(No symbol) [0x004B5F8C]
	(No symbol) [0x004B2328]
	(No symbol) [0x004B240B]
	(No symbol) [0x004A4FF7]
	BaseThreadInitThunk [0x757A7D59+25]
	RtlInitializeExceptionChain [0x7760B79B+107]
	RtlClearBits [0x7760B71F+191]

2023-08-05 23:27:07,108 - WARNING - E5GetMatchsStats.execute() - GetMatchsStats.get_matchs_stats() : E5SeleniumWebdriverError.ERROR_TYPE_GET_MATCHS_FAILED : Message: no such element: Unable to locate element: {"method":"css selector","selector":"th a"}
  (Session info: chrome=115.0.5790.170); For documentation on this error, please visit: https://www.selenium.dev/documentation/webdriver/troubleshooting/errors#no-such-element-exception
Stacktrace:
Backtrace:
	GetHandleVerifier [0x0051A813+48355]
	(No symbol) [0x004AC4B1]
	(No symbol) [0x003B5358]
	(No symbol) [0x003E09A5]
	(No symbol) [0x003E0B3B]
	(No symbol) [0x003D9AE1]
	(No symbol) [0x003FA784]
	(No symbol) [0x003D9A36]
	(No symbol) [0x003FAA94]
	(No symbol) [0x0040C922]
	(No symbol) [0x003FA536]
	(No symbol) [0x003D82DC]
	(No symbol) [0x003D93DD]
	GetHandleVerifier [0x0077AABD+2539405]
	GetHandleVerifier [0x007BA78F+2800735]
	GetHandleVerifier [0x007B456C+2775612]
	GetHandleVerifier [0x005A51E0+616112]
	(No symbol) [0x004B5F8C]
	(No symbol) [0x004B2328]
	(No symbol) [0x004B240B]
	(No symbol) [0x004A4FF7]
	BaseThreadInitThunk [0x757A7D59+25]
	RtlInitializeExceptionChain [0x7760B79B+107]
	RtlClearBits [0x7760B71F+191]

2023-08-05 23:27:23,788 - WARNING - E5GetMatchsStats.execute() - GetMatchsStats.get_matchs_stats() : E5SeleniumWebdriverError.ERROR_TYPE_GET_MATCHS_FAILED : Message: no such element: Unable to locate element: {"method":"css selector","selector":"th a"}
  (Session info: chrome=115.0.5790.170); For documentation on this error, please visit: https://www.selenium.dev/documentation/webdriver/troubleshooting/errors#no-such-element-exception
Stacktrace:
Backtrace:
	GetHandleVerifier [0x0051A813+48355]
	(No symbol) [0x004AC4B1]
	(No symbol) [0x003B5358]
	(No symbol) [0x003E09A5]
	(No symbol) [0x003E0B3B]
	(No symbol) [0x003D9AE1]
	(No symbol) [0x003FA784]
	(No symbol) [0x003D9A36]
	(No symbol) [0x003FAA94]
	(No symbol) [0x0040C922]
	(No symbol) [0x003FA536]
	(No symbol) [0x003D82DC]
	(No symbol) [0x003D93DD]
	GetHandleVerifier [0x0077AABD+2539405]
	GetHandleVerifier [0x007BA78F+2800735]
	GetHandleVerifier [0x007B456C+2775612]
	GetHandleVerifier [0x005A51E0+616112]
	(No symbol) [0x004B5F8C]
	(No symbol) [0x004B2328]
	(No symbol) [0x004B240B]
	(No symbol) [0x004A4FF7]
	BaseThreadInitThunk [0x757A7D59+25]
	RtlInitializeExceptionChain [0x7760B79B+107]
	RtlClearBits [0x7760B71F+191]

2023-08-05 23:27:39,945 - WARNING - E5GetMatchsStats.execute() - GetMatchsStats.get_matchs_stats() : E5SeleniumWebdriverError.ERROR_TYPE_GET_MATCHS_FAILED : Message: no such element: Unable to locate element: {"method":"css selector","selector":"th a"}
  (Session info: chrome=115.0.5790.170); For documentation on this error, please visit: https://www.selenium.dev/documentation/webdriver/troubleshooting/errors#no-such-element-exception
Stacktrace:
Backtrace:
	GetHandleVerifier [0x0051A813+48355]
	(No symbol) [0x004AC4B1]
	(No symbol) [0x003B5358]
	(No symbol) [0x003E09A5]
	(No symbol) [0x003E0B3B]
	(No symbol) [0x003D9AE1]
	(No symbol) [0x003FA784]
	(No symbol) [0x003D9A36]
	(No symbol) [0x003FAA94]
	(No symbol) [0x0040C922]
	(No symbol) [0x003FA536]
	(No symbol) [0x003D82DC]
	(No symbol) [0x003D93DD]
	GetHandleVerifier [0x0077AABD+2539405]
	GetHandleVerifier [0x007BA78F+2800735]
	GetHandleVerifier [0x007B456C+2775612]
	GetHandleVerifier [0x005A51E0+616112]
	(No symbol) [0x004B5F8C]
	(No symbol) [0x004B2328]
	(No symbol) [0x004B240B]
	(No symbol) [0x004A4FF7]
	BaseThreadInitThunk [0x757A7D59+25]
	RtlInitializeExceptionChain [0x7760B79B+107]
	RtlClearBits [0x7760B71F+191]

2023-08-05 23:27:56,148 - WARNING - E5GetMatchsStats.execute() - GetMatchsStats.get_matchs_stats() : E5SeleniumWebdriverError.ERROR_TYPE_GET_MATCHS_FAILED : Message: no such element: Unable to locate element: {"method":"css selector","selector":"th a"}
  (Session info: chrome=115.0.5790.170); For documentation on this error, please visit: https://www.selenium.dev/documentation/webdriver/troubleshooting/errors#no-such-element-exception
Stacktrace:
Backtrace:
	GetHandleVerifier [0x0051A813+48355]
	(No symbol) [0x004AC4B1]
	(No symbol) [0x003B5358]
	(No symbol) [0x003E09A5]
	(No symbol) [0x003E0B3B]
	(No symbol) [0x003D9AE1]
	(No symbol) [0x003FA784]
	(No symbol) [0x003D9A36]
	(No symbol) [0x003FAA94]
	(No symbol) [0x0040C922]
	(No symbol) [0x003FA536]
	(No symbol) [0x003D82DC]
	(No symbol) [0x003D93DD]
	GetHandleVerifier [0x0077AABD+2539405]
	GetHandleVerifier [0x007BA78F+2800735]
	GetHandleVerifier [0x007B456C+2775612]
	GetHandleVerifier [0x005A51E0+616112]
	(No symbol) [0x004B5F8C]
	(No symbol) [0x004B2328]
	(No symbol) [0x004B240B]
	(No symbol) [0x004A4FF7]
	BaseThreadInitThunk [0x757A7D59+25]
	RtlInitializeExceptionChain [0x7760B79B+107]
	RtlClearBits [0x7760B71F+191]

2023-08-05 23:28:11,691 - WARNING - E5GetMatchsStats.execute() - GetMatchsStats.get_matchs_stats() : E5SeleniumWebdriverError.ERROR_TYPE_GET_MATCHS_FAILED : Message: no such element: Unable to locate element: {"method":"css selector","selector":"th a"}
  (Session info: chrome=115.0.5790.170); For documentation on this error, please visit: https://www.selenium.dev/documentation/webdriver/troubleshooting/errors#no-such-element-exception
Stacktrace:
Backtrace:
	GetHandleVerifier [0x0051A813+48355]
	(No symbol) [0x004AC4B1]
	(No symbol) [0x003B5358]
	(No symbol) [0x003E09A5]
	(No symbol) [0x003E0B3B]
	(No symbol) [0x003D9AE1]
	(No symbol) [0x003FA784]
	(No symbol) [0x003D9A36]
	(No symbol) [0x003FAA94]
	(No symbol) [0x0040C922]
	(No symbol) [0x003FA536]
	(No symbol) [0x003D82DC]
	(No symbol) [0x003D93DD]
	GetHandleVerifier [0x0077AABD+2539405]
	GetHandleVerifier [0x007BA78F+2800735]
	GetHandleVerifier [0x007B456C+2775612]
	GetHandleVerifier [0x005A51E0+616112]
	(No symbol) [0x004B5F8C]
	(No symbol) [0x004B2328]
	(No symbol) [0x004B240B]
	(No symbol) [0x004A4FF7]
	BaseThreadInitThunk [0x757A7D59+25]
	RtlInitializeExceptionChain [0x7760B79B+107]
	RtlClearBits [0x7760B71F+191]

2023-08-05 23:28:27,637 - WARNING - E5GetMatchsStats.execute() - GetMatchsStats.get_matchs_stats() : E5SeleniumWebdriverError.ERROR_TYPE_GET_MATCHS_FAILED : Message: no such element: Unable to locate element: {"method":"css selector","selector":"th a"}
  (Session info: chrome=115.0.5790.170); For documentation on this error, please visit: https://www.selenium.dev/documentation/webdriver/troubleshooting/errors#no-such-element-exception
Stacktrace:
Backtrace:
	GetHandleVerifier [0x0051A813+48355]
	(No symbol) [0x004AC4B1]
	(No symbol) [0x003B5358]
	(No symbol) [0x003E09A5]
	(No symbol) [0x003E0B3B]
	(No symbol) [0x003D9AE1]
	(No symbol) [0x003FA784]
	(No symbol) [0x003D9A36]
	(No symbol) [0x003FAA94]
	(No symbol) [0x0040C922]
	(No symbol) [0x003FA536]
	(No symbol) [0x003D82DC]
	(No symbol) [0x003D93DD]
	GetHandleVerifier [0x0077AABD+2539405]
	GetHandleVerifier [0x007BA78F+2800735]
	GetHandleVerifier [0x007B456C+2775612]
	GetHandleVerifier [0x005A51E0+616112]
	(No symbol) [0x004B5F8C]
	(No symbol) [0x004B2328]
	(No symbol) [0x004B240B]
	(No symbol) [0x004A4FF7]
	BaseThreadInitThunk [0x757A7D59+25]
	RtlInitializeExceptionChain [0x7760B79B+107]
	RtlClearBits [0x7760B71F+191]

2023-08-05 23:28:43,461 - WARNING - E5GetMatchsStats.execute() - GetMatchsStats.get_matchs_stats() : E5SeleniumWebdriverError.ERROR_TYPE_GET_MATCHS_FAILED : Message: no such element: Unable to locate element: {"method":"css selector","selector":"th a"}
  (Session info: chrome=115.0.5790.170); For documentation on this error, please visit: https://www.selenium.dev/documentation/webdriver/troubleshooting/errors#no-such-element-exception
Stacktrace:
Backtrace:
	GetHandleVerifier [0x0051A813+48355]
	(No symbol) [0x004AC4B1]
	(No symbol) [0x003B5358]
	(No symbol) [0x003E09A5]
	(No symbol) [0x003E0B3B]
	(No symbol) [0x003D9AE1]
	(No symbol) [0x003FA784]
	(No symbol) [0x003D9A36]
	(No symbol) [0x003FAA94]
	(No symbol) [0x0040C922]
	(No symbol) [0x003FA536]
	(No symbol) [0x003D82DC]
	(No symbol) [0x003D93DD]
	GetHandleVerifier [0x0077AABD+2539405]
	GetHandleVerifier [0x007BA78F+2800735]
	GetHandleVerifier [0x007B456C+2775612]
	GetHandleVerifier [0x005A51E0+616112]
	(No symbol) [0x004B5F8C]
	(No symbol) [0x004B2328]
	(No symbol) [0x004B240B]
	(No symbol) [0x004A4FF7]
	BaseThreadInitThunk [0x757A7D59+25]
	RtlInitializeExceptionChain [0x7760B79B+107]
	RtlClearBits [0x7760B71F+191]

2023-08-05 23:28:58,944 - WARNING - E5GetMatchsStats.execute() - GetMatchsStats.get_matchs_stats() : E5SeleniumWebdriverError.ERROR_TYPE_GET_MATCHS_FAILED : Message: no such element: Unable to locate element: {"method":"css selector","selector":"th a"}
  (Session info: chrome=115.0.5790.170); For documentation on this error, please visit: https://www.selenium.dev/documentation/webdriver/troubleshooting/errors#no-such-element-exception
Stacktrace:
Backtrace:
	GetHandleVerifier [0x0051A813+48355]
	(No symbol) [0x004AC4B1]
	(No symbol) [0x003B5358]
	(No symbol) [0x003E09A5]
	(No symbol) [0x003E0B3B]
	(No symbol) [0x003D9AE1]
	(No symbol) [0x003FA784]
	(No symbol) [0x003D9A36]
	(No symbol) [0x003FAA94]
	(No symbol) [0x0040C922]
	(No symbol) [0x003FA536]
	(No symbol) [0x003D82DC]
	(No symbol) [0x003D93DD]
	GetHandleVerifier [0x0077AABD+2539405]
	GetHandleVerifier [0x007BA78F+2800735]
	GetHandleVerifier [0x007B456C+2775612]
	GetHandleVerifier [0x005A51E0+616112]
	(No symbol) [0x004B5F8C]
	(No symbol) [0x004B2328]
	(No symbol) [0x004B240B]
	(No symbol) [0x004A4FF7]
	BaseThreadInitThunk [0x757A7D59+25]
	RtlInitializeExceptionChain [0x7760B79B+107]
	RtlClearBits [0x7760B71F+191]

2023-08-05 23:29:11,396 - WARNING - E5GetMatchsStats.execute() - GetMatchsStats.get_matchs_stats() : E5SeleniumWebdriverError.ERROR_TYPE_GET_MATCHS_FAILED : E5Team matching query does not exist.
2023-08-05 23:29:25,993 - WARNING - E5GetMatchsStats.execute() - GetMatchsStats.get_matchs_stats() : E5SeleniumWebdriverError.ERROR_TYPE_GET_MATCHS_FAILED : Message: no such element: Unable to locate element: {"method":"css selector","selector":"th a"}
  (Session info: chrome=115.0.5790.170); For documentation on this error, please visit: https://www.selenium.dev/documentation/webdriver/troubleshooting/errors#no-such-element-exception
Stacktrace:
Backtrace:
	GetHandleVerifier [0x0051A813+48355]
	(No symbol) [0x004AC4B1]
	(No symbol) [0x003B5358]
	(No symbol) [0x003E09A5]
	(No symbol) [0x003E0B3B]
	(No symbol) [0x003D9AE1]
	(No symbol) [0x003FA784]
	(No symbol) [0x003D9A36]
	(No symbol) [0x003FAA94]
	(No symbol) [0x0040C922]
	(No symbol) [0x003FA536]
	(No symbol) [0x003D82DC]
	(No symbol) [0x003D93DD]
	GetHandleVerifier [0x0077AABD+2539405]
	GetHandleVerifier [0x007BA78F+2800735]
	GetHandleVerifier [0x007B456C+2775612]
	GetHandleVerifier [0x005A51E0+616112]
	(No symbol) [0x004B5F8C]
	(No symbol) [0x004B2328]
	(No symbol) [0x004B240B]
	(No symbol) [0x004A4FF7]
	BaseThreadInitThunk [0x757A7D59+25]
	RtlInitializeExceptionChain [0x7760B79B+107]
	RtlClearBits [0x7760B71F+191]

2023-08-05 23:29:41,760 - WARNING - E5GetMatchsStats.execute() - GetMatchsStats.get_matchs_stats() : E5SeleniumWebdriverError.ERROR_TYPE_GET_MATCHS_FAILED : Message: no such element: Unable to locate element: {"method":"css selector","selector":"th a"}
  (Session info: chrome=115.0.5790.170); For documentation on this error, please visit: https://www.selenium.dev/documentation/webdriver/troubleshooting/errors#no-such-element-exception
Stacktrace:
Backtrace:
	GetHandleVerifier [0x0051A813+48355]
	(No symbol) [0x004AC4B1]
	(No symbol) [0x003B5358]
	(No symbol) [0x003E09A5]
	(No symbol) [0x003E0B3B]
	(No symbol) [0x003D9AE1]
	(No symbol) [0x003FA784]
	(No symbol) [0x003D9A36]
	(No symbol) [0x003FAA94]
	(No symbol) [0x0040C922]
	(No symbol) [0x003FA536]
	(No symbol) [0x003D82DC]
	(No symbol) [0x003D93DD]
	GetHandleVerifier [0x0077AABD+2539405]
	GetHandleVerifier [0x007BA78F+2800735]
	GetHandleVerifier [0x007B456C+2775612]
	GetHandleVerifier [0x005A51E0+616112]
	(No symbol) [0x004B5F8C]
	(No symbol) [0x004B2328]
	(No symbol) [0x004B240B]
	(No symbol) [0x004A4FF7]
	BaseThreadInitThunk [0x757A7D59+25]
	RtlInitializeExceptionChain [0x7760B79B+107]
	RtlClearBits [0x7760B71F+191]

2023-08-05 23:29:55,268 - WARNING - E5GetMatchsStats.execute() - GetMatchsStats.get_matchs_stats() : E5SeleniumWebdriverError.ERROR_TYPE_GET_MATCHS_FAILED : Message: no such element: Unable to locate element: {"method":"css selector","selector":"th a"}
  (Session info: chrome=115.0.5790.170); For documentation on this error, please visit: https://www.selenium.dev/documentation/webdriver/troubleshooting/errors#no-such-element-exception
Stacktrace:
Backtrace:
	GetHandleVerifier [0x0051A813+48355]
	(No symbol) [0x004AC4B1]
	(No symbol) [0x003B5358]
	(No symbol) [0x003E09A5]
	(No symbol) [0x003E0B3B]
	(No symbol) [0x003D9AE1]
	(No symbol) [0x003FA784]
	(No symbol) [0x003D9A36]
	(No symbol) [0x003FAA94]
	(No symbol) [0x0040C922]
	(No symbol) [0x003FA536]
	(No symbol) [0x003D82DC]
	(No symbol) [0x003D93DD]
	GetHandleVerifier [0x0077AABD+2539405]
	GetHandleVerifier [0x007BA78F+2800735]
	GetHandleVerifier [0x007B456C+2775612]
	GetHandleVerifier [0x005A51E0+616112]
	(No symbol) [0x004B5F8C]
	(No symbol) [0x004B2328]
	(No symbol) [0x004B240B]
	(No symbol) [0x004A4FF7]
	BaseThreadInitThunk [0x757A7D59+25]
	RtlInitializeExceptionChain [0x7760B79B+107]
	RtlClearBits [0x7760B71F+191]

2023-08-05 23:30:09,831 - WARNING - E5GetMatchsStats.execute() - GetMatchsStats.get_matchs_stats() : E5SeleniumWebdriverError.ERROR_TYPE_GET_MATCHS_FAILED : Message: no such element: Unable to locate element: {"method":"css selector","selector":"th a"}
  (Session info: chrome=115.0.5790.170); For documentation on this error, please visit: https://www.selenium.dev/documentation/webdriver/troubleshooting/errors#no-such-element-exception
Stacktrace:
Backtrace:
	GetHandleVerifier [0x0051A813+48355]
	(No symbol) [0x004AC4B1]
	(No symbol) [0x003B5358]
	(No symbol) [0x003E09A5]
	(No symbol) [0x003E0B3B]
	(No symbol) [0x003D9AE1]
	(No symbol) [0x003FA784]
	(No symbol) [0x003D9A36]
	(No symbol) [0x003FAA94]
	(No symbol) [0x0040C922]
	(No symbol) [0x003FA536]
	(No symbol) [0x003D82DC]
	(No symbol) [0x003D93DD]
	GetHandleVerifier [0x0077AABD+2539405]
	GetHandleVerifier [0x007BA78F+2800735]
	GetHandleVerifier [0x007B456C+2775612]
	GetHandleVerifier [0x005A51E0+616112]
	(No symbol) [0x004B5F8C]
	(No symbol) [0x004B2328]
	(No symbol) [0x004B240B]
	(No symbol) [0x004A4FF7]
	BaseThreadInitThunk [0x757A7D59+25]
	RtlInitializeExceptionChain [0x7760B79B+107]
	RtlClearBits [0x7760B71F+191]

2023-08-05 23:30:24,185 - WARNING - E5GetMatchsStats.execute() - GetMatchsStats.get_matchs_stats() : E5SeleniumWebdriverError.ERROR_TYPE_GET_MATCHS_FAILED : Message: no such element: Unable to locate element: {"method":"css selector","selector":"th a"}
  (Session info: chrome=115.0.5790.170); For documentation on this error, please visit: https://www.selenium.dev/documentation/webdriver/troubleshooting/errors#no-such-element-exception
Stacktrace:
Backtrace:
	GetHandleVerifier [0x0051A813+48355]
	(No symbol) [0x004AC4B1]
	(No symbol) [0x003B5358]
	(No symbol) [0x003E09A5]
	(No symbol) [0x003E0B3B]
	(No symbol) [0x003D9AE1]
	(No symbol) [0x003FA784]
	(No symbol) [0x003D9A36]
	(No symbol) [0x003FAA94]
	(No symbol) [0x0040C922]
	(No symbol) [0x003FA536]
	(No symbol) [0x003D82DC]
	(No symbol) [0x003D93DD]
	GetHandleVerifier [0x0077AABD+2539405]
	GetHandleVerifier [0x007BA78F+2800735]
	GetHandleVerifier [0x007B456C+2775612]
	GetHandleVerifier [0x005A51E0+616112]
	(No symbol) [0x004B5F8C]
	(No symbol) [0x004B2328]
	(No symbol) [0x004B240B]
	(No symbol) [0x004A4FF7]
	BaseThreadInitThunk [0x757A7D59+25]
	RtlInitializeExceptionChain [0x7760B79B+107]
	RtlClearBits [0x7760B71F+191]

2023-08-05 23:30:38,416 - WARNING - E5GetMatchsStats.execute() - GetMatchsStats.get_matchs_stats() : E5SeleniumWebdriverError.ERROR_TYPE_GET_MATCHS_FAILED : Message: no such element: Unable to locate element: {"method":"css selector","selector":"th a"}
  (Session info: chrome=115.0.5790.170); For documentation on this error, please visit: https://www.selenium.dev/documentation/webdriver/troubleshooting/errors#no-such-element-exception
Stacktrace:
Backtrace:
	GetHandleVerifier [0x0051A813+48355]
	(No symbol) [0x004AC4B1]
	(No symbol) [0x003B5358]
	(No symbol) [0x003E09A5]
	(No symbol) [0x003E0B3B]
	(No symbol) [0x003D9AE1]
	(No symbol) [0x003FA784]
	(No symbol) [0x003D9A36]
	(No symbol) [0x003FAA94]
	(No symbol) [0x0040C922]
	(No symbol) [0x003FA536]
	(No symbol) [0x003D82DC]
	(No symbol) [0x003D93DD]
	GetHandleVerifier [0x0077AABD+2539405]
	GetHandleVerifier [0x007BA78F+2800735]
	GetHandleVerifier [0x007B456C+2775612]
	GetHandleVerifier [0x005A51E0+616112]
	(No symbol) [0x004B5F8C]
	(No symbol) [0x004B2328]
	(No symbol) [0x004B240B]
	(No symbol) [0x004A4FF7]
	BaseThreadInitThunk [0x757A7D59+25]
	RtlInitializeExceptionChain [0x7760B79B+107]
	RtlClearBits [0x7760B71F+191]

2023-08-05 23:30:52,776 - WARNING - E5GetMatchsStats.execute() - GetMatchsStats.get_matchs_stats() : E5SeleniumWebdriverError.ERROR_TYPE_GET_MATCHS_FAILED : Message: no such element: Unable to locate element: {"method":"css selector","selector":"th a"}
  (Session info: chrome=115.0.5790.170); For documentation on this error, please visit: https://www.selenium.dev/documentation/webdriver/troubleshooting/errors#no-such-element-exception
Stacktrace:
Backtrace:
	GetHandleVerifier [0x0051A813+48355]
	(No symbol) [0x004AC4B1]
	(No symbol) [0x003B5358]
	(No symbol) [0x003E09A5]
	(No symbol) [0x003E0B3B]
	(No symbol) [0x003D9AE1]
	(No symbol) [0x003FA784]
	(No symbol) [0x003D9A36]
	(No symbol) [0x003FAA94]
	(No symbol) [0x0040C922]
	(No symbol) [0x003FA536]
	(No symbol) [0x003D82DC]
	(No symbol) [0x003D93DD]
	GetHandleVerifier [0x0077AABD+2539405]
	GetHandleVerifier [0x007BA78F+2800735]
	GetHandleVerifier [0x007B456C+2775612]
	GetHandleVerifier [0x005A51E0+616112]
	(No symbol) [0x004B5F8C]
	(No symbol) [0x004B2328]
	(No symbol) [0x004B240B]
	(No symbol) [0x004A4FF7]
	BaseThreadInitThunk [0x757A7D59+25]
	RtlInitializeExceptionChain [0x7760B79B+107]
	RtlClearBits [0x7760B71F+191]

2023-08-05 23:31:04,545 - WARNING - E5GetMatchsStats.execute() - GetMatchsStats.get_matchs_stats() : E5SeleniumWebdriverError.ERROR_TYPE_GET_MATCHS_FAILED : E5Team matching query does not exist.
2023-08-05 23:31:16,659 - WARNING - E5GetMatchsStats.execute() - GetMatchsStats.get_matchs_stats() : E5SeleniumWebdriverError.ERROR_TYPE_GET_MATCHS_FAILED : E5Team matching query does not exist.
2023-08-05 23:31:31,207 - WARNING - E5GetMatchsStats.execute() - GetMatchsStats.get_matchs_stats() : E5SeleniumWebdriverError.ERROR_TYPE_GET_MATCHS_FAILED : Message: no such element: Unable to locate element: {"method":"css selector","selector":"th a"}
  (Session info: chrome=115.0.5790.170); For documentation on this error, please visit: https://www.selenium.dev/documentation/webdriver/troubleshooting/errors#no-such-element-exception
Stacktrace:
Backtrace:
	GetHandleVerifier [0x0051A813+48355]
	(No symbol) [0x004AC4B1]
	(No symbol) [0x003B5358]
	(No symbol) [0x003E09A5]
	(No symbol) [0x003E0B3B]
	(No symbol) [0x003D9AE1]
	(No symbol) [0x003FA784]
	(No symbol) [0x003D9A36]
	(No symbol) [0x003FAA94]
	(No symbol) [0x0040C922]
	(No symbol) [0x003FA536]
	(No symbol) [0x003D82DC]
	(No symbol) [0x003D93DD]
	GetHandleVerifier [0x0077AABD+2539405]
	GetHandleVerifier [0x007BA78F+2800735]
	GetHandleVerifier [0x007B456C+2775612]
	GetHandleVerifier [0x005A51E0+616112]
	(No symbol) [0x004B5F8C]
	(No symbol) [0x004B2328]
	(No symbol) [0x004B240B]
	(No symbol) [0x004A4FF7]
	BaseThreadInitThunk [0x757A7D59+25]
	RtlInitializeExceptionChain [0x7760B79B+107]
	RtlClearBits [0x7760B71F+191]

2023-08-05 23:31:45,626 - WARNING - E5GetMatchsStats.execute() - GetMatchsStats.get_matchs_stats() : E5SeleniumWebdriverError.ERROR_TYPE_GET_MATCHS_FAILED : Message: no such element: Unable to locate element: {"method":"css selector","selector":"th a"}
  (Session info: chrome=115.0.5790.170); For documentation on this error, please visit: https://www.selenium.dev/documentation/webdriver/troubleshooting/errors#no-such-element-exception
Stacktrace:
Backtrace:
	GetHandleVerifier [0x0051A813+48355]
	(No symbol) [0x004AC4B1]
	(No symbol) [0x003B5358]
	(No symbol) [0x003E09A5]
	(No symbol) [0x003E0B3B]
	(No symbol) [0x003D9AE1]
	(No symbol) [0x003FA784]
	(No symbol) [0x003D9A36]
	(No symbol) [0x003FAA94]
	(No symbol) [0x0040C922]
	(No symbol) [0x003FA536]
	(No symbol) [0x003D82DC]
	(No symbol) [0x003D93DD]
	GetHandleVerifier [0x0077AABD+2539405]
	GetHandleVerifier [0x007BA78F+2800735]
	GetHandleVerifier [0x007B456C+2775612]
	GetHandleVerifier [0x005A51E0+616112]
	(No symbol) [0x004B5F8C]
	(No symbol) [0x004B2328]
	(No symbol) [0x004B240B]
	(No symbol) [0x004A4FF7]
	BaseThreadInitThunk [0x757A7D59+25]
	RtlInitializeExceptionChain [0x7760B79B+107]
	RtlClearBits [0x7760B71F+191]

2023-08-05 23:32:00,104 - WARNING - E5GetMatchsStats.execute() - GetMatchsStats.get_matchs_stats() : E5SeleniumWebdriverError.ERROR_TYPE_GET_MATCHS_FAILED : Message: no such element: Unable to locate element: {"method":"css selector","selector":"th a"}
  (Session info: chrome=115.0.5790.170); For documentation on this error, please visit: https://www.selenium.dev/documentation/webdriver/troubleshooting/errors#no-such-element-exception
Stacktrace:
Backtrace:
	GetHandleVerifier [0x0051A813+48355]
	(No symbol) [0x004AC4B1]
	(No symbol) [0x003B5358]
	(No symbol) [0x003E09A5]
	(No symbol) [0x003E0B3B]
	(No symbol) [0x003D9AE1]
	(No symbol) [0x003FA784]
	(No symbol) [0x003D9A36]
	(No symbol) [0x003FAA94]
	(No symbol) [0x0040C922]
	(No symbol) [0x003FA536]
	(No symbol) [0x003D82DC]
	(No symbol) [0x003D93DD]
	GetHandleVerifier [0x0077AABD+2539405]
	GetHandleVerifier [0x007BA78F+2800735]
	GetHandleVerifier [0x007B456C+2775612]
	GetHandleVerifier [0x005A51E0+616112]
	(No symbol) [0x004B5F8C]
	(No symbol) [0x004B2328]
	(No symbol) [0x004B240B]
	(No symbol) [0x004A4FF7]
	BaseThreadInitThunk [0x757A7D59+25]
	RtlInitializeExceptionChain [0x7760B79B+107]
	RtlClearBits [0x7760B71F+191]

2023-08-05 23:32:12,178 - WARNING - E5GetMatchsStats.execute() - GetMatchsStats.get_matchs_stats() : E5SeleniumWebdriverError.ERROR_TYPE_GET_MATCHS_FAILED : E5Team matching query does not exist.
2023-08-05 23:32:25,717 - WARNING - E5GetMatchsStats.execute() - GetMatchsStats.get_matchs_stats() : E5SeleniumWebdriverError.ERROR_TYPE_GET_MATCHS_FAILED : E5Team matching query does not exist.
2023-08-05 23:32:39,870 - WARNING - E5GetMatchsStats.execute() - GetMatchsStats.get_matchs_stats() : E5SeleniumWebdriverError.ERROR_TYPE_GET_MATCHS_FAILED : Message: no such element: Unable to locate element: {"method":"css selector","selector":"th a"}
  (Session info: chrome=115.0.5790.170); For documentation on this error, please visit: https://www.selenium.dev/documentation/webdriver/troubleshooting/errors#no-such-element-exception
Stacktrace:
Backtrace:
	GetHandleVerifier [0x0051A813+48355]
	(No symbol) [0x004AC4B1]
	(No symbol) [0x003B5358]
	(No symbol) [0x003E09A5]
	(No symbol) [0x003E0B3B]
	(No symbol) [0x003D9AE1]
	(No symbol) [0x003FA784]
	(No symbol) [0x003D9A36]
	(No symbol) [0x003FAA94]
	(No symbol) [0x0040C922]
	(No symbol) [0x003FA536]
	(No symbol) [0x003D82DC]
	(No symbol) [0x003D93DD]
	GetHandleVerifier [0x0077AABD+2539405]
	GetHandleVerifier [0x007BA78F+2800735]
	GetHandleVerifier [0x007B456C+2775612]
	GetHandleVerifier [0x005A51E0+616112]
	(No symbol) [0x004B5F8C]
	(No symbol) [0x004B2328]
	(No symbol) [0x004B240B]
	(No symbol) [0x004A4FF7]
	BaseThreadInitThunk [0x757A7D59+25]
	RtlInitializeExceptionChain [0x7760B79B+107]
	RtlClearBits [0x7760B71F+191]

2023-08-05 23:32:50,748 - WARNING - E5GetMatchsStats.execute() - GetMatchsStats.get_matchs_stats() : E5SeleniumWebdriverError.ERROR_TYPE_GET_MATCHS_FAILED : E5Team matching query does not exist.
2023-08-05 23:33:12,431 - WARNING - E5GetMatchsStats.execute() - GetMatchsStats.get_matchs_stats() : E5SeleniumWebdriverError.ERROR_TYPE_GET_MATCHS_FAILED : E5Team matching query does not exist.
2023-08-05 23:33:23,922 - WARNING - E5GetMatchsStats.execute() - GetMatchsStats.get_matchs_stats() : E5SeleniumWebdriverError.ERROR_TYPE_GET_MATCHS_FAILED : E5Team matching query does not exist.
2023-08-05 23:33:35,560 - WARNING - E5GetMatchsStats.execute() - GetMatchsStats.get_matchs_stats() : E5SeleniumWebdriverError.ERROR_TYPE_GET_MATCHS_FAILED : E5Team matching query does not exist.
2023-08-05 23:33:47,451 - WARNING - E5GetMatchsStats.execute() - GetMatchsStats.get_matchs_stats() : E5SeleniumWebdriverError.ERROR_TYPE_GET_MATCHS_FAILED : E5Team matching query does not exist.
2023-08-05 23:33:59,639 - WARNING - E5GetMatchsStats.execute() - GetMatchsStats.get_matchs_stats() : E5SeleniumWebdriverError.ERROR_TYPE_GET_MATCHS_FAILED : E5Team matching query does not exist.
2023-08-05 23:34:10,559 - WARNING - E5GetMatchsStats.execute() - GetMatchsStats.get_matchs_stats() : E5SeleniumWebdriverError.ERROR_TYPE_GET_MATCHS_FAILED : E5Team matching query does not exist.
2023-08-05 23:34:22,517 - WARNING - E5GetMatchsStats.execute() - GetMatchsStats.get_matchs_stats() : E5SeleniumWebdriverError.ERROR_TYPE_GET_MATCHS_FAILED : E5Team matching query does not exist.
2023-08-05 23:34:34,420 - WARNING - E5GetMatchsStats.execute() - GetMatchsStats.get_matchs_stats() : E5SeleniumWebdriverError.ERROR_TYPE_GET_MATCHS_FAILED : E5Team matching query does not exist.
2023-08-05 23:34:45,884 - WARNING - E5GetMatchsStats.execute() - GetMatchsStats.get_matchs_stats() : E5SeleniumWebdriverError.ERROR_TYPE_GET_MATCHS_FAILED : E5Team matching query does not exist.
2023-08-05 23:34:57,472 - WARNING - E5GetMatchsStats.execute() - GetMatchsStats.get_matchs_stats() : E5SeleniumWebdriverError.ERROR_TYPE_GET_MATCHS_FAILED : E5Team matching query does not exist.
2023-08-05 23:35:08,242 - WARNING - E5GetMatchsStats.execute() - GetMatchsStats.get_matchs_stats() : E5SeleniumWebdriverError.ERROR_TYPE_GET_MATCHS_FAILED : E5Team matching query does not exist.
2023-08-05 23:35:19,881 - WARNING - E5GetMatchsStats.execute() - GetMatchsStats.get_matchs_stats() : E5SeleniumWebdriverError.ERROR_TYPE_GET_MATCHS_FAILED : E5Team matching query does not exist.
2023-08-05 23:35:31,556 - WARNING - E5GetMatchsStats.execute() - GetMatchsStats.get_matchs_stats() : E5SeleniumWebdriverError.ERROR_TYPE_GET_MATCHS_FAILED : E5Team matching query does not exist.
2023-08-05 23:35:44,137 - WARNING - E5GetMatchsStats.execute() - GetMatchsStats.get_matchs_stats() : E5SeleniumWebdriverError.ERROR_TYPE_GET_MATCHS_FAILED : E5Team matching query does not exist.
2023-08-05 23:35:55,560 - WARNING - E5GetMatchsStats.execute() - GetMatchsStats.get_matchs_stats() : E5SeleniumWebdriverError.ERROR_TYPE_GET_MATCHS_FAILED : E5Team matching query does not exist.
2023-08-05 23:36:06,911 - WARNING - E5GetMatchsStats.execute() - GetMatchsStats.get_matchs_stats() : E5SeleniumWebdriverError.ERROR_TYPE_GET_MATCHS_FAILED : E5Team matching query does not exist.
2023-08-05 23:36:18,456 - WARNING - E5GetMatchsStats.execute() - GetMatchsStats.get_matchs_stats() : E5SeleniumWebdriverError.ERROR_TYPE_GET_MATCHS_FAILED : E5Team matching query does not exist.
2023-08-05 23:36:30,207 - WARNING - E5GetMatchsStats.execute() - GetMatchsStats.get_matchs_stats() : E5SeleniumWebdriverError.ERROR_TYPE_GET_MATCHS_FAILED : E5Team matching query does not exist.
2023-08-05 23:36:41,587 - WARNING - E5GetMatchsStats.execute() - GetMatchsStats.get_matchs_stats() : E5SeleniumWebdriverError.ERROR_TYPE_GET_MATCHS_FAILED : E5Team matching query does not exist.
2023-08-05 23:37:15,640 - WARNING - E5GetMatchsStats.execute() - GetMatchsStats.get_matchs_stats() : E5SeleniumWebdriverError.ERROR_TYPE_GET_MATCHS_FAILED : Message: no such element: Unable to locate element: {"method":"css selector","selector":"th a"}
  (Session info: chrome=115.0.5790.170); For documentation on this error, please visit: https://www.selenium.dev/documentation/webdriver/troubleshooting/errors#no-such-element-exception
Stacktrace:
Backtrace:
	GetHandleVerifier [0x0051A813+48355]
	(No symbol) [0x004AC4B1]
	(No symbol) [0x003B5358]
	(No symbol) [0x003E09A5]
	(No symbol) [0x003E0B3B]
	(No symbol) [0x003D9AE1]
	(No symbol) [0x003FA784]
	(No symbol) [0x003D9A36]
	(No symbol) [0x003FAA94]
	(No symbol) [0x0040C922]
	(No symbol) [0x003FA536]
	(No symbol) [0x003D82DC]
	(No symbol) [0x003D93DD]
	GetHandleVerifier [0x0077AABD+2539405]
	GetHandleVerifier [0x007BA78F+2800735]
	GetHandleVerifier [0x007B456C+2775612]
	GetHandleVerifier [0x005A51E0+616112]
	(No symbol) [0x004B5F8C]
	(No symbol) [0x004B2328]
	(No symbol) [0x004B240B]
	(No symbol) [0x004A4FF7]
	BaseThreadInitThunk [0x757A7D59+25]
	RtlInitializeExceptionChain [0x7760B79B+107]
	RtlClearBits [0x7760B71F+191]

2023-08-05 23:38:16,842 - WARNING - E5GetMatchsStats.execute() - GetMatchsStats.get_matchs_stats() : E5SeleniumWebdriverError.ERROR_TYPE_GET_MATCHS_FAILED : E5Team matching query does not exist.
2023-08-05 23:38:41,235 - WARNING - E5GetMatchsStats.execute() - GetMatchsStats.get_matchs_stats() : E5SeleniumWebdriverError.ERROR_TYPE_GET_MATCHS_FAILED : Message: no such element: Unable to locate element: {"method":"css selector","selector":"th a"}
  (Session info: chrome=115.0.5790.170); For documentation on this error, please visit: https://www.selenium.dev/documentation/webdriver/troubleshooting/errors#no-such-element-exception
Stacktrace:
Backtrace:
	GetHandleVerifier [0x0051A813+48355]
	(No symbol) [0x004AC4B1]
	(No symbol) [0x003B5358]
	(No symbol) [0x003E09A5]
	(No symbol) [0x003E0B3B]
	(No symbol) [0x003D9AE1]
	(No symbol) [0x003FA784]
	(No symbol) [0x003D9A36]
	(No symbol) [0x003FAA94]
	(No symbol) [0x0040C922]
	(No symbol) [0x003FA536]
	(No symbol) [0x003D82DC]
	(No symbol) [0x003D93DD]
	GetHandleVerifier [0x0077AABD+2539405]
	GetHandleVerifier [0x007BA78F+2800735]
	GetHandleVerifier [0x007B456C+2775612]
	GetHandleVerifier [0x005A51E0+616112]
	(No symbol) [0x004B5F8C]
	(No symbol) [0x004B2328]
	(No symbol) [0x004B240B]
	(No symbol) [0x004A4FF7]
	BaseThreadInitThunk [0x757A7D59+25]
	RtlInitializeExceptionChain [0x7760B79B+107]
	RtlClearBits [0x7760B71F+191]

2023-08-05 23:39:00,329 - WARNING - E5GetMatchsStats.execute() - GetMatchsStats.get_matchs_stats() : E5SeleniumWebdriverError.ERROR_TYPE_GET_MATCHS_FAILED : Message: no such element: Unable to locate element: {"method":"css selector","selector":"th a"}
  (Session info: chrome=115.0.5790.170); For documentation on this error, please visit: https://www.selenium.dev/documentation/webdriver/troubleshooting/errors#no-such-element-exception
Stacktrace:
Backtrace:
	GetHandleVerifier [0x0051A813+48355]
	(No symbol) [0x004AC4B1]
	(No symbol) [0x003B5358]
	(No symbol) [0x003E09A5]
	(No symbol) [0x003E0B3B]
	(No symbol) [0x003D9AE1]
	(No symbol) [0x003FA784]
	(No symbol) [0x003D9A36]
	(No symbol) [0x003FAA94]
	(No symbol) [0x0040C922]
	(No symbol) [0x003FA536]
	(No symbol) [0x003D82DC]
	(No symbol) [0x003D93DD]
	GetHandleVerifier [0x0077AABD+2539405]
	GetHandleVerifier [0x007BA78F+2800735]
	GetHandleVerifier [0x007B456C+2775612]
	GetHandleVerifier [0x005A51E0+616112]
	(No symbol) [0x004B5F8C]
	(No symbol) [0x004B2328]
	(No symbol) [0x004B240B]
	(No symbol) [0x004A4FF7]
	BaseThreadInitThunk [0x757A7D59+25]
	RtlInitializeExceptionChain [0x7760B79B+107]
	RtlClearBits [0x7760B71F+191]

2023-08-05 23:39:21,779 - WARNING - E5GetMatchsStats.execute() - GetMatchsStats.get_matchs_stats() : E5SeleniumWebdriverError.ERROR_TYPE_GET_MATCHS_FAILED : Message: no such element: Unable to locate element: {"method":"css selector","selector":"th a"}
  (Session info: chrome=115.0.5790.170); For documentation on this error, please visit: https://www.selenium.dev/documentation/webdriver/troubleshooting/errors#no-such-element-exception
Stacktrace:
Backtrace:
	GetHandleVerifier [0x0051A813+48355]
	(No symbol) [0x004AC4B1]
	(No symbol) [0x003B5358]
	(No symbol) [0x003E09A5]
	(No symbol) [0x003E0B3B]
	(No symbol) [0x003D9AE1]
	(No symbol) [0x003FA784]
	(No symbol) [0x003D9A36]
	(No symbol) [0x003FAA94]
	(No symbol) [0x0040C922]
	(No symbol) [0x003FA536]
	(No symbol) [0x003D82DC]
	(No symbol) [0x003D93DD]
	GetHandleVerifier [0x0077AABD+2539405]
	GetHandleVerifier [0x007BA78F+2800735]
	GetHandleVerifier [0x007B456C+2775612]
	GetHandleVerifier [0x005A51E0+616112]
	(No symbol) [0x004B5F8C]
	(No symbol) [0x004B2328]
	(No symbol) [0x004B240B]
	(No symbol) [0x004A4FF7]
	BaseThreadInitThunk [0x757A7D59+25]
	RtlInitializeExceptionChain [0x7760B79B+107]
	RtlClearBits [0x7760B71F+191]

2023-08-05 23:39:40,323 - WARNING - E5GetMatchsStats.execute() - GetMatchsStats.get_matchs_stats() : E5SeleniumWebdriverError.ERROR_TYPE_GET_MATCHS_FAILED : Message: no such element: Unable to locate element: {"method":"css selector","selector":"th a"}
  (Session info: chrome=115.0.5790.170); For documentation on this error, please visit: https://www.selenium.dev/documentation/webdriver/troubleshooting/errors#no-such-element-exception
Stacktrace:
Backtrace:
	GetHandleVerifier [0x0051A813+48355]
	(No symbol) [0x004AC4B1]
	(No symbol) [0x003B5358]
	(No symbol) [0x003E09A5]
	(No symbol) [0x003E0B3B]
	(No symbol) [0x003D9AE1]
	(No symbol) [0x003FA784]
	(No symbol) [0x003D9A36]
	(No symbol) [0x003FAA94]
	(No symbol) [0x0040C922]
	(No symbol) [0x003FA536]
	(No symbol) [0x003D82DC]
	(No symbol) [0x003D93DD]
	GetHandleVerifier [0x0077AABD+2539405]
	GetHandleVerifier [0x007BA78F+2800735]
	GetHandleVerifier [0x007B456C+2775612]
	GetHandleVerifier [0x005A51E0+616112]
	(No symbol) [0x004B5F8C]
	(No symbol) [0x004B2328]
	(No symbol) [0x004B240B]
	(No symbol) [0x004A4FF7]
	BaseThreadInitThunk [0x757A7D59+25]
	RtlInitializeExceptionChain [0x7760B79B+107]
	RtlClearBits [0x7760B71F+191]

2023-08-05 23:40:00,885 - WARNING - E5GetMatchsStats.execute() - GetMatchsStats.get_matchs_stats() : E5SeleniumWebdriverError.ERROR_TYPE_GET_MATCHS_FAILED : Message: no such element: Unable to locate element: {"method":"css selector","selector":"th a"}
  (Session info: chrome=115.0.5790.170); For documentation on this error, please visit: https://www.selenium.dev/documentation/webdriver/troubleshooting/errors#no-such-element-exception
Stacktrace:
Backtrace:
	GetHandleVerifier [0x0051A813+48355]
	(No symbol) [0x004AC4B1]
	(No symbol) [0x003B5358]
	(No symbol) [0x003E09A5]
	(No symbol) [0x003E0B3B]
	(No symbol) [0x003D9AE1]
	(No symbol) [0x003FA784]
	(No symbol) [0x003D9A36]
	(No symbol) [0x003FAA94]
	(No symbol) [0x0040C922]
	(No symbol) [0x003FA536]
	(No symbol) [0x003D82DC]
	(No symbol) [0x003D93DD]
	GetHandleVerifier [0x0077AABD+2539405]
	GetHandleVerifier [0x007BA78F+2800735]
	GetHandleVerifier [0x007B456C+2775612]
	GetHandleVerifier [0x005A51E0+616112]
	(No symbol) [0x004B5F8C]
	(No symbol) [0x004B2328]
	(No symbol) [0x004B240B]
	(No symbol) [0x004A4FF7]
	BaseThreadInitThunk [0x757A7D59+25]
	RtlInitializeExceptionChain [0x7760B79B+107]
	RtlClearBits [0x7760B71F+191]

2023-08-05 23:40:21,498 - WARNING - E5GetMatchsStats.execute() - GetMatchsStats.get_matchs_stats() : E5SeleniumWebdriverError.ERROR_TYPE_GET_MATCHS_FAILED : Message: no such element: Unable to locate element: {"method":"css selector","selector":"th a"}
  (Session info: chrome=115.0.5790.170); For documentation on this error, please visit: https://www.selenium.dev/documentation/webdriver/troubleshooting/errors#no-such-element-exception
Stacktrace:
Backtrace:
	GetHandleVerifier [0x0051A813+48355]
	(No symbol) [0x004AC4B1]
	(No symbol) [0x003B5358]
	(No symbol) [0x003E09A5]
	(No symbol) [0x003E0B3B]
	(No symbol) [0x003D9AE1]
	(No symbol) [0x003FA784]
	(No symbol) [0x003D9A36]
	(No symbol) [0x003FAA94]
	(No symbol) [0x0040C922]
	(No symbol) [0x003FA536]
	(No symbol) [0x003D82DC]
	(No symbol) [0x003D93DD]
	GetHandleVerifier [0x0077AABD+2539405]
	GetHandleVerifier [0x007BA78F+2800735]
	GetHandleVerifier [0x007B456C+2775612]
	GetHandleVerifier [0x005A51E0+616112]
	(No symbol) [0x004B5F8C]
	(No symbol) [0x004B2328]
	(No symbol) [0x004B240B]
	(No symbol) [0x004A4FF7]
	BaseThreadInitThunk [0x757A7D59+25]
	RtlInitializeExceptionChain [0x7760B79B+107]
	RtlClearBits [0x7760B71F+191]

2023-08-05 23:40:44,705 - WARNING - E5GetMatchsStats.execute() - GetMatchsStats.get_matchs_stats() : E5SeleniumWebdriverError.ERROR_TYPE_GET_MATCHS_FAILED : Message: no such element: Unable to locate element: {"method":"css selector","selector":"th a"}
  (Session info: chrome=115.0.5790.170); For documentation on this error, please visit: https://www.selenium.dev/documentation/webdriver/troubleshooting/errors#no-such-element-exception
Stacktrace:
Backtrace:
	GetHandleVerifier [0x0051A813+48355]
	(No symbol) [0x004AC4B1]
	(No symbol) [0x003B5358]
	(No symbol) [0x003E09A5]
	(No symbol) [0x003E0B3B]
	(No symbol) [0x003D9AE1]
	(No symbol) [0x003FA784]
	(No symbol) [0x003D9A36]
	(No symbol) [0x003FAA94]
	(No symbol) [0x0040C922]
	(No symbol) [0x003FA536]
	(No symbol) [0x003D82DC]
	(No symbol) [0x003D93DD]
	GetHandleVerifier [0x0077AABD+2539405]
	GetHandleVerifier [0x007BA78F+2800735]
	GetHandleVerifier [0x007B456C+2775612]
	GetHandleVerifier [0x005A51E0+616112]
	(No symbol) [0x004B5F8C]
	(No symbol) [0x004B2328]
	(No symbol) [0x004B240B]
	(No symbol) [0x004A4FF7]
	BaseThreadInitThunk [0x757A7D59+25]
	RtlInitializeExceptionChain [0x7760B79B+107]
	RtlClearBits [0x7760B71F+191]

2023-08-05 23:41:02,857 - WARNING - E5GetMatchsStats.execute() - GetMatchsStats.get_matchs_stats() : E5SeleniumWebdriverError.ERROR_TYPE_GET_MATCHS_FAILED : Message: no such element: Unable to locate element: {"method":"css selector","selector":"th a"}
  (Session info: chrome=115.0.5790.170); For documentation on this error, please visit: https://www.selenium.dev/documentation/webdriver/troubleshooting/errors#no-such-element-exception
Stacktrace:
Backtrace:
	GetHandleVerifier [0x0051A813+48355]
	(No symbol) [0x004AC4B1]
	(No symbol) [0x003B5358]
	(No symbol) [0x003E09A5]
	(No symbol) [0x003E0B3B]
	(No symbol) [0x003D9AE1]
	(No symbol) [0x003FA784]
	(No symbol) [0x003D9A36]
	(No symbol) [0x003FAA94]
	(No symbol) [0x0040C922]
	(No symbol) [0x003FA536]
	(No symbol) [0x003D82DC]
	(No symbol) [0x003D93DD]
	GetHandleVerifier [0x0077AABD+2539405]
	GetHandleVerifier [0x007BA78F+2800735]
	GetHandleVerifier [0x007B456C+2775612]
	GetHandleVerifier [0x005A51E0+616112]
	(No symbol) [0x004B5F8C]
	(No symbol) [0x004B2328]
	(No symbol) [0x004B240B]
	(No symbol) [0x004A4FF7]
	BaseThreadInitThunk [0x757A7D59+25]
	RtlInitializeExceptionChain [0x7760B79B+107]
	RtlClearBits [0x7760B71F+191]

2023-08-05 23:41:17,897 - WARNING - E5GetMatchsStats.execute() - GetMatchsStats.get_matchs_stats() : E5SeleniumWebdriverError.ERROR_TYPE_GET_MATCHS_FAILED : E5Team matching query does not exist.
2023-08-05 23:41:33,381 - WARNING - E5GetMatchsStats.execute() - GetMatchsStats.get_matchs_stats() : E5SeleniumWebdriverError.ERROR_TYPE_GET_MATCHS_FAILED : E5Team matching query does not exist.
2023-08-05 23:41:54,242 - WARNING - E5GetMatchsStats.execute() - GetMatchsStats.get_matchs_stats() : E5SeleniumWebdriverError.ERROR_TYPE_GET_MATCHS_FAILED : E5Team matching query does not exist.
2023-08-05 23:42:16,379 - WARNING - E5GetMatchsStats.execute() - GetMatchsStats.get_matchs_stats() : E5SeleniumWebdriverError.ERROR_TYPE_GET_MATCHS_FAILED : E5Team matching query does not exist.
2023-08-05 23:42:34,302 - WARNING - E5GetMatchsStats.execute() - GetMatchsStats.get_matchs_stats() : E5SeleniumWebdriverError.ERROR_TYPE_GET_MATCHS_FAILED : E5Team matching query does not exist.
2023-08-05 23:42:51,600 - WARNING - E5GetMatchsStats.execute() - GetMatchsStats.get_matchs_stats() : E5SeleniumWebdriverError.ERROR_TYPE_GET_MATCHS_FAILED : E5Team matching query does not exist.
2023-08-05 23:43:06,218 - WARNING - E5GetMatchsStats.execute() - GetMatchsStats.get_matchs_stats() : E5SeleniumWebdriverError.ERROR_TYPE_GET_MATCHS_FAILED : E5Team matching query does not exist.
2023-08-05 23:43:22,694 - WARNING - E5GetMatchsStats.execute() - GetMatchsStats.get_matchs_stats() : E5SeleniumWebdriverError.ERROR_TYPE_GET_MATCHS_FAILED : E5Team matching query does not exist.
2023-08-05 23:43:41,662 - WARNING - E5GetMatchsStats.execute() - GetMatchsStats.get_matchs_stats() : E5SeleniumWebdriverError.ERROR_TYPE_GET_MATCHS_FAILED : E5Team matching query does not exist.
2023-08-05 23:44:06,562 - WARNING - E5GetMatchsStats.execute() - GetMatchsStats.get_matchs_stats() : E5SeleniumWebdriverError.ERROR_TYPE_GET_MATCHS_FAILED : E5Team matching query does not exist.
2023-08-05 23:44:26,857 - WARNING - E5GetMatchsStats.execute() - GetMatchsStats.get_matchs_stats() : E5SeleniumWebdriverError.ERROR_TYPE_GET_MATCHS_FAILED : E5Team matching query does not exist.
2023-08-05 23:44:45,240 - WARNING - E5GetMatchsStats.execute() - GetMatchsStats.get_matchs_stats() : E5SeleniumWebdriverError.ERROR_TYPE_GET_MATCHS_FAILED : E5Team matching query does not exist.
2023-08-05 23:45:01,962 - WARNING - E5GetMatchsStats.execute() - GetMatchsStats.get_matchs_stats() : E5SeleniumWebdriverError.ERROR_TYPE_GET_MATCHS_FAILED : E5Team matching query does not exist.
2023-08-05 23:45:26,032 - WARNING - E5GetMatchsStats.execute() - GetMatchsStats.get_matchs_stats() : E5SeleniumWebdriverError.ERROR_TYPE_GET_MATCHS_FAILED : E5Team matching query does not exist.
2023-08-05 23:45:40,900 - WARNING - E5GetMatchsStats.execute() - GetMatchsStats.get_matchs_stats() : E5SeleniumWebdriverError.ERROR_TYPE_GET_MATCHS_FAILED : E5Team matching query does not exist.
2023-08-05 23:45:53,469 - WARNING - E5GetMatchsStats.execute() - GetMatchsStats.get_matchs_stats() : E5SeleniumWebdriverError.ERROR_TYPE_GET_MATCHS_FAILED : E5Team matching query does not exist.
2023-08-05 23:46:04,246 - WARNING - E5GetMatchsStats.execute() - GetMatchsStats.get_matchs_stats() : E5SeleniumWebdriverError.ERROR_TYPE_GET_MATCHS_FAILED : E5Team matching query does not exist.
2023-08-05 23:46:18,107 - WARNING - E5GetMatchsStats.execute() - GetMatchsStats.get_matchs_stats() : E5SeleniumWebdriverError.ERROR_TYPE_GET_MATCHS_FAILED : Message: no such element: Unable to locate element: {"method":"css selector","selector":"th a"}
  (Session info: chrome=115.0.5790.170); For documentation on this error, please visit: https://www.selenium.dev/documentation/webdriver/troubleshooting/errors#no-such-element-exception
Stacktrace:
Backtrace:
	GetHandleVerifier [0x0051A813+48355]
	(No symbol) [0x004AC4B1]
	(No symbol) [0x003B5358]
	(No symbol) [0x003E09A5]
	(No symbol) [0x003E0B3B]
	(No symbol) [0x003D9AE1]
	(No symbol) [0x003FA784]
	(No symbol) [0x003D9A36]
	(No symbol) [0x003FAA94]
	(No symbol) [0x0040C922]
	(No symbol) [0x003FA536]
	(No symbol) [0x003D82DC]
	(No symbol) [0x003D93DD]
	GetHandleVerifier [0x0077AABD+2539405]
	GetHandleVerifier [0x007BA78F+2800735]
	GetHandleVerifier [0x007B456C+2775612]
	GetHandleVerifier [0x005A51E0+616112]
	(No symbol) [0x004B5F8C]
	(No symbol) [0x004B2328]
	(No symbol) [0x004B240B]
	(No symbol) [0x004A4FF7]
	BaseThreadInitThunk [0x757A7D59+25]
	RtlInitializeExceptionChain [0x7760B79B+107]
	RtlClearBits [0x7760B71F+191]

2023-08-05 23:46:32,807 - WARNING - E5GetMatchsStats.execute() - GetMatchsStats.get_matchs_stats() : E5SeleniumWebdriverError.ERROR_TYPE_GET_MATCHS_FAILED : Message: no such element: Unable to locate element: {"method":"css selector","selector":"th a"}
  (Session info: chrome=115.0.5790.170); For documentation on this error, please visit: https://www.selenium.dev/documentation/webdriver/troubleshooting/errors#no-such-element-exception
Stacktrace:
Backtrace:
	GetHandleVerifier [0x0051A813+48355]
	(No symbol) [0x004AC4B1]
	(No symbol) [0x003B5358]
	(No symbol) [0x003E09A5]
	(No symbol) [0x003E0B3B]
	(No symbol) [0x003D9AE1]
	(No symbol) [0x003FA784]
	(No symbol) [0x003D9A36]
	(No symbol) [0x003FAA94]
	(No symbol) [0x0040C922]
	(No symbol) [0x003FA536]
	(No symbol) [0x003D82DC]
	(No symbol) [0x003D93DD]
	GetHandleVerifier [0x0077AABD+2539405]
	GetHandleVerifier [0x007BA78F+2800735]
	GetHandleVerifier [0x007B456C+2775612]
	GetHandleVerifier [0x005A51E0+616112]
	(No symbol) [0x004B5F8C]
	(No symbol) [0x004B2328]
	(No symbol) [0x004B240B]
	(No symbol) [0x004A4FF7]
	BaseThreadInitThunk [0x757A7D59+25]
	RtlInitializeExceptionChain [0x7760B79B+107]
	RtlClearBits [0x7760B71F+191]

2023-08-05 23:46:43,697 - WARNING - E5GetMatchsStats.execute() - GetMatchsStats.get_matchs_stats() : E5SeleniumWebdriverError.ERROR_TYPE_GET_MATCHS_FAILED : E5Team matching query does not exist.
2023-08-05 23:46:57,517 - WARNING - E5GetMatchsStats.execute() - GetMatchsStats.get_matchs_stats() : E5SeleniumWebdriverError.ERROR_TYPE_GET_MATCHS_FAILED : Message: no such element: Unable to locate element: {"method":"css selector","selector":"th a"}
  (Session info: chrome=115.0.5790.170); For documentation on this error, please visit: https://www.selenium.dev/documentation/webdriver/troubleshooting/errors#no-such-element-exception
Stacktrace:
Backtrace:
	GetHandleVerifier [0x0051A813+48355]
	(No symbol) [0x004AC4B1]
	(No symbol) [0x003B5358]
	(No symbol) [0x003E09A5]
	(No symbol) [0x003E0B3B]
	(No symbol) [0x003D9AE1]
	(No symbol) [0x003FA784]
	(No symbol) [0x003D9A36]
	(No symbol) [0x003FAA94]
	(No symbol) [0x0040C922]
	(No symbol) [0x003FA536]
	(No symbol) [0x003D82DC]
	(No symbol) [0x003D93DD]
	GetHandleVerifier [0x0077AABD+2539405]
	GetHandleVerifier [0x007BA78F+2800735]
	GetHandleVerifier [0x007B456C+2775612]
	GetHandleVerifier [0x005A51E0+616112]
	(No symbol) [0x004B5F8C]
	(No symbol) [0x004B2328]
	(No symbol) [0x004B240B]
	(No symbol) [0x004A4FF7]
	BaseThreadInitThunk [0x757A7D59+25]
	RtlInitializeExceptionChain [0x7760B79B+107]
	RtlClearBits [0x7760B71F+191]

2023-08-05 23:47:12,118 - WARNING - E5GetMatchsStats.execute() - GetMatchsStats.get_matchs_stats() : E5SeleniumWebdriverError.ERROR_TYPE_GET_MATCHS_FAILED : Message: no such element: Unable to locate element: {"method":"css selector","selector":"th a"}
  (Session info: chrome=115.0.5790.170); For documentation on this error, please visit: https://www.selenium.dev/documentation/webdriver/troubleshooting/errors#no-such-element-exception
Stacktrace:
Backtrace:
	GetHandleVerifier [0x0051A813+48355]
	(No symbol) [0x004AC4B1]
	(No symbol) [0x003B5358]
	(No symbol) [0x003E09A5]
	(No symbol) [0x003E0B3B]
	(No symbol) [0x003D9AE1]
	(No symbol) [0x003FA784]
	(No symbol) [0x003D9A36]
	(No symbol) [0x003FAA94]
	(No symbol) [0x0040C922]
	(No symbol) [0x003FA536]
	(No symbol) [0x003D82DC]
	(No symbol) [0x003D93DD]
	GetHandleVerifier [0x0077AABD+2539405]
	GetHandleVerifier [0x007BA78F+2800735]
	GetHandleVerifier [0x007B456C+2775612]
	GetHandleVerifier [0x005A51E0+616112]
	(No symbol) [0x004B5F8C]
	(No symbol) [0x004B2328]
	(No symbol) [0x004B240B]
	(No symbol) [0x004A4FF7]
	BaseThreadInitThunk [0x757A7D59+25]
	RtlInitializeExceptionChain [0x7760B79B+107]
	RtlClearBits [0x7760B71F+191]

2023-08-05 23:47:27,298 - WARNING - E5GetMatchsStats.execute() - GetMatchsStats.get_matchs_stats() : E5SeleniumWebdriverError.ERROR_TYPE_GET_MATCHS_FAILED : Message: no such element: Unable to locate element: {"method":"css selector","selector":"th a"}
  (Session info: chrome=115.0.5790.170); For documentation on this error, please visit: https://www.selenium.dev/documentation/webdriver/troubleshooting/errors#no-such-element-exception
Stacktrace:
Backtrace:
	GetHandleVerifier [0x0051A813+48355]
	(No symbol) [0x004AC4B1]
	(No symbol) [0x003B5358]
	(No symbol) [0x003E09A5]
	(No symbol) [0x003E0B3B]
	(No symbol) [0x003D9AE1]
	(No symbol) [0x003FA784]
	(No symbol) [0x003D9A36]
	(No symbol) [0x003FAA94]
	(No symbol) [0x0040C922]
	(No symbol) [0x003FA536]
	(No symbol) [0x003D82DC]
	(No symbol) [0x003D93DD]
	GetHandleVerifier [0x0077AABD+2539405]
	GetHandleVerifier [0x007BA78F+2800735]
	GetHandleVerifier [0x007B456C+2775612]
	GetHandleVerifier [0x005A51E0+616112]
	(No symbol) [0x004B5F8C]
	(No symbol) [0x004B2328]
	(No symbol) [0x004B240B]
	(No symbol) [0x004A4FF7]
	BaseThreadInitThunk [0x757A7D59+25]
	RtlInitializeExceptionChain [0x7760B79B+107]
	RtlClearBits [0x7760B71F+191]

2023-08-05 23:47:40,874 - WARNING - E5GetMatchsStats.execute() - GetMatchsStats.get_matchs_stats() : E5SeleniumWebdriverError.ERROR_TYPE_GET_MATCHS_FAILED : Message: no such element: Unable to locate element: {"method":"css selector","selector":"th a"}
  (Session info: chrome=115.0.5790.170); For documentation on this error, please visit: https://www.selenium.dev/documentation/webdriver/troubleshooting/errors#no-such-element-exception
Stacktrace:
Backtrace:
	GetHandleVerifier [0x0051A813+48355]
	(No symbol) [0x004AC4B1]
	(No symbol) [0x003B5358]
	(No symbol) [0x003E09A5]
	(No symbol) [0x003E0B3B]
	(No symbol) [0x003D9AE1]
	(No symbol) [0x003FA784]
	(No symbol) [0x003D9A36]
	(No symbol) [0x003FAA94]
	(No symbol) [0x0040C922]
	(No symbol) [0x003FA536]
	(No symbol) [0x003D82DC]
	(No symbol) [0x003D93DD]
	GetHandleVerifier [0x0077AABD+2539405]
	GetHandleVerifier [0x007BA78F+2800735]
	GetHandleVerifier [0x007B456C+2775612]
	GetHandleVerifier [0x005A51E0+616112]
	(No symbol) [0x004B5F8C]
	(No symbol) [0x004B2328]
	(No symbol) [0x004B240B]
	(No symbol) [0x004A4FF7]
	BaseThreadInitThunk [0x757A7D59+25]
	RtlInitializeExceptionChain [0x7760B79B+107]
	RtlClearBits [0x7760B71F+191]

2023-08-05 23:47:58,328 - WARNING - E5GetMatchsStats.execute() - GetMatchsStats.get_matchs_stats() : E5SeleniumWebdriverError.ERROR_TYPE_GET_MATCHS_FAILED : Message: no such element: Unable to locate element: {"method":"css selector","selector":"th a"}
  (Session info: chrome=115.0.5790.170); For documentation on this error, please visit: https://www.selenium.dev/documentation/webdriver/troubleshooting/errors#no-such-element-exception
Stacktrace:
Backtrace:
	GetHandleVerifier [0x0051A813+48355]
	(No symbol) [0x004AC4B1]
	(No symbol) [0x003B5358]
	(No symbol) [0x003E09A5]
	(No symbol) [0x003E0B3B]
	(No symbol) [0x003D9AE1]
	(No symbol) [0x003FA784]
	(No symbol) [0x003D9A36]
	(No symbol) [0x003FAA94]
	(No symbol) [0x0040C922]
	(No symbol) [0x003FA536]
	(No symbol) [0x003D82DC]
	(No symbol) [0x003D93DD]
	GetHandleVerifier [0x0077AABD+2539405]
	GetHandleVerifier [0x007BA78F+2800735]
	GetHandleVerifier [0x007B456C+2775612]
	GetHandleVerifier [0x005A51E0+616112]
	(No symbol) [0x004B5F8C]
	(No symbol) [0x004B2328]
	(No symbol) [0x004B240B]
	(No symbol) [0x004A4FF7]
	BaseThreadInitThunk [0x757A7D59+25]
	RtlInitializeExceptionChain [0x7760B79B+107]
	RtlClearBits [0x7760B71F+191]

2023-08-05 23:48:12,800 - WARNING - E5GetMatchsStats.execute() - GetMatchsStats.get_matchs_stats() : E5SeleniumWebdriverError.ERROR_TYPE_GET_MATCHS_FAILED : Message: no such element: Unable to locate element: {"method":"css selector","selector":"th a"}
  (Session info: chrome=115.0.5790.170); For documentation on this error, please visit: https://www.selenium.dev/documentation/webdriver/troubleshooting/errors#no-such-element-exception
Stacktrace:
Backtrace:
	GetHandleVerifier [0x0051A813+48355]
	(No symbol) [0x004AC4B1]
	(No symbol) [0x003B5358]
	(No symbol) [0x003E09A5]
	(No symbol) [0x003E0B3B]
	(No symbol) [0x003D9AE1]
	(No symbol) [0x003FA784]
	(No symbol) [0x003D9A36]
	(No symbol) [0x003FAA94]
	(No symbol) [0x0040C922]
	(No symbol) [0x003FA536]
	(No symbol) [0x003D82DC]
	(No symbol) [0x003D93DD]
	GetHandleVerifier [0x0077AABD+2539405]
	GetHandleVerifier [0x007BA78F+2800735]
	GetHandleVerifier [0x007B456C+2775612]
	GetHandleVerifier [0x005A51E0+616112]
	(No symbol) [0x004B5F8C]
	(No symbol) [0x004B2328]
	(No symbol) [0x004B240B]
	(No symbol) [0x004A4FF7]
	BaseThreadInitThunk [0x757A7D59+25]
	RtlInitializeExceptionChain [0x7760B79B+107]
	RtlClearBits [0x7760B71F+191]

2023-08-05 23:48:27,430 - WARNING - E5GetMatchsStats.execute() - GetMatchsStats.get_matchs_stats() : E5SeleniumWebdriverError.ERROR_TYPE_GET_MATCHS_FAILED : Message: no such element: Unable to locate element: {"method":"css selector","selector":"th a"}
  (Session info: chrome=115.0.5790.170); For documentation on this error, please visit: https://www.selenium.dev/documentation/webdriver/troubleshooting/errors#no-such-element-exception
Stacktrace:
Backtrace:
	GetHandleVerifier [0x0051A813+48355]
	(No symbol) [0x004AC4B1]
	(No symbol) [0x003B5358]
	(No symbol) [0x003E09A5]
	(No symbol) [0x003E0B3B]
	(No symbol) [0x003D9AE1]
	(No symbol) [0x003FA784]
	(No symbol) [0x003D9A36]
	(No symbol) [0x003FAA94]
	(No symbol) [0x0040C922]
	(No symbol) [0x003FA536]
	(No symbol) [0x003D82DC]
	(No symbol) [0x003D93DD]
	GetHandleVerifier [0x0077AABD+2539405]
	GetHandleVerifier [0x007BA78F+2800735]
	GetHandleVerifier [0x007B456C+2775612]
	GetHandleVerifier [0x005A51E0+616112]
	(No symbol) [0x004B5F8C]
	(No symbol) [0x004B2328]
	(No symbol) [0x004B240B]
	(No symbol) [0x004A4FF7]
	BaseThreadInitThunk [0x757A7D59+25]
	RtlInitializeExceptionChain [0x7760B79B+107]
	RtlClearBits [0x7760B71F+191]

2023-08-05 23:48:40,700 - WARNING - E5GetMatchsStats.execute() - GetMatchsStats.get_matchs_stats() : E5SeleniumWebdriverError.ERROR_TYPE_GET_MATCHS_FAILED : Message: no such element: Unable to locate element: {"method":"css selector","selector":"th a"}
  (Session info: chrome=115.0.5790.170); For documentation on this error, please visit: https://www.selenium.dev/documentation/webdriver/troubleshooting/errors#no-such-element-exception
Stacktrace:
Backtrace:
	GetHandleVerifier [0x0051A813+48355]
	(No symbol) [0x004AC4B1]
	(No symbol) [0x003B5358]
	(No symbol) [0x003E09A5]
	(No symbol) [0x003E0B3B]
	(No symbol) [0x003D9AE1]
	(No symbol) [0x003FA784]
	(No symbol) [0x003D9A36]
	(No symbol) [0x003FAA94]
	(No symbol) [0x0040C922]
	(No symbol) [0x003FA536]
	(No symbol) [0x003D82DC]
	(No symbol) [0x003D93DD]
	GetHandleVerifier [0x0077AABD+2539405]
	GetHandleVerifier [0x007BA78F+2800735]
	GetHandleVerifier [0x007B456C+2775612]
	GetHandleVerifier [0x005A51E0+616112]
	(No symbol) [0x004B5F8C]
	(No symbol) [0x004B2328]
	(No symbol) [0x004B240B]
	(No symbol) [0x004A4FF7]
	BaseThreadInitThunk [0x757A7D59+25]
	RtlInitializeExceptionChain [0x7760B79B+107]
	RtlClearBits [0x7760B71F+191]

2023-08-05 23:48:53,850 - WARNING - E5GetMatchsStats.execute() - GetMatchsStats.get_matchs_stats() : E5SeleniumWebdriverError.ERROR_TYPE_GET_MATCHS_FAILED : Message: no such element: Unable to locate element: {"method":"css selector","selector":"th a"}
  (Session info: chrome=115.0.5790.170); For documentation on this error, please visit: https://www.selenium.dev/documentation/webdriver/troubleshooting/errors#no-such-element-exception
Stacktrace:
Backtrace:
	GetHandleVerifier [0x0051A813+48355]
	(No symbol) [0x004AC4B1]
	(No symbol) [0x003B5358]
	(No symbol) [0x003E09A5]
	(No symbol) [0x003E0B3B]
	(No symbol) [0x003D9AE1]
	(No symbol) [0x003FA784]
	(No symbol) [0x003D9A36]
	(No symbol) [0x003FAA94]
	(No symbol) [0x0040C922]
	(No symbol) [0x003FA536]
	(No symbol) [0x003D82DC]
	(No symbol) [0x003D93DD]
	GetHandleVerifier [0x0077AABD+2539405]
	GetHandleVerifier [0x007BA78F+2800735]
	GetHandleVerifier [0x007B456C+2775612]
	GetHandleVerifier [0x005A51E0+616112]
	(No symbol) [0x004B5F8C]
	(No symbol) [0x004B2328]
	(No symbol) [0x004B240B]
	(No symbol) [0x004A4FF7]
	BaseThreadInitThunk [0x757A7D59+25]
	RtlInitializeExceptionChain [0x7760B79B+107]
	RtlClearBits [0x7760B71F+191]

2023-08-05 23:49:09,527 - WARNING - E5GetMatchsStats.execute() - GetMatchsStats.get_matchs_stats() : E5SeleniumWebdriverError.ERROR_TYPE_GET_MATCHS_FAILED : Message: no such element: Unable to locate element: {"method":"css selector","selector":"th a"}
  (Session info: chrome=115.0.5790.170); For documentation on this error, please visit: https://www.selenium.dev/documentation/webdriver/troubleshooting/errors#no-such-element-exception
Stacktrace:
Backtrace:
	GetHandleVerifier [0x0051A813+48355]
	(No symbol) [0x004AC4B1]
	(No symbol) [0x003B5358]
	(No symbol) [0x003E09A5]
	(No symbol) [0x003E0B3B]
	(No symbol) [0x003D9AE1]
	(No symbol) [0x003FA784]
	(No symbol) [0x003D9A36]
	(No symbol) [0x003FAA94]
	(No symbol) [0x0040C922]
	(No symbol) [0x003FA536]
	(No symbol) [0x003D82DC]
	(No symbol) [0x003D93DD]
	GetHandleVerifier [0x0077AABD+2539405]
	GetHandleVerifier [0x007BA78F+2800735]
	GetHandleVerifier [0x007B456C+2775612]
	GetHandleVerifier [0x005A51E0+616112]
	(No symbol) [0x004B5F8C]
	(No symbol) [0x004B2328]
	(No symbol) [0x004B240B]
	(No symbol) [0x004A4FF7]
	BaseThreadInitThunk [0x757A7D59+25]
	RtlInitializeExceptionChain [0x7760B79B+107]
	RtlClearBits [0x7760B71F+191]

2023-08-05 23:49:23,086 - WARNING - E5GetMatchsStats.execute() - GetMatchsStats.get_matchs_stats() : E5SeleniumWebdriverError.ERROR_TYPE_GET_MATCHS_FAILED : Message: no such element: Unable to locate element: {"method":"css selector","selector":"th a"}
  (Session info: chrome=115.0.5790.170); For documentation on this error, please visit: https://www.selenium.dev/documentation/webdriver/troubleshooting/errors#no-such-element-exception
Stacktrace:
Backtrace:
	GetHandleVerifier [0x0051A813+48355]
	(No symbol) [0x004AC4B1]
	(No symbol) [0x003B5358]
	(No symbol) [0x003E09A5]
	(No symbol) [0x003E0B3B]
	(No symbol) [0x003D9AE1]
	(No symbol) [0x003FA784]
	(No symbol) [0x003D9A36]
	(No symbol) [0x003FAA94]
	(No symbol) [0x0040C922]
	(No symbol) [0x003FA536]
	(No symbol) [0x003D82DC]
	(No symbol) [0x003D93DD]
	GetHandleVerifier [0x0077AABD+2539405]
	GetHandleVerifier [0x007BA78F+2800735]
	GetHandleVerifier [0x007B456C+2775612]
	GetHandleVerifier [0x005A51E0+616112]
	(No symbol) [0x004B5F8C]
	(No symbol) [0x004B2328]
	(No symbol) [0x004B240B]
	(No symbol) [0x004A4FF7]
	BaseThreadInitThunk [0x757A7D59+25]
	RtlInitializeExceptionChain [0x7760B79B+107]
	RtlClearBits [0x7760B71F+191]

2023-08-05 23:49:38,162 - WARNING - E5GetMatchsStats.execute() - GetMatchsStats.get_matchs_stats() : E5SeleniumWebdriverError.ERROR_TYPE_GET_MATCHS_FAILED : Message: no such element: Unable to locate element: {"method":"css selector","selector":"th a"}
  (Session info: chrome=115.0.5790.170); For documentation on this error, please visit: https://www.selenium.dev/documentation/webdriver/troubleshooting/errors#no-such-element-exception
Stacktrace:
Backtrace:
	GetHandleVerifier [0x0051A813+48355]
	(No symbol) [0x004AC4B1]
	(No symbol) [0x003B5358]
	(No symbol) [0x003E09A5]
	(No symbol) [0x003E0B3B]
	(No symbol) [0x003D9AE1]
	(No symbol) [0x003FA784]
	(No symbol) [0x003D9A36]
	(No symbol) [0x003FAA94]
	(No symbol) [0x0040C922]
	(No symbol) [0x003FA536]
	(No symbol) [0x003D82DC]
	(No symbol) [0x003D93DD]
	GetHandleVerifier [0x0077AABD+2539405]
	GetHandleVerifier [0x007BA78F+2800735]
	GetHandleVerifier [0x007B456C+2775612]
	GetHandleVerifier [0x005A51E0+616112]
	(No symbol) [0x004B5F8C]
	(No symbol) [0x004B2328]
	(No symbol) [0x004B240B]
	(No symbol) [0x004A4FF7]
	BaseThreadInitThunk [0x757A7D59+25]
	RtlInitializeExceptionChain [0x7760B79B+107]
	RtlClearBits [0x7760B71F+191]

2023-08-05 23:49:51,592 - WARNING - E5GetMatchsStats.execute() - GetMatchsStats.get_matchs_stats() : E5SeleniumWebdriverError.ERROR_TYPE_GET_MATCHS_FAILED : Message: no such element: Unable to locate element: {"method":"css selector","selector":"th a"}
  (Session info: chrome=115.0.5790.170); For documentation on this error, please visit: https://www.selenium.dev/documentation/webdriver/troubleshooting/errors#no-such-element-exception
Stacktrace:
Backtrace:
	GetHandleVerifier [0x0051A813+48355]
	(No symbol) [0x004AC4B1]
	(No symbol) [0x003B5358]
	(No symbol) [0x003E09A5]
	(No symbol) [0x003E0B3B]
	(No symbol) [0x003D9AE1]
	(No symbol) [0x003FA784]
	(No symbol) [0x003D9A36]
	(No symbol) [0x003FAA94]
	(No symbol) [0x0040C922]
	(No symbol) [0x003FA536]
	(No symbol) [0x003D82DC]
	(No symbol) [0x003D93DD]
	GetHandleVerifier [0x0077AABD+2539405]
	GetHandleVerifier [0x007BA78F+2800735]
	GetHandleVerifier [0x007B456C+2775612]
	GetHandleVerifier [0x005A51E0+616112]
	(No symbol) [0x004B5F8C]
	(No symbol) [0x004B2328]
	(No symbol) [0x004B240B]
	(No symbol) [0x004A4FF7]
	BaseThreadInitThunk [0x757A7D59+25]
	RtlInitializeExceptionChain [0x7760B79B+107]
	RtlClearBits [0x7760B71F+191]

2023-08-05 23:50:06,046 - WARNING - E5GetMatchsStats.execute() - GetMatchsStats.get_matchs_stats() : E5SeleniumWebdriverError.ERROR_TYPE_GET_MATCHS_FAILED : Message: no such element: Unable to locate element: {"method":"css selector","selector":"th a"}
  (Session info: chrome=115.0.5790.170); For documentation on this error, please visit: https://www.selenium.dev/documentation/webdriver/troubleshooting/errors#no-such-element-exception
Stacktrace:
Backtrace:
	GetHandleVerifier [0x0051A813+48355]
	(No symbol) [0x004AC4B1]
	(No symbol) [0x003B5358]
	(No symbol) [0x003E09A5]
	(No symbol) [0x003E0B3B]
	(No symbol) [0x003D9AE1]
	(No symbol) [0x003FA784]
	(No symbol) [0x003D9A36]
	(No symbol) [0x003FAA94]
	(No symbol) [0x0040C922]
	(No symbol) [0x003FA536]
	(No symbol) [0x003D82DC]
	(No symbol) [0x003D93DD]
	GetHandleVerifier [0x0077AABD+2539405]
	GetHandleVerifier [0x007BA78F+2800735]
	GetHandleVerifier [0x007B456C+2775612]
	GetHandleVerifier [0x005A51E0+616112]
	(No symbol) [0x004B5F8C]
	(No symbol) [0x004B2328]
	(No symbol) [0x004B240B]
	(No symbol) [0x004A4FF7]
	BaseThreadInitThunk [0x757A7D59+25]
	RtlInitializeExceptionChain [0x7760B79B+107]
	RtlClearBits [0x7760B71F+191]

2023-08-05 23:50:18,738 - WARNING - E5GetMatchsStats.execute() - GetMatchsStats.get_matchs_stats() : E5SeleniumWebdriverError.ERROR_TYPE_GET_MATCHS_FAILED : Message: no such element: Unable to locate element: {"method":"css selector","selector":"th a"}
  (Session info: chrome=115.0.5790.170); For documentation on this error, please visit: https://www.selenium.dev/documentation/webdriver/troubleshooting/errors#no-such-element-exception
Stacktrace:
Backtrace:
	GetHandleVerifier [0x0051A813+48355]
	(No symbol) [0x004AC4B1]
	(No symbol) [0x003B5358]
	(No symbol) [0x003E09A5]
	(No symbol) [0x003E0B3B]
	(No symbol) [0x003D9AE1]
	(No symbol) [0x003FA784]
	(No symbol) [0x003D9A36]
	(No symbol) [0x003FAA94]
	(No symbol) [0x0040C922]
	(No symbol) [0x003FA536]
	(No symbol) [0x003D82DC]
	(No symbol) [0x003D93DD]
	GetHandleVerifier [0x0077AABD+2539405]
	GetHandleVerifier [0x007BA78F+2800735]
	GetHandleVerifier [0x007B456C+2775612]
	GetHandleVerifier [0x005A51E0+616112]
	(No symbol) [0x004B5F8C]
	(No symbol) [0x004B2328]
	(No symbol) [0x004B240B]
	(No symbol) [0x004A4FF7]
	BaseThreadInitThunk [0x757A7D59+25]
	RtlInitializeExceptionChain [0x7760B79B+107]
	RtlClearBits [0x7760B71F+191]

2023-08-05 23:50:31,829 - WARNING - E5GetMatchsStats.execute() - GetMatchsStats.get_matchs_stats() : E5SeleniumWebdriverError.ERROR_TYPE_GET_MATCHS_FAILED : Message: no such element: Unable to locate element: {"method":"css selector","selector":"th a"}
  (Session info: chrome=115.0.5790.170); For documentation on this error, please visit: https://www.selenium.dev/documentation/webdriver/troubleshooting/errors#no-such-element-exception
Stacktrace:
Backtrace:
	GetHandleVerifier [0x0051A813+48355]
	(No symbol) [0x004AC4B1]
	(No symbol) [0x003B5358]
	(No symbol) [0x003E09A5]
	(No symbol) [0x003E0B3B]
	(No symbol) [0x003D9AE1]
	(No symbol) [0x003FA784]
	(No symbol) [0x003D9A36]
	(No symbol) [0x003FAA94]
	(No symbol) [0x0040C922]
	(No symbol) [0x003FA536]
	(No symbol) [0x003D82DC]
	(No symbol) [0x003D93DD]
	GetHandleVerifier [0x0077AABD+2539405]
	GetHandleVerifier [0x007BA78F+2800735]
	GetHandleVerifier [0x007B456C+2775612]
	GetHandleVerifier [0x005A51E0+616112]
	(No symbol) [0x004B5F8C]
	(No symbol) [0x004B2328]
	(No symbol) [0x004B240B]
	(No symbol) [0x004A4FF7]
	BaseThreadInitThunk [0x757A7D59+25]
	RtlInitializeExceptionChain [0x7760B79B+107]
	RtlClearBits [0x7760B71F+191]

2023-08-05 23:50:46,461 - WARNING - E5GetMatchsStats.execute() - GetMatchsStats.get_matchs_stats() : E5SeleniumWebdriverError.ERROR_TYPE_GET_MATCHS_FAILED : Message: no such element: Unable to locate element: {"method":"css selector","selector":"th a"}
  (Session info: chrome=115.0.5790.170); For documentation on this error, please visit: https://www.selenium.dev/documentation/webdriver/troubleshooting/errors#no-such-element-exception
Stacktrace:
Backtrace:
	GetHandleVerifier [0x0051A813+48355]
	(No symbol) [0x004AC4B1]
	(No symbol) [0x003B5358]
	(No symbol) [0x003E09A5]
	(No symbol) [0x003E0B3B]
	(No symbol) [0x003D9AE1]
	(No symbol) [0x003FA784]
	(No symbol) [0x003D9A36]
	(No symbol) [0x003FAA94]
	(No symbol) [0x0040C922]
	(No symbol) [0x003FA536]
	(No symbol) [0x003D82DC]
	(No symbol) [0x003D93DD]
	GetHandleVerifier [0x0077AABD+2539405]
	GetHandleVerifier [0x007BA78F+2800735]
	GetHandleVerifier [0x007B456C+2775612]
	GetHandleVerifier [0x005A51E0+616112]
	(No symbol) [0x004B5F8C]
	(No symbol) [0x004B2328]
	(No symbol) [0x004B240B]
	(No symbol) [0x004A4FF7]
	BaseThreadInitThunk [0x757A7D59+25]
	RtlInitializeExceptionChain [0x7760B79B+107]
	RtlClearBits [0x7760B71F+191]

2023-08-05 23:50:59,226 - WARNING - E5GetMatchsStats.execute() - GetMatchsStats.get_matchs_stats() : E5SeleniumWebdriverError.ERROR_TYPE_GET_MATCHS_FAILED : Message: no such element: Unable to locate element: {"method":"css selector","selector":"th a"}
  (Session info: chrome=115.0.5790.170); For documentation on this error, please visit: https://www.selenium.dev/documentation/webdriver/troubleshooting/errors#no-such-element-exception
Stacktrace:
Backtrace:
	GetHandleVerifier [0x0051A813+48355]
	(No symbol) [0x004AC4B1]
	(No symbol) [0x003B5358]
	(No symbol) [0x003E09A5]
	(No symbol) [0x003E0B3B]
	(No symbol) [0x003D9AE1]
	(No symbol) [0x003FA784]
	(No symbol) [0x003D9A36]
	(No symbol) [0x003FAA94]
	(No symbol) [0x0040C922]
	(No symbol) [0x003FA536]
	(No symbol) [0x003D82DC]
	(No symbol) [0x003D93DD]
	GetHandleVerifier [0x0077AABD+2539405]
	GetHandleVerifier [0x007BA78F+2800735]
	GetHandleVerifier [0x007B456C+2775612]
	GetHandleVerifier [0x005A51E0+616112]
	(No symbol) [0x004B5F8C]
	(No symbol) [0x004B2328]
	(No symbol) [0x004B240B]
	(No symbol) [0x004A4FF7]
	BaseThreadInitThunk [0x757A7D59+25]
	RtlInitializeExceptionChain [0x7760B79B+107]
	RtlClearBits [0x7760B71F+191]

2023-08-05 23:51:12,557 - WARNING - E5GetMatchsStats.execute() - GetMatchsStats.get_matchs_stats() : E5SeleniumWebdriverError.ERROR_TYPE_GET_MATCHS_FAILED : Message: no such element: Unable to locate element: {"method":"css selector","selector":"th a"}
  (Session info: chrome=115.0.5790.170); For documentation on this error, please visit: https://www.selenium.dev/documentation/webdriver/troubleshooting/errors#no-such-element-exception
Stacktrace:
Backtrace:
	GetHandleVerifier [0x0051A813+48355]
	(No symbol) [0x004AC4B1]
	(No symbol) [0x003B5358]
	(No symbol) [0x003E09A5]
	(No symbol) [0x003E0B3B]
	(No symbol) [0x003D9AE1]
	(No symbol) [0x003FA784]
	(No symbol) [0x003D9A36]
	(No symbol) [0x003FAA94]
	(No symbol) [0x0040C922]
	(No symbol) [0x003FA536]
	(No symbol) [0x003D82DC]
	(No symbol) [0x003D93DD]
	GetHandleVerifier [0x0077AABD+2539405]
	GetHandleVerifier [0x007BA78F+2800735]
	GetHandleVerifier [0x007B456C+2775612]
	GetHandleVerifier [0x005A51E0+616112]
	(No symbol) [0x004B5F8C]
	(No symbol) [0x004B2328]
	(No symbol) [0x004B240B]
	(No symbol) [0x004A4FF7]
	BaseThreadInitThunk [0x757A7D59+25]
	RtlInitializeExceptionChain [0x7760B79B+107]
	RtlClearBits [0x7760B71F+191]

2023-08-05 23:51:25,789 - WARNING - E5GetMatchsStats.execute() - GetMatchsStats.get_matchs_stats() : E5SeleniumWebdriverError.ERROR_TYPE_GET_MATCHS_FAILED : Message: no such element: Unable to locate element: {"method":"css selector","selector":"th a"}
  (Session info: chrome=115.0.5790.170); For documentation on this error, please visit: https://www.selenium.dev/documentation/webdriver/troubleshooting/errors#no-such-element-exception
Stacktrace:
Backtrace:
	GetHandleVerifier [0x0051A813+48355]
	(No symbol) [0x004AC4B1]
	(No symbol) [0x003B5358]
	(No symbol) [0x003E09A5]
	(No symbol) [0x003E0B3B]
	(No symbol) [0x003D9AE1]
	(No symbol) [0x003FA784]
	(No symbol) [0x003D9A36]
	(No symbol) [0x003FAA94]
	(No symbol) [0x0040C922]
	(No symbol) [0x003FA536]
	(No symbol) [0x003D82DC]
	(No symbol) [0x003D93DD]
	GetHandleVerifier [0x0077AABD+2539405]
	GetHandleVerifier [0x007BA78F+2800735]
	GetHandleVerifier [0x007B456C+2775612]
	GetHandleVerifier [0x005A51E0+616112]
	(No symbol) [0x004B5F8C]
	(No symbol) [0x004B2328]
	(No symbol) [0x004B240B]
	(No symbol) [0x004A4FF7]
	BaseThreadInitThunk [0x757A7D59+25]
	RtlInitializeExceptionChain [0x7760B79B+107]
	RtlClearBits [0x7760B71F+191]

2023-08-05 23:51:39,521 - WARNING - E5GetMatchsStats.execute() - GetMatchsStats.get_matchs_stats() : E5SeleniumWebdriverError.ERROR_TYPE_GET_MATCHS_FAILED : Message: no such element: Unable to locate element: {"method":"css selector","selector":"th a"}
  (Session info: chrome=115.0.5790.170); For documentation on this error, please visit: https://www.selenium.dev/documentation/webdriver/troubleshooting/errors#no-such-element-exception
Stacktrace:
Backtrace:
	GetHandleVerifier [0x0051A813+48355]
	(No symbol) [0x004AC4B1]
	(No symbol) [0x003B5358]
	(No symbol) [0x003E09A5]
	(No symbol) [0x003E0B3B]
	(No symbol) [0x003D9AE1]
	(No symbol) [0x003FA784]
	(No symbol) [0x003D9A36]
	(No symbol) [0x003FAA94]
	(No symbol) [0x0040C922]
	(No symbol) [0x003FA536]
	(No symbol) [0x003D82DC]
	(No symbol) [0x003D93DD]
	GetHandleVerifier [0x0077AABD+2539405]
	GetHandleVerifier [0x007BA78F+2800735]
	GetHandleVerifier [0x007B456C+2775612]
	GetHandleVerifier [0x005A51E0+616112]
	(No symbol) [0x004B5F8C]
	(No symbol) [0x004B2328]
	(No symbol) [0x004B240B]
	(No symbol) [0x004A4FF7]
	BaseThreadInitThunk [0x757A7D59+25]
	RtlInitializeExceptionChain [0x7760B79B+107]
	RtlClearBits [0x7760B71F+191]

2023-08-05 23:51:53,632 - WARNING - E5GetMatchsStats.execute() - GetMatchsStats.get_matchs_stats() : E5SeleniumWebdriverError.ERROR_TYPE_GET_MATCHS_FAILED : Message: no such element: Unable to locate element: {"method":"css selector","selector":"th a"}
  (Session info: chrome=115.0.5790.170); For documentation on this error, please visit: https://www.selenium.dev/documentation/webdriver/troubleshooting/errors#no-such-element-exception
Stacktrace:
Backtrace:
	GetHandleVerifier [0x0051A813+48355]
	(No symbol) [0x004AC4B1]
	(No symbol) [0x003B5358]
	(No symbol) [0x003E09A5]
	(No symbol) [0x003E0B3B]
	(No symbol) [0x003D9AE1]
	(No symbol) [0x003FA784]
	(No symbol) [0x003D9A36]
	(No symbol) [0x003FAA94]
	(No symbol) [0x0040C922]
	(No symbol) [0x003FA536]
	(No symbol) [0x003D82DC]
	(No symbol) [0x003D93DD]
	GetHandleVerifier [0x0077AABD+2539405]
	GetHandleVerifier [0x007BA78F+2800735]
	GetHandleVerifier [0x007B456C+2775612]
	GetHandleVerifier [0x005A51E0+616112]
	(No symbol) [0x004B5F8C]
	(No symbol) [0x004B2328]
	(No symbol) [0x004B240B]
	(No symbol) [0x004A4FF7]
	BaseThreadInitThunk [0x757A7D59+25]
	RtlInitializeExceptionChain [0x7760B79B+107]
	RtlClearBits [0x7760B71F+191]

2023-08-05 23:52:07,149 - WARNING - E5GetMatchsStats.execute() - GetMatchsStats.get_matchs_stats() : E5SeleniumWebdriverError.ERROR_TYPE_GET_MATCHS_FAILED : Message: no such element: Unable to locate element: {"method":"css selector","selector":"th a"}
  (Session info: chrome=115.0.5790.170); For documentation on this error, please visit: https://www.selenium.dev/documentation/webdriver/troubleshooting/errors#no-such-element-exception
Stacktrace:
Backtrace:
	GetHandleVerifier [0x0051A813+48355]
	(No symbol) [0x004AC4B1]
	(No symbol) [0x003B5358]
	(No symbol) [0x003E09A5]
	(No symbol) [0x003E0B3B]
	(No symbol) [0x003D9AE1]
	(No symbol) [0x003FA784]
	(No symbol) [0x003D9A36]
	(No symbol) [0x003FAA94]
	(No symbol) [0x0040C922]
	(No symbol) [0x003FA536]
	(No symbol) [0x003D82DC]
	(No symbol) [0x003D93DD]
	GetHandleVerifier [0x0077AABD+2539405]
	GetHandleVerifier [0x007BA78F+2800735]
	GetHandleVerifier [0x007B456C+2775612]
	GetHandleVerifier [0x005A51E0+616112]
	(No symbol) [0x004B5F8C]
	(No symbol) [0x004B2328]
	(No symbol) [0x004B240B]
	(No symbol) [0x004A4FF7]
	BaseThreadInitThunk [0x757A7D59+25]
	RtlInitializeExceptionChain [0x7760B79B+107]
	RtlClearBits [0x7760B71F+191]

2023-08-05 23:52:19,875 - WARNING - E5GetMatchsStats.execute() - GetMatchsStats.get_matchs_stats() : E5SeleniumWebdriverError.ERROR_TYPE_GET_MATCHS_FAILED : Message: no such element: Unable to locate element: {"method":"css selector","selector":"th a"}
  (Session info: chrome=115.0.5790.170); For documentation on this error, please visit: https://www.selenium.dev/documentation/webdriver/troubleshooting/errors#no-such-element-exception
Stacktrace:
Backtrace:
	GetHandleVerifier [0x0051A813+48355]
	(No symbol) [0x004AC4B1]
	(No symbol) [0x003B5358]
	(No symbol) [0x003E09A5]
	(No symbol) [0x003E0B3B]
	(No symbol) [0x003D9AE1]
	(No symbol) [0x003FA784]
	(No symbol) [0x003D9A36]
	(No symbol) [0x003FAA94]
	(No symbol) [0x0040C922]
	(No symbol) [0x003FA536]
	(No symbol) [0x003D82DC]
	(No symbol) [0x003D93DD]
	GetHandleVerifier [0x0077AABD+2539405]
	GetHandleVerifier [0x007BA78F+2800735]
	GetHandleVerifier [0x007B456C+2775612]
	GetHandleVerifier [0x005A51E0+616112]
	(No symbol) [0x004B5F8C]
	(No symbol) [0x004B2328]
	(No symbol) [0x004B240B]
	(No symbol) [0x004A4FF7]
	BaseThreadInitThunk [0x757A7D59+25]
	RtlInitializeExceptionChain [0x7760B79B+107]
	RtlClearBits [0x7760B71F+191]

2023-08-05 23:52:33,607 - WARNING - E5GetMatchsStats.execute() - GetMatchsStats.get_matchs_stats() : E5SeleniumWebdriverError.ERROR_TYPE_GET_MATCHS_FAILED : Message: no such element: Unable to locate element: {"method":"css selector","selector":"th a"}
  (Session info: chrome=115.0.5790.170); For documentation on this error, please visit: https://www.selenium.dev/documentation/webdriver/troubleshooting/errors#no-such-element-exception
Stacktrace:
Backtrace:
	GetHandleVerifier [0x0051A813+48355]
	(No symbol) [0x004AC4B1]
	(No symbol) [0x003B5358]
	(No symbol) [0x003E09A5]
	(No symbol) [0x003E0B3B]
	(No symbol) [0x003D9AE1]
	(No symbol) [0x003FA784]
	(No symbol) [0x003D9A36]
	(No symbol) [0x003FAA94]
	(No symbol) [0x0040C922]
	(No symbol) [0x003FA536]
	(No symbol) [0x003D82DC]
	(No symbol) [0x003D93DD]
	GetHandleVerifier [0x0077AABD+2539405]
	GetHandleVerifier [0x007BA78F+2800735]
	GetHandleVerifier [0x007B456C+2775612]
	GetHandleVerifier [0x005A51E0+616112]
	(No symbol) [0x004B5F8C]
	(No symbol) [0x004B2328]
	(No symbol) [0x004B240B]
	(No symbol) [0x004A4FF7]
	BaseThreadInitThunk [0x757A7D59+25]
	RtlInitializeExceptionChain [0x7760B79B+107]
	RtlClearBits [0x7760B71F+191]

2023-08-05 23:52:46,919 - WARNING - E5GetMatchsStats.execute() - GetMatchsStats.get_matchs_stats() : E5SeleniumWebdriverError.ERROR_TYPE_GET_MATCHS_FAILED : Message: no such element: Unable to locate element: {"method":"css selector","selector":"th a"}
  (Session info: chrome=115.0.5790.170); For documentation on this error, please visit: https://www.selenium.dev/documentation/webdriver/troubleshooting/errors#no-such-element-exception
Stacktrace:
Backtrace:
	GetHandleVerifier [0x0051A813+48355]
	(No symbol) [0x004AC4B1]
	(No symbol) [0x003B5358]
	(No symbol) [0x003E09A5]
	(No symbol) [0x003E0B3B]
	(No symbol) [0x003D9AE1]
	(No symbol) [0x003FA784]
	(No symbol) [0x003D9A36]
	(No symbol) [0x003FAA94]
	(No symbol) [0x0040C922]
	(No symbol) [0x003FA536]
	(No symbol) [0x003D82DC]
	(No symbol) [0x003D93DD]
	GetHandleVerifier [0x0077AABD+2539405]
	GetHandleVerifier [0x007BA78F+2800735]
	GetHandleVerifier [0x007B456C+2775612]
	GetHandleVerifier [0x005A51E0+616112]
	(No symbol) [0x004B5F8C]
	(No symbol) [0x004B2328]
	(No symbol) [0x004B240B]
	(No symbol) [0x004A4FF7]
	BaseThreadInitThunk [0x757A7D59+25]
	RtlInitializeExceptionChain [0x7760B79B+107]
	RtlClearBits [0x7760B71F+191]

2023-08-05 23:52:59,875 - WARNING - E5GetMatchsStats.execute() - GetMatchsStats.get_matchs_stats() : E5SeleniumWebdriverError.ERROR_TYPE_GET_MATCHS_FAILED : Message: no such element: Unable to locate element: {"method":"css selector","selector":"th a"}
  (Session info: chrome=115.0.5790.170); For documentation on this error, please visit: https://www.selenium.dev/documentation/webdriver/troubleshooting/errors#no-such-element-exception
Stacktrace:
Backtrace:
	GetHandleVerifier [0x0051A813+48355]
	(No symbol) [0x004AC4B1]
	(No symbol) [0x003B5358]
	(No symbol) [0x003E09A5]
	(No symbol) [0x003E0B3B]
	(No symbol) [0x003D9AE1]
	(No symbol) [0x003FA784]
	(No symbol) [0x003D9A36]
	(No symbol) [0x003FAA94]
	(No symbol) [0x0040C922]
	(No symbol) [0x003FA536]
	(No symbol) [0x003D82DC]
	(No symbol) [0x003D93DD]
	GetHandleVerifier [0x0077AABD+2539405]
	GetHandleVerifier [0x007BA78F+2800735]
	GetHandleVerifier [0x007B456C+2775612]
	GetHandleVerifier [0x005A51E0+616112]
	(No symbol) [0x004B5F8C]
	(No symbol) [0x004B2328]
	(No symbol) [0x004B240B]
	(No symbol) [0x004A4FF7]
	BaseThreadInitThunk [0x757A7D59+25]
	RtlInitializeExceptionChain [0x7760B79B+107]
	RtlClearBits [0x7760B71F+191]

2023-08-05 23:53:14,371 - WARNING - E5GetMatchsStats.execute() - GetMatchsStats.get_matchs_stats() : E5SeleniumWebdriverError.ERROR_TYPE_GET_MATCHS_FAILED : Message: no such element: Unable to locate element: {"method":"css selector","selector":"th a"}
  (Session info: chrome=115.0.5790.170); For documentation on this error, please visit: https://www.selenium.dev/documentation/webdriver/troubleshooting/errors#no-such-element-exception
Stacktrace:
Backtrace:
	GetHandleVerifier [0x0051A813+48355]
	(No symbol) [0x004AC4B1]
	(No symbol) [0x003B5358]
	(No symbol) [0x003E09A5]
	(No symbol) [0x003E0B3B]
	(No symbol) [0x003D9AE1]
	(No symbol) [0x003FA784]
	(No symbol) [0x003D9A36]
	(No symbol) [0x003FAA94]
	(No symbol) [0x0040C922]
	(No symbol) [0x003FA536]
	(No symbol) [0x003D82DC]
	(No symbol) [0x003D93DD]
	GetHandleVerifier [0x0077AABD+2539405]
	GetHandleVerifier [0x007BA78F+2800735]
	GetHandleVerifier [0x007B456C+2775612]
	GetHandleVerifier [0x005A51E0+616112]
	(No symbol) [0x004B5F8C]
	(No symbol) [0x004B2328]
	(No symbol) [0x004B240B]
	(No symbol) [0x004A4FF7]
	BaseThreadInitThunk [0x757A7D59+25]
	RtlInitializeExceptionChain [0x7760B79B+107]
	RtlClearBits [0x7760B71F+191]

2023-08-05 23:53:27,944 - WARNING - E5GetMatchsStats.execute() - GetMatchsStats.get_matchs_stats() : E5SeleniumWebdriverError.ERROR_TYPE_GET_MATCHS_FAILED : Message: no such element: Unable to locate element: {"method":"css selector","selector":"th a"}
  (Session info: chrome=115.0.5790.170); For documentation on this error, please visit: https://www.selenium.dev/documentation/webdriver/troubleshooting/errors#no-such-element-exception
Stacktrace:
Backtrace:
	GetHandleVerifier [0x0051A813+48355]
	(No symbol) [0x004AC4B1]
	(No symbol) [0x003B5358]
	(No symbol) [0x003E09A5]
	(No symbol) [0x003E0B3B]
	(No symbol) [0x003D9AE1]
	(No symbol) [0x003FA784]
	(No symbol) [0x003D9A36]
	(No symbol) [0x003FAA94]
	(No symbol) [0x0040C922]
	(No symbol) [0x003FA536]
	(No symbol) [0x003D82DC]
	(No symbol) [0x003D93DD]
	GetHandleVerifier [0x0077AABD+2539405]
	GetHandleVerifier [0x007BA78F+2800735]
	GetHandleVerifier [0x007B456C+2775612]
	GetHandleVerifier [0x005A51E0+616112]
	(No symbol) [0x004B5F8C]
	(No symbol) [0x004B2328]
	(No symbol) [0x004B240B]
	(No symbol) [0x004A4FF7]
	BaseThreadInitThunk [0x757A7D59+25]
	RtlInitializeExceptionChain [0x7760B79B+107]
	RtlClearBits [0x7760B71F+191]

2023-08-05 23:53:41,864 - WARNING - E5GetMatchsStats.execute() - GetMatchsStats.get_matchs_stats() : E5SeleniumWebdriverError.ERROR_TYPE_GET_MATCHS_FAILED : Message: no such element: Unable to locate element: {"method":"css selector","selector":"th a"}
  (Session info: chrome=115.0.5790.170); For documentation on this error, please visit: https://www.selenium.dev/documentation/webdriver/troubleshooting/errors#no-such-element-exception
Stacktrace:
Backtrace:
	GetHandleVerifier [0x0051A813+48355]
	(No symbol) [0x004AC4B1]
	(No symbol) [0x003B5358]
	(No symbol) [0x003E09A5]
	(No symbol) [0x003E0B3B]
	(No symbol) [0x003D9AE1]
	(No symbol) [0x003FA784]
	(No symbol) [0x003D9A36]
	(No symbol) [0x003FAA94]
	(No symbol) [0x0040C922]
	(No symbol) [0x003FA536]
	(No symbol) [0x003D82DC]
	(No symbol) [0x003D93DD]
	GetHandleVerifier [0x0077AABD+2539405]
	GetHandleVerifier [0x007BA78F+2800735]
	GetHandleVerifier [0x007B456C+2775612]
	GetHandleVerifier [0x005A51E0+616112]
	(No symbol) [0x004B5F8C]
	(No symbol) [0x004B2328]
	(No symbol) [0x004B240B]
	(No symbol) [0x004A4FF7]
	BaseThreadInitThunk [0x757A7D59+25]
	RtlInitializeExceptionChain [0x7760B79B+107]
	RtlClearBits [0x7760B71F+191]

2023-08-05 23:53:54,594 - WARNING - E5GetMatchsStats.execute() - GetMatchsStats.get_matchs_stats() : E5SeleniumWebdriverError.ERROR_TYPE_GET_MATCHS_FAILED : Message: no such element: Unable to locate element: {"method":"css selector","selector":"th a"}
  (Session info: chrome=115.0.5790.170); For documentation on this error, please visit: https://www.selenium.dev/documentation/webdriver/troubleshooting/errors#no-such-element-exception
Stacktrace:
Backtrace:
	GetHandleVerifier [0x0051A813+48355]
	(No symbol) [0x004AC4B1]
	(No symbol) [0x003B5358]
	(No symbol) [0x003E09A5]
	(No symbol) [0x003E0B3B]
	(No symbol) [0x003D9AE1]
	(No symbol) [0x003FA784]
	(No symbol) [0x003D9A36]
	(No symbol) [0x003FAA94]
	(No symbol) [0x0040C922]
	(No symbol) [0x003FA536]
	(No symbol) [0x003D82DC]
	(No symbol) [0x003D93DD]
	GetHandleVerifier [0x0077AABD+2539405]
	GetHandleVerifier [0x007BA78F+2800735]
	GetHandleVerifier [0x007B456C+2775612]
	GetHandleVerifier [0x005A51E0+616112]
	(No symbol) [0x004B5F8C]
	(No symbol) [0x004B2328]
	(No symbol) [0x004B240B]
	(No symbol) [0x004A4FF7]
	BaseThreadInitThunk [0x757A7D59+25]
	RtlInitializeExceptionChain [0x7760B79B+107]
	RtlClearBits [0x7760B71F+191]

2023-08-05 23:54:12,196 - WARNING - E5GetMatchsStats.execute() - GetMatchsStats.get_matchs_stats() : E5SeleniumWebdriverError.ERROR_TYPE_GET_MATCHS_FAILED : Message: no such element: Unable to locate element: {"method":"css selector","selector":"th a"}
  (Session info: chrome=115.0.5790.170); For documentation on this error, please visit: https://www.selenium.dev/documentation/webdriver/troubleshooting/errors#no-such-element-exception
Stacktrace:
Backtrace:
	GetHandleVerifier [0x0051A813+48355]
	(No symbol) [0x004AC4B1]
	(No symbol) [0x003B5358]
	(No symbol) [0x003E09A5]
	(No symbol) [0x003E0B3B]
	(No symbol) [0x003D9AE1]
	(No symbol) [0x003FA784]
	(No symbol) [0x003D9A36]
	(No symbol) [0x003FAA94]
	(No symbol) [0x0040C922]
	(No symbol) [0x003FA536]
	(No symbol) [0x003D82DC]
	(No symbol) [0x003D93DD]
	GetHandleVerifier [0x0077AABD+2539405]
	GetHandleVerifier [0x007BA78F+2800735]
	GetHandleVerifier [0x007B456C+2775612]
	GetHandleVerifier [0x005A51E0+616112]
	(No symbol) [0x004B5F8C]
	(No symbol) [0x004B2328]
	(No symbol) [0x004B240B]
	(No symbol) [0x004A4FF7]
	BaseThreadInitThunk [0x757A7D59+25]
	RtlInitializeExceptionChain [0x7760B79B+107]
	RtlClearBits [0x7760B71F+191]

2023-08-05 23:54:30,005 - WARNING - E5GetMatchsStats.execute() - GetMatchsStats.get_matchs_stats() : E5SeleniumWebdriverError.ERROR_TYPE_GET_MATCHS_FAILED : Message: no such element: Unable to locate element: {"method":"css selector","selector":"th a"}
  (Session info: chrome=115.0.5790.170); For documentation on this error, please visit: https://www.selenium.dev/documentation/webdriver/troubleshooting/errors#no-such-element-exception
Stacktrace:
Backtrace:
	GetHandleVerifier [0x0051A813+48355]
	(No symbol) [0x004AC4B1]
	(No symbol) [0x003B5358]
	(No symbol) [0x003E09A5]
	(No symbol) [0x003E0B3B]
	(No symbol) [0x003D9AE1]
	(No symbol) [0x003FA784]
	(No symbol) [0x003D9A36]
	(No symbol) [0x003FAA94]
	(No symbol) [0x0040C922]
	(No symbol) [0x003FA536]
	(No symbol) [0x003D82DC]
	(No symbol) [0x003D93DD]
	GetHandleVerifier [0x0077AABD+2539405]
	GetHandleVerifier [0x007BA78F+2800735]
	GetHandleVerifier [0x007B456C+2775612]
	GetHandleVerifier [0x005A51E0+616112]
	(No symbol) [0x004B5F8C]
	(No symbol) [0x004B2328]
	(No symbol) [0x004B240B]
	(No symbol) [0x004A4FF7]
	BaseThreadInitThunk [0x757A7D59+25]
	RtlInitializeExceptionChain [0x7760B79B+107]
	RtlClearBits [0x7760B71F+191]

2023-08-05 23:54:48,127 - WARNING - E5GetMatchsStats.execute() - GetMatchsStats.get_matchs_stats() : E5SeleniumWebdriverError.ERROR_TYPE_GET_MATCHS_FAILED : Message: no such element: Unable to locate element: {"method":"css selector","selector":"th a"}
  (Session info: chrome=115.0.5790.170); For documentation on this error, please visit: https://www.selenium.dev/documentation/webdriver/troubleshooting/errors#no-such-element-exception
Stacktrace:
Backtrace:
	GetHandleVerifier [0x0051A813+48355]
	(No symbol) [0x004AC4B1]
	(No symbol) [0x003B5358]
	(No symbol) [0x003E09A5]
	(No symbol) [0x003E0B3B]
	(No symbol) [0x003D9AE1]
	(No symbol) [0x003FA784]
	(No symbol) [0x003D9A36]
	(No symbol) [0x003FAA94]
	(No symbol) [0x0040C922]
	(No symbol) [0x003FA536]
	(No symbol) [0x003D82DC]
	(No symbol) [0x003D93DD]
	GetHandleVerifier [0x0077AABD+2539405]
	GetHandleVerifier [0x007BA78F+2800735]
	GetHandleVerifier [0x007B456C+2775612]
	GetHandleVerifier [0x005A51E0+616112]
	(No symbol) [0x004B5F8C]
	(No symbol) [0x004B2328]
	(No symbol) [0x004B240B]
	(No symbol) [0x004A4FF7]
	BaseThreadInitThunk [0x757A7D59+25]
	RtlInitializeExceptionChain [0x7760B79B+107]
	RtlClearBits [0x7760B71F+191]

2023-08-05 23:55:05,792 - WARNING - E5GetMatchsStats.execute() - GetMatchsStats.get_matchs_stats() : E5SeleniumWebdriverError.ERROR_TYPE_GET_MATCHS_FAILED : Message: no such element: Unable to locate element: {"method":"css selector","selector":"th a"}
  (Session info: chrome=115.0.5790.170); For documentation on this error, please visit: https://www.selenium.dev/documentation/webdriver/troubleshooting/errors#no-such-element-exception
Stacktrace:
Backtrace:
	GetHandleVerifier [0x0051A813+48355]
	(No symbol) [0x004AC4B1]
	(No symbol) [0x003B5358]
	(No symbol) [0x003E09A5]
	(No symbol) [0x003E0B3B]
	(No symbol) [0x003D9AE1]
	(No symbol) [0x003FA784]
	(No symbol) [0x003D9A36]
	(No symbol) [0x003FAA94]
	(No symbol) [0x0040C922]
	(No symbol) [0x003FA536]
	(No symbol) [0x003D82DC]
	(No symbol) [0x003D93DD]
	GetHandleVerifier [0x0077AABD+2539405]
	GetHandleVerifier [0x007BA78F+2800735]
	GetHandleVerifier [0x007B456C+2775612]
	GetHandleVerifier [0x005A51E0+616112]
	(No symbol) [0x004B5F8C]
	(No symbol) [0x004B2328]
	(No symbol) [0x004B240B]
	(No symbol) [0x004A4FF7]
	BaseThreadInitThunk [0x757A7D59+25]
	RtlInitializeExceptionChain [0x7760B79B+107]
	RtlClearBits [0x7760B71F+191]

2023-08-05 23:55:22,372 - WARNING - E5GetMatchsStats.execute() - GetMatchsStats.get_matchs_stats() : E5SeleniumWebdriverError.ERROR_TYPE_GET_MATCHS_FAILED : Message: no such element: Unable to locate element: {"method":"css selector","selector":"th a"}
  (Session info: chrome=115.0.5790.170); For documentation on this error, please visit: https://www.selenium.dev/documentation/webdriver/troubleshooting/errors#no-such-element-exception
Stacktrace:
Backtrace:
	GetHandleVerifier [0x0051A813+48355]
	(No symbol) [0x004AC4B1]
	(No symbol) [0x003B5358]
	(No symbol) [0x003E09A5]
	(No symbol) [0x003E0B3B]
	(No symbol) [0x003D9AE1]
	(No symbol) [0x003FA784]
	(No symbol) [0x003D9A36]
	(No symbol) [0x003FAA94]
	(No symbol) [0x0040C922]
	(No symbol) [0x003FA536]
	(No symbol) [0x003D82DC]
	(No symbol) [0x003D93DD]
	GetHandleVerifier [0x0077AABD+2539405]
	GetHandleVerifier [0x007BA78F+2800735]
	GetHandleVerifier [0x007B456C+2775612]
	GetHandleVerifier [0x005A51E0+616112]
	(No symbol) [0x004B5F8C]
	(No symbol) [0x004B2328]
	(No symbol) [0x004B240B]
	(No symbol) [0x004A4FF7]
	BaseThreadInitThunk [0x757A7D59+25]
	RtlInitializeExceptionChain [0x7760B79B+107]
	RtlClearBits [0x7760B71F+191]

2023-08-05 23:55:40,874 - WARNING - E5GetMatchsStats.execute() - GetMatchsStats.get_matchs_stats() : E5SeleniumWebdriverError.ERROR_TYPE_GET_MATCHS_FAILED : Message: no such element: Unable to locate element: {"method":"css selector","selector":"th a"}
  (Session info: chrome=115.0.5790.170); For documentation on this error, please visit: https://www.selenium.dev/documentation/webdriver/troubleshooting/errors#no-such-element-exception
Stacktrace:
Backtrace:
	GetHandleVerifier [0x0051A813+48355]
	(No symbol) [0x004AC4B1]
	(No symbol) [0x003B5358]
	(No symbol) [0x003E09A5]
	(No symbol) [0x003E0B3B]
	(No symbol) [0x003D9AE1]
	(No symbol) [0x003FA784]
	(No symbol) [0x003D9A36]
	(No symbol) [0x003FAA94]
	(No symbol) [0x0040C922]
	(No symbol) [0x003FA536]
	(No symbol) [0x003D82DC]
	(No symbol) [0x003D93DD]
	GetHandleVerifier [0x0077AABD+2539405]
	GetHandleVerifier [0x007BA78F+2800735]
	GetHandleVerifier [0x007B456C+2775612]
	GetHandleVerifier [0x005A51E0+616112]
	(No symbol) [0x004B5F8C]
	(No symbol) [0x004B2328]
	(No symbol) [0x004B240B]
	(No symbol) [0x004A4FF7]
	BaseThreadInitThunk [0x757A7D59+25]
	RtlInitializeExceptionChain [0x7760B79B+107]
	RtlClearBits [0x7760B71F+191]

2023-08-05 23:56:03,144 - WARNING - E5GetMatchsStats.execute() - GetMatchsStats.get_matchs_stats() : E5SeleniumWebdriverError.ERROR_TYPE_GET_MATCHS_FAILED : Message: no such element: Unable to locate element: {"method":"css selector","selector":"th a"}
  (Session info: chrome=115.0.5790.170); For documentation on this error, please visit: https://www.selenium.dev/documentation/webdriver/troubleshooting/errors#no-such-element-exception
Stacktrace:
Backtrace:
	GetHandleVerifier [0x0051A813+48355]
	(No symbol) [0x004AC4B1]
	(No symbol) [0x003B5358]
	(No symbol) [0x003E09A5]
	(No symbol) [0x003E0B3B]
	(No symbol) [0x003D9AE1]
	(No symbol) [0x003FA784]
	(No symbol) [0x003D9A36]
	(No symbol) [0x003FAA94]
	(No symbol) [0x0040C922]
	(No symbol) [0x003FA536]
	(No symbol) [0x003D82DC]
	(No symbol) [0x003D93DD]
	GetHandleVerifier [0x0077AABD+2539405]
	GetHandleVerifier [0x007BA78F+2800735]
	GetHandleVerifier [0x007B456C+2775612]
	GetHandleVerifier [0x005A51E0+616112]
	(No symbol) [0x004B5F8C]
	(No symbol) [0x004B2328]
	(No symbol) [0x004B240B]
	(No symbol) [0x004A4FF7]
	BaseThreadInitThunk [0x757A7D59+25]
	RtlInitializeExceptionChain [0x7760B79B+107]
	RtlClearBits [0x7760B71F+191]

2023-08-05 23:56:22,722 - WARNING - E5GetMatchsStats.execute() - GetMatchsStats.get_matchs_stats() : E5SeleniumWebdriverError.ERROR_TYPE_GET_MATCHS_FAILED : Message: no such element: Unable to locate element: {"method":"css selector","selector":"th a"}
  (Session info: chrome=115.0.5790.170); For documentation on this error, please visit: https://www.selenium.dev/documentation/webdriver/troubleshooting/errors#no-such-element-exception
Stacktrace:
Backtrace:
	GetHandleVerifier [0x0051A813+48355]
	(No symbol) [0x004AC4B1]
	(No symbol) [0x003B5358]
	(No symbol) [0x003E09A5]
	(No symbol) [0x003E0B3B]
	(No symbol) [0x003D9AE1]
	(No symbol) [0x003FA784]
	(No symbol) [0x003D9A36]
	(No symbol) [0x003FAA94]
	(No symbol) [0x0040C922]
	(No symbol) [0x003FA536]
	(No symbol) [0x003D82DC]
	(No symbol) [0x003D93DD]
	GetHandleVerifier [0x0077AABD+2539405]
	GetHandleVerifier [0x007BA78F+2800735]
	GetHandleVerifier [0x007B456C+2775612]
	GetHandleVerifier [0x005A51E0+616112]
	(No symbol) [0x004B5F8C]
	(No symbol) [0x004B2328]
	(No symbol) [0x004B240B]
	(No symbol) [0x004A4FF7]
	BaseThreadInitThunk [0x757A7D59+25]
	RtlInitializeExceptionChain [0x7760B79B+107]
	RtlClearBits [0x7760B71F+191]

2023-08-05 23:56:40,674 - WARNING - E5GetMatchsStats.execute() - GetMatchsStats.get_matchs_stats() : E5SeleniumWebdriverError.ERROR_TYPE_GET_MATCHS_FAILED : Message: no such element: Unable to locate element: {"method":"css selector","selector":"th a"}
  (Session info: chrome=115.0.5790.170); For documentation on this error, please visit: https://www.selenium.dev/documentation/webdriver/troubleshooting/errors#no-such-element-exception
Stacktrace:
Backtrace:
	GetHandleVerifier [0x0051A813+48355]
	(No symbol) [0x004AC4B1]
	(No symbol) [0x003B5358]
	(No symbol) [0x003E09A5]
	(No symbol) [0x003E0B3B]
	(No symbol) [0x003D9AE1]
	(No symbol) [0x003FA784]
	(No symbol) [0x003D9A36]
	(No symbol) [0x003FAA94]
	(No symbol) [0x0040C922]
	(No symbol) [0x003FA536]
	(No symbol) [0x003D82DC]
	(No symbol) [0x003D93DD]
	GetHandleVerifier [0x0077AABD+2539405]
	GetHandleVerifier [0x007BA78F+2800735]
	GetHandleVerifier [0x007B456C+2775612]
	GetHandleVerifier [0x005A51E0+616112]
	(No symbol) [0x004B5F8C]
	(No symbol) [0x004B2328]
	(No symbol) [0x004B240B]
	(No symbol) [0x004A4FF7]
	BaseThreadInitThunk [0x757A7D59+25]
	RtlInitializeExceptionChain [0x7760B79B+107]
	RtlClearBits [0x7760B71F+191]

2023-08-05 23:56:57,945 - WARNING - E5GetMatchsStats.execute() - GetMatchsStats.get_matchs_stats() : E5SeleniumWebdriverError.ERROR_TYPE_GET_MATCHS_FAILED : Message: no such element: Unable to locate element: {"method":"css selector","selector":"th a"}
  (Session info: chrome=115.0.5790.170); For documentation on this error, please visit: https://www.selenium.dev/documentation/webdriver/troubleshooting/errors#no-such-element-exception
Stacktrace:
Backtrace:
	GetHandleVerifier [0x0051A813+48355]
	(No symbol) [0x004AC4B1]
	(No symbol) [0x003B5358]
	(No symbol) [0x003E09A5]
	(No symbol) [0x003E0B3B]
	(No symbol) [0x003D9AE1]
	(No symbol) [0x003FA784]
	(No symbol) [0x003D9A36]
	(No symbol) [0x003FAA94]
	(No symbol) [0x0040C922]
	(No symbol) [0x003FA536]
	(No symbol) [0x003D82DC]
	(No symbol) [0x003D93DD]
	GetHandleVerifier [0x0077AABD+2539405]
	GetHandleVerifier [0x007BA78F+2800735]
	GetHandleVerifier [0x007B456C+2775612]
	GetHandleVerifier [0x005A51E0+616112]
	(No symbol) [0x004B5F8C]
	(No symbol) [0x004B2328]
	(No symbol) [0x004B240B]
	(No symbol) [0x004A4FF7]
	BaseThreadInitThunk [0x757A7D59+25]
	RtlInitializeExceptionChain [0x7760B79B+107]
	RtlClearBits [0x7760B71F+191]

2023-08-05 23:57:14,113 - WARNING - E5GetMatchsStats.execute() - GetMatchsStats.get_matchs_stats() : E5SeleniumWebdriverError.ERROR_TYPE_GET_MATCHS_FAILED : Message: no such element: Unable to locate element: {"method":"css selector","selector":"th a"}
  (Session info: chrome=115.0.5790.170); For documentation on this error, please visit: https://www.selenium.dev/documentation/webdriver/troubleshooting/errors#no-such-element-exception
Stacktrace:
Backtrace:
	GetHandleVerifier [0x0051A813+48355]
	(No symbol) [0x004AC4B1]
	(No symbol) [0x003B5358]
	(No symbol) [0x003E09A5]
	(No symbol) [0x003E0B3B]
	(No symbol) [0x003D9AE1]
	(No symbol) [0x003FA784]
	(No symbol) [0x003D9A36]
	(No symbol) [0x003FAA94]
	(No symbol) [0x0040C922]
	(No symbol) [0x003FA536]
	(No symbol) [0x003D82DC]
	(No symbol) [0x003D93DD]
	GetHandleVerifier [0x0077AABD+2539405]
	GetHandleVerifier [0x007BA78F+2800735]
	GetHandleVerifier [0x007B456C+2775612]
	GetHandleVerifier [0x005A51E0+616112]
	(No symbol) [0x004B5F8C]
	(No symbol) [0x004B2328]
	(No symbol) [0x004B240B]
	(No symbol) [0x004A4FF7]
	BaseThreadInitThunk [0x757A7D59+25]
	RtlInitializeExceptionChain [0x7760B79B+107]
	RtlClearBits [0x7760B71F+191]

2023-08-05 23:57:30,917 - WARNING - E5GetMatchsStats.execute() - GetMatchsStats.get_matchs_stats() : E5SeleniumWebdriverError.ERROR_TYPE_GET_MATCHS_FAILED : Message: no such element: Unable to locate element: {"method":"css selector","selector":"th a"}
  (Session info: chrome=115.0.5790.170); For documentation on this error, please visit: https://www.selenium.dev/documentation/webdriver/troubleshooting/errors#no-such-element-exception
Stacktrace:
Backtrace:
	GetHandleVerifier [0x0051A813+48355]
	(No symbol) [0x004AC4B1]
	(No symbol) [0x003B5358]
	(No symbol) [0x003E09A5]
	(No symbol) [0x003E0B3B]
	(No symbol) [0x003D9AE1]
	(No symbol) [0x003FA784]
	(No symbol) [0x003D9A36]
	(No symbol) [0x003FAA94]
	(No symbol) [0x0040C922]
	(No symbol) [0x003FA536]
	(No symbol) [0x003D82DC]
	(No symbol) [0x003D93DD]
	GetHandleVerifier [0x0077AABD+2539405]
	GetHandleVerifier [0x007BA78F+2800735]
	GetHandleVerifier [0x007B456C+2775612]
	GetHandleVerifier [0x005A51E0+616112]
	(No symbol) [0x004B5F8C]
	(No symbol) [0x004B2328]
	(No symbol) [0x004B240B]
	(No symbol) [0x004A4FF7]
	BaseThreadInitThunk [0x757A7D59+25]
	RtlInitializeExceptionChain [0x7760B79B+107]
	RtlClearBits [0x7760B71F+191]

2023-08-05 23:57:48,241 - WARNING - E5GetMatchsStats.execute() - GetMatchsStats.get_matchs_stats() : E5SeleniumWebdriverError.ERROR_TYPE_GET_MATCHS_FAILED : Message: no such element: Unable to locate element: {"method":"css selector","selector":"th a"}
  (Session info: chrome=115.0.5790.170); For documentation on this error, please visit: https://www.selenium.dev/documentation/webdriver/troubleshooting/errors#no-such-element-exception
Stacktrace:
Backtrace:
	GetHandleVerifier [0x0051A813+48355]
	(No symbol) [0x004AC4B1]
	(No symbol) [0x003B5358]
	(No symbol) [0x003E09A5]
	(No symbol) [0x003E0B3B]
	(No symbol) [0x003D9AE1]
	(No symbol) [0x003FA784]
	(No symbol) [0x003D9A36]
	(No symbol) [0x003FAA94]
	(No symbol) [0x0040C922]
	(No symbol) [0x003FA536]
	(No symbol) [0x003D82DC]
	(No symbol) [0x003D93DD]
	GetHandleVerifier [0x0077AABD+2539405]
	GetHandleVerifier [0x007BA78F+2800735]
	GetHandleVerifier [0x007B456C+2775612]
	GetHandleVerifier [0x005A51E0+616112]
	(No symbol) [0x004B5F8C]
	(No symbol) [0x004B2328]
	(No symbol) [0x004B240B]
	(No symbol) [0x004A4FF7]
	BaseThreadInitThunk [0x757A7D59+25]
	RtlInitializeExceptionChain [0x7760B79B+107]
	RtlClearBits [0x7760B71F+191]

2023-08-05 23:58:05,726 - WARNING - E5GetMatchsStats.execute() - GetMatchsStats.get_matchs_stats() : E5SeleniumWebdriverError.ERROR_TYPE_GET_MATCHS_FAILED : Message: no such element: Unable to locate element: {"method":"css selector","selector":"th a"}
  (Session info: chrome=115.0.5790.170); For documentation on this error, please visit: https://www.selenium.dev/documentation/webdriver/troubleshooting/errors#no-such-element-exception
Stacktrace:
Backtrace:
	GetHandleVerifier [0x0051A813+48355]
	(No symbol) [0x004AC4B1]
	(No symbol) [0x003B5358]
	(No symbol) [0x003E09A5]
	(No symbol) [0x003E0B3B]
	(No symbol) [0x003D9AE1]
	(No symbol) [0x003FA784]
	(No symbol) [0x003D9A36]
	(No symbol) [0x003FAA94]
	(No symbol) [0x0040C922]
	(No symbol) [0x003FA536]
	(No symbol) [0x003D82DC]
	(No symbol) [0x003D93DD]
	GetHandleVerifier [0x0077AABD+2539405]
	GetHandleVerifier [0x007BA78F+2800735]
	GetHandleVerifier [0x007B456C+2775612]
	GetHandleVerifier [0x005A51E0+616112]
	(No symbol) [0x004B5F8C]
	(No symbol) [0x004B2328]
	(No symbol) [0x004B240B]
	(No symbol) [0x004A4FF7]
	BaseThreadInitThunk [0x757A7D59+25]
	RtlInitializeExceptionChain [0x7760B79B+107]
	RtlClearBits [0x7760B71F+191]

2023-08-05 23:58:23,523 - WARNING - E5GetMatchsStats.execute() - GetMatchsStats.get_matchs_stats() : E5SeleniumWebdriverError.ERROR_TYPE_GET_MATCHS_FAILED : Message: no such element: Unable to locate element: {"method":"css selector","selector":"th a"}
  (Session info: chrome=115.0.5790.170); For documentation on this error, please visit: https://www.selenium.dev/documentation/webdriver/troubleshooting/errors#no-such-element-exception
Stacktrace:
Backtrace:
	GetHandleVerifier [0x0051A813+48355]
	(No symbol) [0x004AC4B1]
	(No symbol) [0x003B5358]
	(No symbol) [0x003E09A5]
	(No symbol) [0x003E0B3B]
	(No symbol) [0x003D9AE1]
	(No symbol) [0x003FA784]
	(No symbol) [0x003D9A36]
	(No symbol) [0x003FAA94]
	(No symbol) [0x0040C922]
	(No symbol) [0x003FA536]
	(No symbol) [0x003D82DC]
	(No symbol) [0x003D93DD]
	GetHandleVerifier [0x0077AABD+2539405]
	GetHandleVerifier [0x007BA78F+2800735]
	GetHandleVerifier [0x007B456C+2775612]
	GetHandleVerifier [0x005A51E0+616112]
	(No symbol) [0x004B5F8C]
	(No symbol) [0x004B2328]
	(No symbol) [0x004B240B]
	(No symbol) [0x004A4FF7]
	BaseThreadInitThunk [0x757A7D59+25]
	RtlInitializeExceptionChain [0x7760B79B+107]
	RtlClearBits [0x7760B71F+191]

2023-08-05 23:58:42,411 - WARNING - E5GetMatchsStats.execute() - GetMatchsStats.get_matchs_stats() : E5SeleniumWebdriverError.ERROR_TYPE_GET_MATCHS_FAILED : Message: no such element: Unable to locate element: {"method":"css selector","selector":"th a"}
  (Session info: chrome=115.0.5790.170); For documentation on this error, please visit: https://www.selenium.dev/documentation/webdriver/troubleshooting/errors#no-such-element-exception
Stacktrace:
Backtrace:
	GetHandleVerifier [0x0051A813+48355]
	(No symbol) [0x004AC4B1]
	(No symbol) [0x003B5358]
	(No symbol) [0x003E09A5]
	(No symbol) [0x003E0B3B]
	(No symbol) [0x003D9AE1]
	(No symbol) [0x003FA784]
	(No symbol) [0x003D9A36]
	(No symbol) [0x003FAA94]
	(No symbol) [0x0040C922]
	(No symbol) [0x003FA536]
	(No symbol) [0x003D82DC]
	(No symbol) [0x003D93DD]
	GetHandleVerifier [0x0077AABD+2539405]
	GetHandleVerifier [0x007BA78F+2800735]
	GetHandleVerifier [0x007B456C+2775612]
	GetHandleVerifier [0x005A51E0+616112]
	(No symbol) [0x004B5F8C]
	(No symbol) [0x004B2328]
	(No symbol) [0x004B240B]
	(No symbol) [0x004A4FF7]
	BaseThreadInitThunk [0x757A7D59+25]
	RtlInitializeExceptionChain [0x7760B79B+107]
	RtlClearBits [0x7760B71F+191]

2023-08-05 23:58:57,088 - WARNING - E5GetMatchsStats.execute() - GetMatchsStats.get_matchs_stats() : E5SeleniumWebdriverError.ERROR_TYPE_GET_MATCHS_FAILED : Message: no such element: Unable to locate element: {"method":"css selector","selector":"th a"}
  (Session info: chrome=115.0.5790.170); For documentation on this error, please visit: https://www.selenium.dev/documentation/webdriver/troubleshooting/errors#no-such-element-exception
Stacktrace:
Backtrace:
	GetHandleVerifier [0x0051A813+48355]
	(No symbol) [0x004AC4B1]
	(No symbol) [0x003B5358]
	(No symbol) [0x003E09A5]
	(No symbol) [0x003E0B3B]
	(No symbol) [0x003D9AE1]
	(No symbol) [0x003FA784]
	(No symbol) [0x003D9A36]
	(No symbol) [0x003FAA94]
	(No symbol) [0x0040C922]
	(No symbol) [0x003FA536]
	(No symbol) [0x003D82DC]
	(No symbol) [0x003D93DD]
	GetHandleVerifier [0x0077AABD+2539405]
	GetHandleVerifier [0x007BA78F+2800735]
	GetHandleVerifier [0x007B456C+2775612]
	GetHandleVerifier [0x005A51E0+616112]
	(No symbol) [0x004B5F8C]
	(No symbol) [0x004B2328]
	(No symbol) [0x004B240B]
	(No symbol) [0x004A4FF7]
	BaseThreadInitThunk [0x757A7D59+25]
	RtlInitializeExceptionChain [0x7760B79B+107]
	RtlClearBits [0x7760B71F+191]

2023-08-05 23:59:11,707 - WARNING - E5GetMatchsStats.execute() - GetMatchsStats.get_matchs_stats() : E5SeleniumWebdriverError.ERROR_TYPE_GET_MATCHS_FAILED : Message: no such element: Unable to locate element: {"method":"css selector","selector":"th a"}
  (Session info: chrome=115.0.5790.170); For documentation on this error, please visit: https://www.selenium.dev/documentation/webdriver/troubleshooting/errors#no-such-element-exception
Stacktrace:
Backtrace:
	GetHandleVerifier [0x0051A813+48355]
	(No symbol) [0x004AC4B1]
	(No symbol) [0x003B5358]
	(No symbol) [0x003E09A5]
	(No symbol) [0x003E0B3B]
	(No symbol) [0x003D9AE1]
	(No symbol) [0x003FA784]
	(No symbol) [0x003D9A36]
	(No symbol) [0x003FAA94]
	(No symbol) [0x0040C922]
	(No symbol) [0x003FA536]
	(No symbol) [0x003D82DC]
	(No symbol) [0x003D93DD]
	GetHandleVerifier [0x0077AABD+2539405]
	GetHandleVerifier [0x007BA78F+2800735]
	GetHandleVerifier [0x007B456C+2775612]
	GetHandleVerifier [0x005A51E0+616112]
	(No symbol) [0x004B5F8C]
	(No symbol) [0x004B2328]
	(No symbol) [0x004B240B]
	(No symbol) [0x004A4FF7]
	BaseThreadInitThunk [0x757A7D59+25]
	RtlInitializeExceptionChain [0x7760B79B+107]
	RtlClearBits [0x7760B71F+191]

2023-08-05 23:59:26,101 - WARNING - E5GetMatchsStats.execute() - GetMatchsStats.get_matchs_stats() : E5SeleniumWebdriverError.ERROR_TYPE_GET_MATCHS_FAILED : Message: no such element: Unable to locate element: {"method":"css selector","selector":"th a"}
  (Session info: chrome=115.0.5790.170); For documentation on this error, please visit: https://www.selenium.dev/documentation/webdriver/troubleshooting/errors#no-such-element-exception
Stacktrace:
Backtrace:
	GetHandleVerifier [0x0051A813+48355]
	(No symbol) [0x004AC4B1]
	(No symbol) [0x003B5358]
	(No symbol) [0x003E09A5]
	(No symbol) [0x003E0B3B]
	(No symbol) [0x003D9AE1]
	(No symbol) [0x003FA784]
	(No symbol) [0x003D9A36]
	(No symbol) [0x003FAA94]
	(No symbol) [0x0040C922]
	(No symbol) [0x003FA536]
	(No symbol) [0x003D82DC]
	(No symbol) [0x003D93DD]
	GetHandleVerifier [0x0077AABD+2539405]
	GetHandleVerifier [0x007BA78F+2800735]
	GetHandleVerifier [0x007B456C+2775612]
	GetHandleVerifier [0x005A51E0+616112]
	(No symbol) [0x004B5F8C]
	(No symbol) [0x004B2328]
	(No symbol) [0x004B240B]
	(No symbol) [0x004A4FF7]
	BaseThreadInitThunk [0x757A7D59+25]
	RtlInitializeExceptionChain [0x7760B79B+107]
	RtlClearBits [0x7760B71F+191]

2023-08-05 23:59:39,825 - WARNING - E5GetMatchsStats.execute() - GetMatchsStats.get_matchs_stats() : E5SeleniumWebdriverError.ERROR_TYPE_GET_MATCHS_FAILED : Message: no such element: Unable to locate element: {"method":"css selector","selector":"th a"}
  (Session info: chrome=115.0.5790.170); For documentation on this error, please visit: https://www.selenium.dev/documentation/webdriver/troubleshooting/errors#no-such-element-exception
Stacktrace:
Backtrace:
	GetHandleVerifier [0x0051A813+48355]
	(No symbol) [0x004AC4B1]
	(No symbol) [0x003B5358]
	(No symbol) [0x003E09A5]
	(No symbol) [0x003E0B3B]
	(No symbol) [0x003D9AE1]
	(No symbol) [0x003FA784]
	(No symbol) [0x003D9A36]
	(No symbol) [0x003FAA94]
	(No symbol) [0x0040C922]
	(No symbol) [0x003FA536]
	(No symbol) [0x003D82DC]
	(No symbol) [0x003D93DD]
	GetHandleVerifier [0x0077AABD+2539405]
	GetHandleVerifier [0x007BA78F+2800735]
	GetHandleVerifier [0x007B456C+2775612]
	GetHandleVerifier [0x005A51E0+616112]
	(No symbol) [0x004B5F8C]
	(No symbol) [0x004B2328]
	(No symbol) [0x004B240B]
	(No symbol) [0x004A4FF7]
	BaseThreadInitThunk [0x757A7D59+25]
	RtlInitializeExceptionChain [0x7760B79B+107]
	RtlClearBits [0x7760B71F+191]

2023-08-05 23:59:54,498 - WARNING - E5GetMatchsStats.execute() - GetMatchsStats.get_matchs_stats() : E5SeleniumWebdriverError.ERROR_TYPE_GET_MATCHS_FAILED : Message: no such element: Unable to locate element: {"method":"css selector","selector":"th a"}
  (Session info: chrome=115.0.5790.170); For documentation on this error, please visit: https://www.selenium.dev/documentation/webdriver/troubleshooting/errors#no-such-element-exception
Stacktrace:
Backtrace:
	GetHandleVerifier [0x0051A813+48355]
	(No symbol) [0x004AC4B1]
	(No symbol) [0x003B5358]
	(No symbol) [0x003E09A5]
	(No symbol) [0x003E0B3B]
	(No symbol) [0x003D9AE1]
	(No symbol) [0x003FA784]
	(No symbol) [0x003D9A36]
	(No symbol) [0x003FAA94]
	(No symbol) [0x0040C922]
	(No symbol) [0x003FA536]
	(No symbol) [0x003D82DC]
	(No symbol) [0x003D93DD]
	GetHandleVerifier [0x0077AABD+2539405]
	GetHandleVerifier [0x007BA78F+2800735]
	GetHandleVerifier [0x007B456C+2775612]
	GetHandleVerifier [0x005A51E0+616112]
	(No symbol) [0x004B5F8C]
	(No symbol) [0x004B2328]
	(No symbol) [0x004B240B]
	(No symbol) [0x004A4FF7]
	BaseThreadInitThunk [0x757A7D59+25]
	RtlInitializeExceptionChain [0x7760B79B+107]
	RtlClearBits [0x7760B71F+191]

2023-08-06 00:00:09,281 - WARNING - E5GetMatchsStats.execute() - GetMatchsStats.get_matchs_stats() : E5SeleniumWebdriverError.ERROR_TYPE_GET_MATCHS_FAILED : Message: no such element: Unable to locate element: {"method":"css selector","selector":"th a"}
  (Session info: chrome=115.0.5790.170); For documentation on this error, please visit: https://www.selenium.dev/documentation/webdriver/troubleshooting/errors#no-such-element-exception
Stacktrace:
Backtrace:
	GetHandleVerifier [0x0051A813+48355]
	(No symbol) [0x004AC4B1]
	(No symbol) [0x003B5358]
	(No symbol) [0x003E09A5]
	(No symbol) [0x003E0B3B]
	(No symbol) [0x003D9AE1]
	(No symbol) [0x003FA784]
	(No symbol) [0x003D9A36]
	(No symbol) [0x003FAA94]
	(No symbol) [0x0040C922]
	(No symbol) [0x003FA536]
	(No symbol) [0x003D82DC]
	(No symbol) [0x003D93DD]
	GetHandleVerifier [0x0077AABD+2539405]
	GetHandleVerifier [0x007BA78F+2800735]
	GetHandleVerifier [0x007B456C+2775612]
	GetHandleVerifier [0x005A51E0+616112]
	(No symbol) [0x004B5F8C]
	(No symbol) [0x004B2328]
	(No symbol) [0x004B240B]
	(No symbol) [0x004A4FF7]
	BaseThreadInitThunk [0x757A7D59+25]
	RtlInitializeExceptionChain [0x7760B79B+107]
	RtlClearBits [0x7760B71F+191]

2023-08-06 00:00:24,323 - WARNING - E5GetMatchsStats.execute() - GetMatchsStats.get_matchs_stats() : E5SeleniumWebdriverError.ERROR_TYPE_GET_MATCHS_FAILED : Message: no such element: Unable to locate element: {"method":"css selector","selector":"th a"}
  (Session info: chrome=115.0.5790.170); For documentation on this error, please visit: https://www.selenium.dev/documentation/webdriver/troubleshooting/errors#no-such-element-exception
Stacktrace:
Backtrace:
	GetHandleVerifier [0x0051A813+48355]
	(No symbol) [0x004AC4B1]
	(No symbol) [0x003B5358]
	(No symbol) [0x003E09A5]
	(No symbol) [0x003E0B3B]
	(No symbol) [0x003D9AE1]
	(No symbol) [0x003FA784]
	(No symbol) [0x003D9A36]
	(No symbol) [0x003FAA94]
	(No symbol) [0x0040C922]
	(No symbol) [0x003FA536]
	(No symbol) [0x003D82DC]
	(No symbol) [0x003D93DD]
	GetHandleVerifier [0x0077AABD+2539405]
	GetHandleVerifier [0x007BA78F+2800735]
	GetHandleVerifier [0x007B456C+2775612]
	GetHandleVerifier [0x005A51E0+616112]
	(No symbol) [0x004B5F8C]
	(No symbol) [0x004B2328]
	(No symbol) [0x004B240B]
	(No symbol) [0x004A4FF7]
	BaseThreadInitThunk [0x757A7D59+25]
	RtlInitializeExceptionChain [0x7760B79B+107]
	RtlClearBits [0x7760B71F+191]

2023-08-06 00:00:37,897 - WARNING - E5GetMatchsStats.execute() - GetMatchsStats.get_matchs_stats() : E5SeleniumWebdriverError.ERROR_TYPE_GET_MATCHS_FAILED : Message: no such element: Unable to locate element: {"method":"css selector","selector":"th a"}
  (Session info: chrome=115.0.5790.170); For documentation on this error, please visit: https://www.selenium.dev/documentation/webdriver/troubleshooting/errors#no-such-element-exception
Stacktrace:
Backtrace:
	GetHandleVerifier [0x0051A813+48355]
	(No symbol) [0x004AC4B1]
	(No symbol) [0x003B5358]
	(No symbol) [0x003E09A5]
	(No symbol) [0x003E0B3B]
	(No symbol) [0x003D9AE1]
	(No symbol) [0x003FA784]
	(No symbol) [0x003D9A36]
	(No symbol) [0x003FAA94]
	(No symbol) [0x0040C922]
	(No symbol) [0x003FA536]
	(No symbol) [0x003D82DC]
	(No symbol) [0x003D93DD]
	GetHandleVerifier [0x0077AABD+2539405]
	GetHandleVerifier [0x007BA78F+2800735]
	GetHandleVerifier [0x007B456C+2775612]
	GetHandleVerifier [0x005A51E0+616112]
	(No symbol) [0x004B5F8C]
	(No symbol) [0x004B2328]
	(No symbol) [0x004B240B]
	(No symbol) [0x004A4FF7]
	BaseThreadInitThunk [0x757A7D59+25]
	RtlInitializeExceptionChain [0x7760B79B+107]
	RtlClearBits [0x7760B71F+191]

2023-08-06 00:00:52,415 - WARNING - E5GetMatchsStats.execute() - GetMatchsStats.get_matchs_stats() : E5SeleniumWebdriverError.ERROR_TYPE_GET_MATCHS_FAILED : Message: no such element: Unable to locate element: {"method":"css selector","selector":"th a"}
  (Session info: chrome=115.0.5790.170); For documentation on this error, please visit: https://www.selenium.dev/documentation/webdriver/troubleshooting/errors#no-such-element-exception
Stacktrace:
Backtrace:
	GetHandleVerifier [0x0051A813+48355]
	(No symbol) [0x004AC4B1]
	(No symbol) [0x003B5358]
	(No symbol) [0x003E09A5]
	(No symbol) [0x003E0B3B]
	(No symbol) [0x003D9AE1]
	(No symbol) [0x003FA784]
	(No symbol) [0x003D9A36]
	(No symbol) [0x003FAA94]
	(No symbol) [0x0040C922]
	(No symbol) [0x003FA536]
	(No symbol) [0x003D82DC]
	(No symbol) [0x003D93DD]
	GetHandleVerifier [0x0077AABD+2539405]
	GetHandleVerifier [0x007BA78F+2800735]
	GetHandleVerifier [0x007B456C+2775612]
	GetHandleVerifier [0x005A51E0+616112]
	(No symbol) [0x004B5F8C]
	(No symbol) [0x004B2328]
	(No symbol) [0x004B240B]
	(No symbol) [0x004A4FF7]
	BaseThreadInitThunk [0x757A7D59+25]
	RtlInitializeExceptionChain [0x7760B79B+107]
	RtlClearBits [0x7760B71F+191]

2023-08-06 00:01:06,116 - WARNING - E5GetMatchsStats.execute() - GetMatchsStats.get_matchs_stats() : E5SeleniumWebdriverError.ERROR_TYPE_GET_MATCHS_FAILED : Message: no such element: Unable to locate element: {"method":"css selector","selector":"th a"}
  (Session info: chrome=115.0.5790.170); For documentation on this error, please visit: https://www.selenium.dev/documentation/webdriver/troubleshooting/errors#no-such-element-exception
Stacktrace:
Backtrace:
	GetHandleVerifier [0x0051A813+48355]
	(No symbol) [0x004AC4B1]
	(No symbol) [0x003B5358]
	(No symbol) [0x003E09A5]
	(No symbol) [0x003E0B3B]
	(No symbol) [0x003D9AE1]
	(No symbol) [0x003FA784]
	(No symbol) [0x003D9A36]
	(No symbol) [0x003FAA94]
	(No symbol) [0x0040C922]
	(No symbol) [0x003FA536]
	(No symbol) [0x003D82DC]
	(No symbol) [0x003D93DD]
	GetHandleVerifier [0x0077AABD+2539405]
	GetHandleVerifier [0x007BA78F+2800735]
	GetHandleVerifier [0x007B456C+2775612]
	GetHandleVerifier [0x005A51E0+616112]
	(No symbol) [0x004B5F8C]
	(No symbol) [0x004B2328]
	(No symbol) [0x004B240B]
	(No symbol) [0x004A4FF7]
	BaseThreadInitThunk [0x757A7D59+25]
	RtlInitializeExceptionChain [0x7760B79B+107]
	RtlClearBits [0x7760B71F+191]

2023-08-06 00:01:20,974 - WARNING - E5GetMatchsStats.execute() - GetMatchsStats.get_matchs_stats() : E5SeleniumWebdriverError.ERROR_TYPE_GET_MATCHS_FAILED : Message: no such element: Unable to locate element: {"method":"css selector","selector":"th a"}
  (Session info: chrome=115.0.5790.170); For documentation on this error, please visit: https://www.selenium.dev/documentation/webdriver/troubleshooting/errors#no-such-element-exception
Stacktrace:
Backtrace:
	GetHandleVerifier [0x0051A813+48355]
	(No symbol) [0x004AC4B1]
	(No symbol) [0x003B5358]
	(No symbol) [0x003E09A5]
	(No symbol) [0x003E0B3B]
	(No symbol) [0x003D9AE1]
	(No symbol) [0x003FA784]
	(No symbol) [0x003D9A36]
	(No symbol) [0x003FAA94]
	(No symbol) [0x0040C922]
	(No symbol) [0x003FA536]
	(No symbol) [0x003D82DC]
	(No symbol) [0x003D93DD]
	GetHandleVerifier [0x0077AABD+2539405]
	GetHandleVerifier [0x007BA78F+2800735]
	GetHandleVerifier [0x007B456C+2775612]
	GetHandleVerifier [0x005A51E0+616112]
	(No symbol) [0x004B5F8C]
	(No symbol) [0x004B2328]
	(No symbol) [0x004B240B]
	(No symbol) [0x004A4FF7]
	BaseThreadInitThunk [0x757A7D59+25]
	RtlInitializeExceptionChain [0x7760B79B+107]
	RtlClearBits [0x7760B71F+191]

2023-08-06 00:01:35,710 - WARNING - E5GetMatchsStats.execute() - GetMatchsStats.get_matchs_stats() : E5SeleniumWebdriverError.ERROR_TYPE_GET_MATCHS_FAILED : Message: no such element: Unable to locate element: {"method":"css selector","selector":"th a"}
  (Session info: chrome=115.0.5790.170); For documentation on this error, please visit: https://www.selenium.dev/documentation/webdriver/troubleshooting/errors#no-such-element-exception
Stacktrace:
Backtrace:
	GetHandleVerifier [0x0051A813+48355]
	(No symbol) [0x004AC4B1]
	(No symbol) [0x003B5358]
	(No symbol) [0x003E09A5]
	(No symbol) [0x003E0B3B]
	(No symbol) [0x003D9AE1]
	(No symbol) [0x003FA784]
	(No symbol) [0x003D9A36]
	(No symbol) [0x003FAA94]
	(No symbol) [0x0040C922]
	(No symbol) [0x003FA536]
	(No symbol) [0x003D82DC]
	(No symbol) [0x003D93DD]
	GetHandleVerifier [0x0077AABD+2539405]
	GetHandleVerifier [0x007BA78F+2800735]
	GetHandleVerifier [0x007B456C+2775612]
	GetHandleVerifier [0x005A51E0+616112]
	(No symbol) [0x004B5F8C]
	(No symbol) [0x004B2328]
	(No symbol) [0x004B240B]
	(No symbol) [0x004A4FF7]
	BaseThreadInitThunk [0x757A7D59+25]
	RtlInitializeExceptionChain [0x7760B79B+107]
	RtlClearBits [0x7760B71F+191]

2023-08-06 00:01:50,604 - WARNING - E5GetMatchsStats.execute() - GetMatchsStats.get_matchs_stats() : E5SeleniumWebdriverError.ERROR_TYPE_GET_MATCHS_FAILED : Message: no such element: Unable to locate element: {"method":"css selector","selector":"th a"}
  (Session info: chrome=115.0.5790.170); For documentation on this error, please visit: https://www.selenium.dev/documentation/webdriver/troubleshooting/errors#no-such-element-exception
Stacktrace:
Backtrace:
	GetHandleVerifier [0x0051A813+48355]
	(No symbol) [0x004AC4B1]
	(No symbol) [0x003B5358]
	(No symbol) [0x003E09A5]
	(No symbol) [0x003E0B3B]
	(No symbol) [0x003D9AE1]
	(No symbol) [0x003FA784]
	(No symbol) [0x003D9A36]
	(No symbol) [0x003FAA94]
	(No symbol) [0x0040C922]
	(No symbol) [0x003FA536]
	(No symbol) [0x003D82DC]
	(No symbol) [0x003D93DD]
	GetHandleVerifier [0x0077AABD+2539405]
	GetHandleVerifier [0x007BA78F+2800735]
	GetHandleVerifier [0x007B456C+2775612]
	GetHandleVerifier [0x005A51E0+616112]
	(No symbol) [0x004B5F8C]
	(No symbol) [0x004B2328]
	(No symbol) [0x004B240B]
	(No symbol) [0x004A4FF7]
	BaseThreadInitThunk [0x757A7D59+25]
	RtlInitializeExceptionChain [0x7760B79B+107]
	RtlClearBits [0x7760B71F+191]

2023-08-06 00:02:05,424 - WARNING - E5GetMatchsStats.execute() - GetMatchsStats.get_matchs_stats() : E5SeleniumWebdriverError.ERROR_TYPE_GET_MATCHS_FAILED : Message: no such element: Unable to locate element: {"method":"css selector","selector":"th a"}
  (Session info: chrome=115.0.5790.170); For documentation on this error, please visit: https://www.selenium.dev/documentation/webdriver/troubleshooting/errors#no-such-element-exception
Stacktrace:
Backtrace:
	GetHandleVerifier [0x0051A813+48355]
	(No symbol) [0x004AC4B1]
	(No symbol) [0x003B5358]
	(No symbol) [0x003E09A5]
	(No symbol) [0x003E0B3B]
	(No symbol) [0x003D9AE1]
	(No symbol) [0x003FA784]
	(No symbol) [0x003D9A36]
	(No symbol) [0x003FAA94]
	(No symbol) [0x0040C922]
	(No symbol) [0x003FA536]
	(No symbol) [0x003D82DC]
	(No symbol) [0x003D93DD]
	GetHandleVerifier [0x0077AABD+2539405]
	GetHandleVerifier [0x007BA78F+2800735]
	GetHandleVerifier [0x007B456C+2775612]
	GetHandleVerifier [0x005A51E0+616112]
	(No symbol) [0x004B5F8C]
	(No symbol) [0x004B2328]
	(No symbol) [0x004B240B]
	(No symbol) [0x004A4FF7]
	BaseThreadInitThunk [0x757A7D59+25]
	RtlInitializeExceptionChain [0x7760B79B+107]
	RtlClearBits [0x7760B71F+191]

2023-08-06 00:02:18,585 - WARNING - E5GetMatchsStats.execute() - GetMatchsStats.get_matchs_stats() : E5SeleniumWebdriverError.ERROR_TYPE_GET_MATCHS_FAILED : Message: no such element: Unable to locate element: {"method":"css selector","selector":"th a"}
  (Session info: chrome=115.0.5790.170); For documentation on this error, please visit: https://www.selenium.dev/documentation/webdriver/troubleshooting/errors#no-such-element-exception
Stacktrace:
Backtrace:
	GetHandleVerifier [0x0051A813+48355]
	(No symbol) [0x004AC4B1]
	(No symbol) [0x003B5358]
	(No symbol) [0x003E09A5]
	(No symbol) [0x003E0B3B]
	(No symbol) [0x003D9AE1]
	(No symbol) [0x003FA784]
	(No symbol) [0x003D9A36]
	(No symbol) [0x003FAA94]
	(No symbol) [0x0040C922]
	(No symbol) [0x003FA536]
	(No symbol) [0x003D82DC]
	(No symbol) [0x003D93DD]
	GetHandleVerifier [0x0077AABD+2539405]
	GetHandleVerifier [0x007BA78F+2800735]
	GetHandleVerifier [0x007B456C+2775612]
	GetHandleVerifier [0x005A51E0+616112]
	(No symbol) [0x004B5F8C]
	(No symbol) [0x004B2328]
	(No symbol) [0x004B240B]
	(No symbol) [0x004A4FF7]
	BaseThreadInitThunk [0x757A7D59+25]
	RtlInitializeExceptionChain [0x7760B79B+107]
	RtlClearBits [0x7760B71F+191]

2023-08-06 00:02:33,564 - WARNING - E5GetMatchsStats.execute() - GetMatchsStats.get_matchs_stats() : E5SeleniumWebdriverError.ERROR_TYPE_GET_MATCHS_FAILED : Message: no such element: Unable to locate element: {"method":"css selector","selector":"th a"}
  (Session info: chrome=115.0.5790.170); For documentation on this error, please visit: https://www.selenium.dev/documentation/webdriver/troubleshooting/errors#no-such-element-exception
Stacktrace:
Backtrace:
	GetHandleVerifier [0x0051A813+48355]
	(No symbol) [0x004AC4B1]
	(No symbol) [0x003B5358]
	(No symbol) [0x003E09A5]
	(No symbol) [0x003E0B3B]
	(No symbol) [0x003D9AE1]
	(No symbol) [0x003FA784]
	(No symbol) [0x003D9A36]
	(No symbol) [0x003FAA94]
	(No symbol) [0x0040C922]
	(No symbol) [0x003FA536]
	(No symbol) [0x003D82DC]
	(No symbol) [0x003D93DD]
	GetHandleVerifier [0x0077AABD+2539405]
	GetHandleVerifier [0x007BA78F+2800735]
	GetHandleVerifier [0x007B456C+2775612]
	GetHandleVerifier [0x005A51E0+616112]
	(No symbol) [0x004B5F8C]
	(No symbol) [0x004B2328]
	(No symbol) [0x004B240B]
	(No symbol) [0x004A4FF7]
	BaseThreadInitThunk [0x757A7D59+25]
	RtlInitializeExceptionChain [0x7760B79B+107]
	RtlClearBits [0x7760B71F+191]

2023-08-06 00:02:35,791 - INFO - 2023-08-06 00:02:35.785366 : E5GetMatchsStats end -----
